ISim log file
Running: D:\my files\course\projects\RS_encoder\VHDL\RS_encoder\TESTBENCH_isim_beh.exe -intstyle ise -gui -tclbatch isim.cmd -wdb D:/my files/course/projects/RS_encoder/VHDL/RS_encoder/TESTBENCH_isim_beh.wdb 
ISim P.20131013 (signature 0x7708f090)
This is a Full version of ISim.
Time resolution is 1 ps
# onerror resume
# wave add /
# run 1000 ns
Simulator is doing circuit initialization process.
Finished circuit initialization process.
# restart
# run all
Simulator is doing circuit initialization process.
Finished circuit initialization process.
at 2495 ns: Error: already at the end of file, nothing to read
at 2495 ns: Error: Textio read:: called on empty string or line
at 2495 ns: Error: READ(STD_ULOGIC_VECTOR) Error: Character '?' read, expected STD_ULOGIC literal.
at 2505 ns: Error: already at the end of file, nothing to read
at 2505 ns: Error: Textio read:: called on empty string or line
at 2505 ns: Error: READ(STD_ULOGIC_VECTOR) Error: Character '?' read, expected STD_ULOGIC literal.
at 2515 ns: Error: already at the end of file, nothing to read
at 2515 ns: Error: Textio read:: called on empty string or line
at 2515 ns: Error: READ(STD_ULOGIC_VECTOR) Error: Character '?' read, expected STD_ULOGIC literal.
at 2525 ns: Error: already at the end of file, nothing to read
at 2525 ns: Error: Textio read:: called on empty string or line
at 2525 ns: Error: READ(STD_ULOGIC_VECTOR) Error: Character '?' read, expected STD_ULOGIC literal.
at 2535 ns: Error: already at the end of file, nothing to read
at 2535 ns: Error: Textio read:: called on empty string or line
at 2535 ns: Error: READ(STD_ULOGIC_VECTOR) Error: Character '?' read, expected STD_ULOGIC literal.
at 2545 ns: Error: already at the end of file, nothing to read
at 2545 ns: Error: Textio read:: called on empty string or line
at 2545 ns: Error: READ(STD_ULOGIC_VECTOR) Error: Character '?' read, expected STD_ULOGIC literal.
at 2555 ns: Error: already at the end of file, nothing to read
at 2555 ns: Error: Textio read:: called on empty string or line
at 2555 ns: Error: READ(STD_ULOGIC_VECTOR) Error: Character '?' read, expected STD_ULOGIC literal.
at 2565 ns: Error: already at the end of file, nothing to read
at 2565 ns: Error: Textio read:: called on empty string or line
at 2565 ns: Error: READ(STD_ULOGIC_VECTOR) Error: Character '?' read, expected STD_ULOGIC literal.
at 2575 ns: Error: already at the end of file, nothing to read
at 2575 ns: Error: Textio read:: called on empty string or line
at 2575 ns: Error: READ(STD_ULOGIC_VECTOR) Error: Character '?' read, expected STD_ULOGIC literal.
at 2585 ns: Error: already at the end of file, nothing to read
at 2585 ns: Error: Textio read:: called on empty string or line
at 2585 ns: Error: READ(STD_ULOGIC_VECTOR) Error: Character '?' read, expected STD_ULOGIC literal.
at 2595 ns: Error: already at the end of file, nothing to read
at 2595 ns: Error: Textio read:: called on empty string or line
at 2595 ns: Error: READ(STD_ULOGIC_VECTOR) Error: Character '?' read, expected STD_ULOGIC literal.
at 2605 ns: Error: already at the end of file, nothing to read
at 2605 ns: Error: Textio read:: called on empty string or line
at 2605 ns: Error: READ(STD_ULOGIC_VECTOR) Error: Character '?' read, expected STD_ULOGIC literal.
at 2615 ns: Error: already at the end of file, nothing to read
at 2615 ns: Error: Textio read:: called on empty string or line
at 2615 ns: Error: READ(STD_ULOGIC_VECTOR) Error: Character '?' read, expected STD_ULOGIC literal.
at 2625 ns: Error: already at the end of file, nothing to read
at 2625 ns: Error: Textio read:: called on empty string or line
at 2625 ns: Error: READ(STD_ULOGIC_VECTOR) Error: Character '?' read, expected STD_ULOGIC literal.
at 2635 ns: Error: already at the end of file, nothing to read
at 2635 ns: Error: Textio read:: called on empty string or line
at 2635 ns: Error: READ(STD_ULOGIC_VECTOR) Error: Character '?' read, expected STD_ULOGIC literal.
at 2645 ns: Error: already at the end of file, nothing to read
at 2645 ns: Error: Textio read:: called on empty string or line
at 2645 ns: Error: READ(STD_ULOGIC_VECTOR) Error: Character '?' read, expected STD_ULOGIC literal.
at 2655 ns: Error: already at the end of file, nothing to read
at 2655 ns: Error: Textio read:: called on empty string or line
at 2655 ns: Error: READ(STD_ULOGIC_VECTOR) Error: Character '?' read, expected STD_ULOGIC literal.
at 2665 ns(1), Instance /testbench/uut/uut/ : Warning: NUMERIC_STD.TO_INTEGER: metavalue detected, returning 0
at 2675 ns(1), Instance /testbench/uut/uut/ : Warning: NUMERIC_STD.TO_INTEGER: metavalue detected, returning 0
at 2685 ns(1), Instance /testbench/uut/uut/ : Warning: NUMERIC_STD.TO_INTEGER: metavalue detected, returning 0
at 2695 ns(1), Instance /testbench/uut/uut/ : Warning: NUMERIC_STD.TO_INTEGER: metavalue detected, returning 0
at 2705 ns(1), Instance /testbench/uut/uut/ : Warning: NUMERIC_STD.TO_INTEGER: metavalue detected, returning 0
at 2715 ns(1), Instance /testbench/uut/uut/ : Warning: NUMERIC_STD.TO_INTEGER: metavalue detected, returning 0
at 2725 ns(1), Instance /testbench/uut/uut/ : Warning: NUMERIC_STD.TO_INTEGER: metavalue detected, returning 0
at 2735 ns(1), Instance /testbench/uut/uut/ : Warning: NUMERIC_STD.TO_INTEGER: metavalue detected, returning 0
at 2745 ns(1), Instance /testbench/uut/uut/ : Warning: NUMERIC_STD.TO_INTEGER: metavalue detected, returning 0
at 2755 ns(1), Instance /testbench/uut/uut/ : Warning: NUMERIC_STD.TO_INTEGER: metavalue detected, returning 0
at 2765 ns(1), Instance /testbench/uut/uut/ : Warning: NUMERIC_STD.TO_INTEGER: metavalue detected, returning 0
at 2775 ns(1), Instance /testbench/uut/uut/ : Warning: NUMERIC_STD.TO_INTEGER: metavalue detected, returning 0
at 2785 ns(1), Instance /testbench/uut/uut/ : Warning: NUMERIC_STD.TO_INTEGER: metavalue detected, returning 0
at 2795 ns(1), Instance /testbench/uut/uut/ : Warning: NUMERIC_STD.TO_INTEGER: metavalue detected, returning 0
at 2805 ns(1), Instance /testbench/uut/uut/ : Warning: NUMERIC_STD.TO_INTEGER: metavalue detected, returning 0
at 2815 ns(1), Instance /testbench/uut/uut/ : Warning: NUMERIC_STD.TO_INTEGER: metavalue detected, returning 0
at 2825 ns(1), Instance /testbench/uut/uut/ : Warning: NUMERIC_STD.TO_INTEGER: metavalue detected, returning 0
at 2835 ns(1), Instance /testbench/uut/uut/ : Warning: NUMERIC_STD.TO_INTEGER: metavalue detected, returning 0
at 2845 ns(1), Instance /testbench/uut/uut/ : Warning: NUMERIC_STD.TO_INTEGER: metavalue detected, returning 0
at 2855 ns(1), Instance /testbench/uut/uut/ : Warning: NUMERIC_STD.TO_INTEGER: metavalue detected, returning 0
at 2865 ns(1), Instance /testbench/uut/uut/ : Warning: NUMERIC_STD.TO_INTEGER: metavalue detected, returning 0
at 2875 ns(1), Instance /testbench/uut/uut/ : Warning: NUMERIC_STD.TO_INTEGER: metavalue detected, returning 0
at 2885 ns(1), Instance /testbench/uut/uut/ : Warning: NUMERIC_STD.TO_INTEGER: metavalue detected, returning 0
at 2895 ns(1), Instance /testbench/uut/uut/ : Warning: NUMERIC_STD.TO_INTEGER: metavalue detected, returning 0
at 2905 ns(1), Instance /testbench/uut/uut/ : Warning: NUMERIC_STD.TO_INTEGER: metavalue detected, returning 0
at 2915 ns(1), Instance /testbench/uut/uut/ : Warning: NUMERIC_STD.TO_INTEGER: metavalue detected, returning 0
at 2925 ns(1), Instance /testbench/uut/uut/ : Warning: NUMERIC_STD.TO_INTEGER: metavalue detected, returning 0
at 2935 ns(1), Instance /testbench/uut/uut/ : Warning: NUMERIC_STD.TO_INTEGER: metavalue detected, returning 0
at 2945 ns(1), Instance /testbench/uut/uut/ : Warning: NUMERIC_STD.TO_INTEGER: metavalue detected, returning 0
at 2955 ns(1), Instance /testbench/uut/uut/ : Warning: NUMERIC_STD.TO_INTEGER: metavalue detected, returning 0
at 2965 ns(1), Instance /testbench/uut/uut/ : Warning: NUMERIC_STD.TO_INTEGER: metavalue detected, returning 0
at 2975 ns(1), Instance /testbench/uut/uut/ : Warning: NUMERIC_STD.TO_INTEGER: metavalue detected, returning 0
at 2985 ns(1), Instance /testbench/uut/uut/ : Warning: NUMERIC_STD.TO_INTEGER: metavalue detected, returning 0
at 2995 ns(1), Instance /testbench/uut/uut/ : Warning: NUMERIC_STD.TO_INTEGER: metavalue detected, returning 0
at 3005 ns(1), Instance /testbench/uut/uut/ : Warning: NUMERIC_STD.TO_INTEGER: metavalue detected, returning 0
at 3015 ns(1), Instance /testbench/uut/uut/ : Warning: NUMERIC_STD.TO_INTEGER: metavalue detected, returning 0
at 3025 ns(1), Instance /testbench/uut/uut/ : Warning: NUMERIC_STD.TO_INTEGER: metavalue detected, returning 0
at 3035 ns(1), Instance /testbench/uut/uut/ : Warning: NUMERIC_STD.TO_INTEGER: metavalue detected, returning 0
at 3045 ns(1), Instance /testbench/uut/uut/ : Warning: NUMERIC_STD.TO_INTEGER: metavalue detected, returning 0
at 3055 ns(1), Instance /testbench/uut/uut/ : Warning: NUMERIC_STD.TO_INTEGER: metavalue detected, returning 0
at 3065 ns(1), Instance /testbench/uut/uut/ : Warning: NUMERIC_STD.TO_INTEGER: metavalue detected, returning 0
at 3075 ns(1), Instance /testbench/uut/uut/ : Warning: NUMERIC_STD.TO_INTEGER: metavalue detected, returning 0
at 3085 ns(1), Instance /testbench/uut/uut/ : Warning: NUMERIC_STD.TO_INTEGER: metavalue detected, returning 0
at 3095 ns(1), Instance /testbench/uut/uut/ : Warning: NUMERIC_STD.TO_INTEGER: metavalue detected, returning 0
at 3105 ns(1), Instance /testbench/uut/uut/ : Warning: NUMERIC_STD.TO_INTEGER: metavalue detected, returning 0
at 3115 ns(1), Instance /testbench/uut/uut/ : Warning: NUMERIC_STD.TO_INTEGER: metavalue detected, returning 0
at 3125 ns(1), Instance /testbench/uut/uut/ : Warning: NUMERIC_STD.TO_INTEGER: metavalue detected, returning 0
at 3135 ns(1), Instance /testbench/uut/uut/ : Warning: NUMERIC_STD.TO_INTEGER: metavalue detected, returning 0
at 3145 ns(1), Instance /testbench/uut/uut/ : Warning: NUMERIC_STD.TO_INTEGER: metavalue detected, returning 0
at 3155 ns(1), Instance /testbench/uut/uut/ : Warning: NUMERIC_STD.TO_INTEGER: metavalue detected, returning 0
at 3165 ns(1), Instance /testbench/uut/uut/ : Warning: NUMERIC_STD.TO_INTEGER: metavalue detected, returning 0
at 3175 ns(1), Instance /testbench/uut/uut/ : Warning: NUMERIC_STD.TO_INTEGER: metavalue detected, returning 0
at 3185 ns(1), Instance /testbench/uut/uut/ : Warning: NUMERIC_STD.TO_INTEGER: metavalue detected, returning 0
at 3195 ns(1), Instance /testbench/uut/uut/ : Warning: NUMERIC_STD.TO_INTEGER: metavalue detected, returning 0
at 3205 ns(1), Instance /testbench/uut/uut/ : Warning: NUMERIC_STD.TO_INTEGER: metavalue detected, returning 0
at 3215 ns(1), Instance /testbench/uut/uut/ : Warning: NUMERIC_STD.TO_INTEGER: metavalue detected, returning 0
at 3225 ns(1), Instance /testbench/uut/uut/ : Warning: NUMERIC_STD.TO_INTEGER: metavalue detected, returning 0
at 3235 ns(1), Instance /testbench/uut/uut/ : Warning: NUMERIC_STD.TO_INTEGER: metavalue detected, returning 0
at 3245 ns(1), Instance /testbench/uut/uut/ : Warning: NUMERIC_STD.TO_INTEGER: metavalue detected, returning 0
at 3255 ns(1), Instance /testbench/uut/uut/ : Warning: NUMERIC_STD.TO_INTEGER: metavalue detected, returning 0
at 3265 ns(1), Instance /testbench/uut/uut/ : Warning: NUMERIC_STD.TO_INTEGER: metavalue detected, returning 0
at 3275 ns(1), Instance /testbench/uut/uut/ : Warning: NUMERIC_STD.TO_INTEGER: metavalue detected, returning 0
at 3285 ns(1), Instance /testbench/uut/uut/ : Warning: NUMERIC_STD.TO_INTEGER: metavalue detected, returning 0
at 3295 ns(1), Instance /testbench/uut/uut/ : Warning: NUMERIC_STD.TO_INTEGER: metavalue detected, returning 0
at 3305 ns(1), Instance /testbench/uut/uut/ : Warning: NUMERIC_STD.TO_INTEGER: metavalue detected, returning 0
at 3315 ns(1), Instance /testbench/uut/uut/ : Warning: NUMERIC_STD.TO_INTEGER: metavalue detected, returning 0
at 3325 ns(1), Instance /testbench/uut/uut/ : Warning: NUMERIC_STD.TO_INTEGER: metavalue detected, returning 0
at 3335 ns(1), Instance /testbench/uut/uut/ : Warning: NUMERIC_STD.TO_INTEGER: metavalue detected, returning 0
at 3345 ns(1), Instance /testbench/uut/uut/ : Warning: NUMERIC_STD.TO_INTEGER: metavalue detected, returning 0
at 3355 ns(1), Instance /testbench/uut/uut/ : Warning: NUMERIC_STD.TO_INTEGER: metavalue detected, returning 0
at 3365 ns(1), Instance /testbench/uut/uut/ : Warning: NUMERIC_STD.TO_INTEGER: metavalue detected, returning 0
at 3375 ns(1), Instance /testbench/uut/uut/ : Warning: NUMERIC_STD.TO_INTEGER: metavalue detected, returning 0
at 3385 ns(1), Instance /testbench/uut/uut/ : Warning: NUMERIC_STD.TO_INTEGER: metavalue detected, returning 0
at 3395 ns(1), Instance /testbench/uut/uut/ : Warning: NUMERIC_STD.TO_INTEGER: metavalue detected, returning 0
at 3405 ns(1), Instance /testbench/uut/uut/ : Warning: NUMERIC_STD.TO_INTEGER: metavalue detected, returning 0
at 3415 ns(1), Instance /testbench/uut/uut/ : Warning: NUMERIC_STD.TO_INTEGER: metavalue detected, returning 0
at 3425 ns(1), Instance /testbench/uut/uut/ : Warning: NUMERIC_STD.TO_INTEGER: metavalue detected, returning 0
at 3435 ns(1), Instance /testbench/uut/uut/ : Warning: NUMERIC_STD.TO_INTEGER: metavalue detected, returning 0
at 3445 ns(1), Instance /testbench/uut/uut/ : Warning: NUMERIC_STD.TO_INTEGER: metavalue detected, returning 0
at 3455 ns(1), Instance /testbench/uut/uut/ : Warning: NUMERIC_STD.TO_INTEGER: metavalue detected, returning 0
at 3465 ns(1), Instance /testbench/uut/uut/ : Warning: NUMERIC_STD.TO_INTEGER: metavalue detected, returning 0
at 3475 ns(1), Instance /testbench/uut/uut/ : Warning: NUMERIC_STD.TO_INTEGER: metavalue detected, returning 0
at 3485 ns(1), Instance /testbench/uut/uut/ : Warning: NUMERIC_STD.TO_INTEGER: metavalue detected, returning 0
at 3495 ns(1), Instance /testbench/uut/uut/ : Warning: NUMERIC_STD.TO_INTEGER: metavalue detected, returning 0
at 3505 ns(1), Instance /testbench/uut/uut/ : Warning: NUMERIC_STD.TO_INTEGER: metavalue detected, returning 0
at 3515 ns(1), Instance /testbench/uut/uut/ : Warning: NUMERIC_STD.TO_INTEGER: metavalue detected, returning 0
at 3525 ns(1), Instance /testbench/uut/uut/ : Warning: NUMERIC_STD.TO_INTEGER: metavalue detected, returning 0
at 3535 ns(1), Instance /testbench/uut/uut/ : Warning: NUMERIC_STD.TO_INTEGER: metavalue detected, returning 0
at 3545 ns(1), Instance /testbench/uut/uut/ : Warning: NUMERIC_STD.TO_INTEGER: metavalue detected, returning 0
at 3555 ns(1), Instance /testbench/uut/uut/ : Warning: NUMERIC_STD.TO_INTEGER: metavalue detected, returning 0
at 3565 ns(1), Instance /testbench/uut/uut/ : Warning: NUMERIC_STD.TO_INTEGER: metavalue detected, returning 0
at 3575 ns(1), Instance /testbench/uut/uut/ : Warning: NUMERIC_STD.TO_INTEGER: metavalue detected, returning 0
at 3585 ns(1), Instance /testbench/uut/uut/ : Warning: NUMERIC_STD.TO_INTEGER: metavalue detected, returning 0
at 3595 ns(1), Instance /testbench/uut/uut/ : Warning: NUMERIC_STD.TO_INTEGER: metavalue detected, returning 0
at 3605 ns(1), Instance /testbench/uut/uut/ : Warning: NUMERIC_STD.TO_INTEGER: metavalue detected, returning 0
at 3615 ns(1), Instance /testbench/uut/uut/ : Warning: NUMERIC_STD.TO_INTEGER: metavalue detected, returning 0
at 3625 ns(1), Instance /testbench/uut/uut/ : Warning: NUMERIC_STD.TO_INTEGER: metavalue detected, returning 0
at 3635 ns(1), Instance /testbench/uut/uut/ : Warning: NUMERIC_STD.TO_INTEGER: metavalue detected, returning 0
at 3645 ns(1), Instance /testbench/uut/uut/ : Warning: NUMERIC_STD.TO_INTEGER: metavalue detected, returning 0
at 3655 ns(1), Instance /testbench/uut/uut/ : Warning: NUMERIC_STD.TO_INTEGER: metavalue detected, returning 0
at 3665 ns(1), Instance /testbench/uut/uut/ : Warning: NUMERIC_STD.TO_INTEGER: metavalue detected, returning 0
at 3675 ns(1), Instance /testbench/uut/uut/ : Warning: NUMERIC_STD.TO_INTEGER: metavalue detected, returning 0
at 3685 ns(1), Instance /testbench/uut/uut/ : Warning: NUMERIC_STD.TO_INTEGER: metavalue detected, returning 0
at 3695 ns(1), Instance /testbench/uut/uut/ : Warning: NUMERIC_STD.TO_INTEGER: metavalue detected, returning 0
at 3705 ns(1), Instance /testbench/uut/uut/ : Warning: NUMERIC_STD.TO_INTEGER: metavalue detected, returning 0
at 3715 ns(1), Instance /testbench/uut/uut/ : Warning: NUMERIC_STD.TO_INTEGER: metavalue detected, returning 0
at 3725 ns(1), Instance /testbench/uut/uut/ : Warning: NUMERIC_STD.TO_INTEGER: metavalue detected, returning 0
at 3735 ns(1), Instance /testbench/uut/uut/ : Warning: NUMERIC_STD.TO_INTEGER: metavalue detected, returning 0
at 3745 ns(1), Instance /testbench/uut/uut/ : Warning: NUMERIC_STD.TO_INTEGER: metavalue detected, returning 0
at 3755 ns(1), Instance /testbench/uut/uut/ : Warning: NUMERIC_STD.TO_INTEGER: metavalue detected, returning 0
at 3765 ns(1), Instance /testbench/uut/uut/ : Warning: NUMERIC_STD.TO_INTEGER: metavalue detected, returning 0
at 3775 ns(1), Instance /testbench/uut/uut/ : Warning: NUMERIC_STD.TO_INTEGER: metavalue detected, returning 0
at 3785 ns(1), Instance /testbench/uut/uut/ : Warning: NUMERIC_STD.TO_INTEGER: metavalue detected, returning 0
at 3795 ns(1), Instance /testbench/uut/uut/ : Warning: NUMERIC_STD.TO_INTEGER: metavalue detected, returning 0
at 3805 ns(1), Instance /testbench/uut/uut/ : Warning: NUMERIC_STD.TO_INTEGER: metavalue detected, returning 0
at 3815 ns(1), Instance /testbench/uut/uut/ : Warning: NUMERIC_STD.TO_INTEGER: metavalue detected, returning 0
at 3825 ns(1), Instance /testbench/uut/uut/ : Warning: NUMERIC_STD.TO_INTEGER: metavalue detected, returning 0
at 3835 ns(1), Instance /testbench/uut/uut/ : Warning: NUMERIC_STD.TO_INTEGER: metavalue detected, returning 0
at 3845 ns(1), Instance /testbench/uut/uut/ : Warning: NUMERIC_STD.TO_INTEGER: metavalue detected, returning 0
at 3855 ns(1), Instance /testbench/uut/uut/ : Warning: NUMERIC_STD.TO_INTEGER: metavalue detected, returning 0
at 3865 ns(1), Instance /testbench/uut/uut/ : Warning: NUMERIC_STD.TO_INTEGER: metavalue detected, returning 0
at 3875 ns(1), Instance /testbench/uut/uut/ : Warning: NUMERIC_STD.TO_INTEGER: metavalue detected, returning 0
at 3885 ns(1), Instance /testbench/uut/uut/ : Warning: NUMERIC_STD.TO_INTEGER: metavalue detected, returning 0
at 3895 ns(1), Instance /testbench/uut/uut/ : Warning: NUMERIC_STD.TO_INTEGER: metavalue detected, returning 0
at 3905 ns(1), Instance /testbench/uut/uut/ : Warning: NUMERIC_STD.TO_INTEGER: metavalue detected, returning 0
at 3915 ns(1), Instance /testbench/uut/uut/ : Warning: NUMERIC_STD.TO_INTEGER: metavalue detected, returning 0
at 3925 ns(1), Instance /testbench/uut/uut/ : Warning: NUMERIC_STD.TO_INTEGER: metavalue detected, returning 0
at 3935 ns(1), Instance /testbench/uut/uut/ : Warning: NUMERIC_STD.TO_INTEGER: metavalue detected, returning 0
at 3945 ns(1), Instance /testbench/uut/uut/ : Warning: NUMERIC_STD.TO_INTEGER: metavalue detected, returning 0
at 3955 ns(1), Instance /testbench/uut/uut/ : Warning: NUMERIC_STD.TO_INTEGER: metavalue detected, returning 0
at 3965 ns(1), Instance /testbench/uut/uut/ : Warning: NUMERIC_STD.TO_INTEGER: metavalue detected, returning 0
at 3975 ns(1), Instance /testbench/uut/uut/ : Warning: NUMERIC_STD.TO_INTEGER: metavalue detected, returning 0
at 3985 ns(1), Instance /testbench/uut/uut/ : Warning: NUMERIC_STD.TO_INTEGER: metavalue detected, returning 0
at 3995 ns(1), Instance /testbench/uut/uut/ : Warning: NUMERIC_STD.TO_INTEGER: metavalue detected, returning 0
at 4005 ns(1), Instance /testbench/uut/uut/ : Warning: NUMERIC_STD.TO_INTEGER: metavalue detected, returning 0
at 4015 ns(1), Instance /testbench/uut/uut/ : Warning: NUMERIC_STD.TO_INTEGER: metavalue detected, returning 0
at 4025 ns(1), Instance /testbench/uut/uut/ : Warning: NUMERIC_STD.TO_INTEGER: metavalue detected, returning 0
at 4035 ns(1), Instance /testbench/uut/uut/ : Warning: NUMERIC_STD.TO_INTEGER: metavalue detected, returning 0
at 4045 ns(1), Instance /testbench/uut/uut/ : Warning: NUMERIC_STD.TO_INTEGER: metavalue detected, returning 0
at 4055 ns(1), Instance /testbench/uut/uut/ : Warning: NUMERIC_STD.TO_INTEGER: metavalue detected, returning 0
at 4065 ns(1), Instance /testbench/uut/uut/ : Warning: NUMERIC_STD.TO_INTEGER: metavalue detected, returning 0
at 4075 ns(1), Instance /testbench/uut/uut/ : Warning: NUMERIC_STD.TO_INTEGER: metavalue detected, returning 0
at 4085 ns(1), Instance /testbench/uut/uut/ : Warning: NUMERIC_STD.TO_INTEGER: metavalue detected, returning 0
at 4095 ns(1), Instance /testbench/uut/uut/ : Warning: NUMERIC_STD.TO_INTEGER: metavalue detected, returning 0
at 4105 ns(1), Instance /testbench/uut/uut/ : Warning: NUMERIC_STD.TO_INTEGER: metavalue detected, returning 0
at 4115 ns(1), Instance /testbench/uut/uut/ : Warning: NUMERIC_STD.TO_INTEGER: metavalue detected, returning 0
at 4125 ns(1), Instance /testbench/uut/uut/ : Warning: NUMERIC_STD.TO_INTEGER: metavalue detected, returning 0
at 4135 ns(1), Instance /testbench/uut/uut/ : Warning: NUMERIC_STD.TO_INTEGER: metavalue detected, returning 0
at 4145 ns(1), Instance /testbench/uut/uut/ : Warning: NUMERIC_STD.TO_INTEGER: metavalue detected, returning 0
at 4155 ns(1), Instance /testbench/uut/uut/ : Warning: NUMERIC_STD.TO_INTEGER: metavalue detected, returning 0
at 4165 ns(1), Instance /testbench/uut/uut/ : Warning: NUMERIC_STD.TO_INTEGER: metavalue detected, returning 0
at 4175 ns(1), Instance /testbench/uut/uut/ : Warning: NUMERIC_STD.TO_INTEGER: metavalue detected, returning 0
at 4185 ns(1), Instance /testbench/uut/uut/ : Warning: NUMERIC_STD.TO_INTEGER: metavalue detected, returning 0
at 4195 ns(1), Instance /testbench/uut/uut/ : Warning: NUMERIC_STD.TO_INTEGER: metavalue detected, returning 0
at 4205 ns(1), Instance /testbench/uut/uut/ : Warning: NUMERIC_STD.TO_INTEGER: metavalue detected, returning 0
at 4215 ns(1), Instance /testbench/uut/uut/ : Warning: NUMERIC_STD.TO_INTEGER: metavalue detected, returning 0
at 4225 ns(1), Instance /testbench/uut/uut/ : Warning: NUMERIC_STD.TO_INTEGER: metavalue detected, returning 0
at 4235 ns(1), Instance /testbench/uut/uut/ : Warning: NUMERIC_STD.TO_INTEGER: metavalue detected, returning 0
at 4245 ns(1), Instance /testbench/uut/uut/ : Warning: NUMERIC_STD.TO_INTEGER: metavalue detected, returning 0
at 4255 ns(1), Instance /testbench/uut/uut/ : Warning: NUMERIC_STD.TO_INTEGER: metavalue detected, returning 0
at 4265 ns(1), Instance /testbench/uut/uut/ : Warning: NUMERIC_STD.TO_INTEGER: metavalue detected, returning 0
at 4275 ns(1), Instance /testbench/uut/uut/ : Warning: NUMERIC_STD.TO_INTEGER: metavalue detected, returning 0
at 4285 ns(1), Instance /testbench/uut/uut/ : Warning: NUMERIC_STD.TO_INTEGER: metavalue detected, returning 0
at 4295 ns(1), Instance /testbench/uut/uut/ : Warning: NUMERIC_STD.TO_INTEGER: metavalue detected, returning 0
at 4305 ns(1), Instance /testbench/uut/uut/ : Warning: NUMERIC_STD.TO_INTEGER: metavalue detected, returning 0
at 4315 ns(1), Instance /testbench/uut/uut/ : Warning: NUMERIC_STD.TO_INTEGER: metavalue detected, returning 0
at 4325 ns(1), Instance /testbench/uut/uut/ : Warning: NUMERIC_STD.TO_INTEGER: metavalue detected, returning 0
at 4335 ns(1), Instance /testbench/uut/uut/ : Warning: NUMERIC_STD.TO_INTEGER: metavalue detected, returning 0
at 4345 ns(1), Instance /testbench/uut/uut/ : Warning: NUMERIC_STD.TO_INTEGER: metavalue detected, returning 0
at 4355 ns(1), Instance /testbench/uut/uut/ : Warning: NUMERIC_STD.TO_INTEGER: metavalue detected, returning 0
at 4365 ns(1), Instance /testbench/uut/uut/ : Warning: NUMERIC_STD.TO_INTEGER: metavalue detected, returning 0
at 4375 ns(1), Instance /testbench/uut/uut/ : Warning: NUMERIC_STD.TO_INTEGER: metavalue detected, returning 0
at 4385 ns(1), Instance /testbench/uut/uut/ : Warning: NUMERIC_STD.TO_INTEGER: metavalue detected, returning 0
at 4395 ns(1), Instance /testbench/uut/uut/ : Warning: NUMERIC_STD.TO_INTEGER: metavalue detected, returning 0
at 4405 ns(1), Instance /testbench/uut/uut/ : Warning: NUMERIC_STD.TO_INTEGER: metavalue detected, returning 0
at 4415 ns(1), Instance /testbench/uut/uut/ : Warning: NUMERIC_STD.TO_INTEGER: metavalue detected, returning 0
at 4425 ns(1), Instance /testbench/uut/uut/ : Warning: NUMERIC_STD.TO_INTEGER: metavalue detected, returning 0
at 4435 ns(1), Instance /testbench/uut/uut/ : Warning: NUMERIC_STD.TO_INTEGER: metavalue detected, returning 0
at 4445 ns(1), Instance /testbench/uut/uut/ : Warning: NUMERIC_STD.TO_INTEGER: metavalue detected, returning 0
at 4455 ns(1), Instance /testbench/uut/uut/ : Warning: NUMERIC_STD.TO_INTEGER: metavalue detected, returning 0
at 4465 ns(1), Instance /testbench/uut/uut/ : Warning: NUMERIC_STD.TO_INTEGER: metavalue detected, returning 0
at 4475 ns(1), Instance /testbench/uut/uut/ : Warning: NUMERIC_STD.TO_INTEGER: metavalue detected, returning 0
at 4485 ns(1), Instance /testbench/uut/uut/ : Warning: NUMERIC_STD.TO_INTEGER: metavalue detected, returning 0
at 4495 ns(1), Instance /testbench/uut/uut/ : Warning: NUMERIC_STD.TO_INTEGER: metavalue detected, returning 0
at 4505 ns(1), Instance /testbench/uut/uut/ : Warning: NUMERIC_STD.TO_INTEGER: metavalue detected, returning 0
at 4515 ns(1), Instance /testbench/uut/uut/ : Warning: NUMERIC_STD.TO_INTEGER: metavalue detected, returning 0
at 4525 ns(1), Instance /testbench/uut/uut/ : Warning: NUMERIC_STD.TO_INTEGER: metavalue detected, returning 0
at 4535 ns(1), Instance /testbench/uut/uut/ : Warning: NUMERIC_STD.TO_INTEGER: metavalue detected, returning 0
at 4545 ns(1), Instance /testbench/uut/uut/ : Warning: NUMERIC_STD.TO_INTEGER: metavalue detected, returning 0
at 4555 ns(1), Instance /testbench/uut/uut/ : Warning: NUMERIC_STD.TO_INTEGER: metavalue detected, returning 0
at 4565 ns(1), Instance /testbench/uut/uut/ : Warning: NUMERIC_STD.TO_INTEGER: metavalue detected, returning 0
at 4575 ns(1), Instance /testbench/uut/uut/ : Warning: NUMERIC_STD.TO_INTEGER: metavalue detected, returning 0
at 4585 ns(1), Instance /testbench/uut/uut/ : Warning: NUMERIC_STD.TO_INTEGER: metavalue detected, returning 0
at 4595 ns(1), Instance /testbench/uut/uut/ : Warning: NUMERIC_STD.TO_INTEGER: metavalue detected, returning 0
at 4605 ns(1), Instance /testbench/uut/uut/ : Warning: NUMERIC_STD.TO_INTEGER: metavalue detected, returning 0
at 4615 ns(1), Instance /testbench/uut/uut/ : Warning: NUMERIC_STD.TO_INTEGER: metavalue detected, returning 0
at 4625 ns(1), Instance /testbench/uut/uut/ : Warning: NUMERIC_STD.TO_INTEGER: metavalue detected, returning 0
at 4635 ns(1), Instance /testbench/uut/uut/ : Warning: NUMERIC_STD.TO_INTEGER: metavalue detected, returning 0
at 4645 ns(1), Instance /testbench/uut/uut/ : Warning: NUMERIC_STD.TO_INTEGER: metavalue detected, returning 0
at 4655 ns(1), Instance /testbench/uut/uut/ : Warning: NUMERIC_STD.TO_INTEGER: metavalue detected, returning 0
at 4665 ns(1), Instance /testbench/uut/uut/ : Warning: NUMERIC_STD.TO_INTEGER: metavalue detected, returning 0
at 4675 ns(1), Instance /testbench/uut/uut/ : Warning: NUMERIC_STD.TO_INTEGER: metavalue detected, returning 0
at 4685 ns(1), Instance /testbench/uut/uut/ : Warning: NUMERIC_STD.TO_INTEGER: metavalue detected, returning 0
at 4695 ns(1), Instance /testbench/uut/uut/ : Warning: NUMERIC_STD.TO_INTEGER: metavalue detected, returning 0
at 4705 ns(1), Instance /testbench/uut/uut/ : Warning: NUMERIC_STD.TO_INTEGER: metavalue detected, returning 0
at 4715 ns(1), Instance /testbench/uut/uut/ : Warning: NUMERIC_STD.TO_INTEGER: metavalue detected, returning 0
at 4725 ns(1), Instance /testbench/uut/uut/ : Warning: NUMERIC_STD.TO_INTEGER: metavalue detected, returning 0
at 4735 ns(1), Instance /testbench/uut/uut/ : Warning: NUMERIC_STD.TO_INTEGER: metavalue detected, returning 0
at 4745 ns(1), Instance /testbench/uut/uut/ : Warning: NUMERIC_STD.TO_INTEGER: metavalue detected, returning 0
at 4755 ns(1), Instance /testbench/uut/uut/ : Warning: NUMERIC_STD.TO_INTEGER: metavalue detected, returning 0
at 4765 ns(1), Instance /testbench/uut/uut/ : Warning: NUMERIC_STD.TO_INTEGER: metavalue detected, returning 0
at 4775 ns(1), Instance /testbench/uut/uut/ : Warning: NUMERIC_STD.TO_INTEGER: metavalue detected, returning 0
at 4785 ns(1), Instance /testbench/uut/uut/ : Warning: NUMERIC_STD.TO_INTEGER: metavalue detected, returning 0
at 4795 ns(1), Instance /testbench/uut/uut/ : Warning: NUMERIC_STD.TO_INTEGER: metavalue detected, returning 0
at 4805 ns(1), Instance /testbench/uut/uut/ : Warning: NUMERIC_STD.TO_INTEGER: metavalue detected, returning 0
at 4815 ns(1), Instance /testbench/uut/uut/ : Warning: NUMERIC_STD.TO_INTEGER: metavalue detected, returning 0
at 4825 ns(1), Instance /testbench/uut/uut/ : Warning: NUMERIC_STD.TO_INTEGER: metavalue detected, returning 0
at 4835 ns(1), Instance /testbench/uut/uut/ : Warning: NUMERIC_STD.TO_INTEGER: metavalue detected, returning 0
at 4845 ns(1), Instance /testbench/uut/uut/ : Warning: NUMERIC_STD.TO_INTEGER: metavalue detected, returning 0
at 4855 ns(1), Instance /testbench/uut/uut/ : Warning: NUMERIC_STD.TO_INTEGER: metavalue detected, returning 0
at 4865 ns(1), Instance /testbench/uut/uut/ : Warning: NUMERIC_STD.TO_INTEGER: metavalue detected, returning 0
at 4875 ns(1), Instance /testbench/uut/uut/ : Warning: NUMERIC_STD.TO_INTEGER: metavalue detected, returning 0
at 4885 ns(1), Instance /testbench/uut/uut/ : Warning: NUMERIC_STD.TO_INTEGER: metavalue detected, returning 0
at 4895 ns(1), Instance /testbench/uut/uut/ : Warning: NUMERIC_STD.TO_INTEGER: metavalue detected, returning 0
at 4905 ns(1), Instance /testbench/uut/uut/ : Warning: NUMERIC_STD.TO_INTEGER: metavalue detected, returning 0
at 4915 ns(1), Instance /testbench/uut/uut/ : Warning: NUMERIC_STD.TO_INTEGER: metavalue detected, returning 0
at 4925 ns(1), Instance /testbench/uut/uut/ : Warning: NUMERIC_STD.TO_INTEGER: metavalue detected, returning 0
at 4935 ns(1), Instance /testbench/uut/uut/ : Warning: NUMERIC_STD.TO_INTEGER: metavalue detected, returning 0
at 4945 ns(1), Instance /testbench/uut/uut/ : Warning: NUMERIC_STD.TO_INTEGER: metavalue detected, returning 0
at 4955 ns(1), Instance /testbench/uut/uut/ : Warning: NUMERIC_STD.TO_INTEGER: metavalue detected, returning 0
at 4965 ns(1), Instance /testbench/uut/uut/ : Warning: NUMERIC_STD.TO_INTEGER: metavalue detected, returning 0
at 4975 ns(1), Instance /testbench/uut/uut/ : Warning: NUMERIC_STD.TO_INTEGER: metavalue detected, returning 0
at 4985 ns(1), Instance /testbench/uut/uut/ : Warning: NUMERIC_STD.TO_INTEGER: metavalue detected, returning 0
at 4995 ns(1), Instance /testbench/uut/uut/ : Warning: NUMERIC_STD.TO_INTEGER: metavalue detected, returning 0
at 5005 ns(1), Instance /testbench/uut/uut/ : Warning: NUMERIC_STD.TO_INTEGER: metavalue detected, returning 0
at 5015 ns(1), Instance /testbench/uut/uut/ : Warning: NUMERIC_STD.TO_INTEGER: metavalue detected, returning 0
at 5025 ns(1), Instance /testbench/uut/uut/ : Warning: NUMERIC_STD.TO_INTEGER: metavalue detected, returning 0
at 5035 ns(1), Instance /testbench/uut/uut/ : Warning: NUMERIC_STD.TO_INTEGER: metavalue detected, returning 0
at 5045 ns(1), Instance /testbench/uut/uut/ : Warning: NUMERIC_STD.TO_INTEGER: metavalue detected, returning 0
at 5055 ns(1), Instance /testbench/uut/uut/ : Warning: NUMERIC_STD.TO_INTEGER: metavalue detected, returning 0
at 5225 ns(1), Instance /testbench/uut/uut/ : Warning: NUMERIC_STD.TO_INTEGER: metavalue detected, returning 0
at 5235 ns(1), Instance /testbench/uut/uut/ : Warning: NUMERIC_STD.TO_INTEGER: metavalue detected, returning 0
at 5245 ns(1), Instance /testbench/uut/uut/ : Warning: NUMERIC_STD.TO_INTEGER: metavalue detected, returning 0
at 5255 ns(1), Instance /testbench/uut/uut/ : Warning: NUMERIC_STD.TO_INTEGER: metavalue detected, returning 0
at 5265 ns(1), Instance /testbench/uut/uut/ : Warning: NUMERIC_STD.TO_INTEGER: metavalue detected, returning 0
at 5275 ns(1), Instance /testbench/uut/uut/ : Warning: NUMERIC_STD.TO_INTEGER: metavalue detected, returning 0
at 5285 ns(1), Instance /testbench/uut/uut/ : Warning: NUMERIC_STD.TO_INTEGER: metavalue detected, returning 0
at 5295 ns(1), Instance /testbench/uut/uut/ : Warning: NUMERIC_STD.TO_INTEGER: metavalue detected, returning 0
at 5305 ns(1), Instance /testbench/uut/uut/ : Warning: NUMERIC_STD.TO_INTEGER: metavalue detected, returning 0
at 5315 ns(1), Instance /testbench/uut/uut/ : Warning: NUMERIC_STD.TO_INTEGER: metavalue detected, returning 0
at 5325 ns(1), Instance /testbench/uut/uut/ : Warning: NUMERIC_STD.TO_INTEGER: metavalue detected, returning 0
at 5335 ns(1), Instance /testbench/uut/uut/ : Warning: NUMERIC_STD.TO_INTEGER: metavalue detected, returning 0
at 5345 ns(1), Instance /testbench/uut/uut/ : Warning: NUMERIC_STD.TO_INTEGER: metavalue detected, returning 0
at 5355 ns(1), Instance /testbench/uut/uut/ : Warning: NUMERIC_STD.TO_INTEGER: metavalue detected, returning 0
at 5365 ns(1), Instance /testbench/uut/uut/ : Warning: NUMERIC_STD.TO_INTEGER: metavalue detected, returning 0
at 5375 ns(1), Instance /testbench/uut/uut/ : Warning: NUMERIC_STD.TO_INTEGER: metavalue detected, returning 0
at 5385 ns(1), Instance /testbench/uut/uut/ : Warning: NUMERIC_STD.TO_INTEGER: metavalue detected, returning 0
at 5395 ns(1), Instance /testbench/uut/uut/ : Warning: NUMERIC_STD.TO_INTEGER: metavalue detected, returning 0
at 5405 ns(1), Instance /testbench/uut/uut/ : Warning: NUMERIC_STD.TO_INTEGER: metavalue detected, returning 0
at 5415 ns(1), Instance /testbench/uut/uut/ : Warning: NUMERIC_STD.TO_INTEGER: metavalue detected, returning 0
at 5425 ns(1), Instance /testbench/uut/uut/ : Warning: NUMERIC_STD.TO_INTEGER: metavalue detected, returning 0
at 5435 ns(1), Instance /testbench/uut/uut/ : Warning: NUMERIC_STD.TO_INTEGER: metavalue detected, returning 0
at 5445 ns(1), Instance /testbench/uut/uut/ : Warning: NUMERIC_STD.TO_INTEGER: metavalue detected, returning 0
at 5455 ns(1), Instance /testbench/uut/uut/ : Warning: NUMERIC_STD.TO_INTEGER: metavalue detected, returning 0
at 5465 ns(1), Instance /testbench/uut/uut/ : Warning: NUMERIC_STD.TO_INTEGER: metavalue detected, returning 0
at 5475 ns(1), Instance /testbench/uut/uut/ : Warning: NUMERIC_STD.TO_INTEGER: metavalue detected, returning 0
at 5485 ns(1), Instance /testbench/uut/uut/ : Warning: NUMERIC_STD.TO_INTEGER: metavalue detected, returning 0
at 5495 ns(1), Instance /testbench/uut/uut/ : Warning: NUMERIC_STD.TO_INTEGER: metavalue detected, returning 0
at 5505 ns(1), Instance /testbench/uut/uut/ : Warning: NUMERIC_STD.TO_INTEGER: metavalue detected, returning 0
at 5515 ns(1), Instance /testbench/uut/uut/ : Warning: NUMERIC_STD.TO_INTEGER: metavalue detected, returning 0
at 5525 ns(1), Instance /testbench/uut/uut/ : Warning: NUMERIC_STD.TO_INTEGER: metavalue detected, returning 0
at 5535 ns(1), Instance /testbench/uut/uut/ : Warning: NUMERIC_STD.TO_INTEGER: metavalue detected, returning 0
at 5545 ns(1), Instance /testbench/uut/uut/ : Warning: NUMERIC_STD.TO_INTEGER: metavalue detected, returning 0
at 5555 ns(1), Instance /testbench/uut/uut/ : Warning: NUMERIC_STD.TO_INTEGER: metavalue detected, returning 0
at 5565 ns(1), Instance /testbench/uut/uut/ : Warning: NUMERIC_STD.TO_INTEGER: metavalue detected, returning 0
at 5575 ns(1), Instance /testbench/uut/uut/ : Warning: NUMERIC_STD.TO_INTEGER: metavalue detected, returning 0
at 5585 ns(1), Instance /testbench/uut/uut/ : Warning: NUMERIC_STD.TO_INTEGER: metavalue detected, returning 0
at 5595 ns(1), Instance /testbench/uut/uut/ : Warning: NUMERIC_STD.TO_INTEGER: metavalue detected, returning 0
at 5605 ns(1), Instance /testbench/uut/uut/ : Warning: NUMERIC_STD.TO_INTEGER: metavalue detected, returning 0
at 5615 ns(1), Instance /testbench/uut/uut/ : Warning: NUMERIC_STD.TO_INTEGER: metavalue detected, returning 0
at 5625 ns(1), Instance /testbench/uut/uut/ : Warning: NUMERIC_STD.TO_INTEGER: metavalue detected, returning 0
at 5635 ns(1), Instance /testbench/uut/uut/ : Warning: NUMERIC_STD.TO_INTEGER: metavalue detected, returning 0
at 5645 ns(1), Instance /testbench/uut/uut/ : Warning: NUMERIC_STD.TO_INTEGER: metavalue detected, returning 0
at 5655 ns(1), Instance /testbench/uut/uut/ : Warning: NUMERIC_STD.TO_INTEGER: metavalue detected, returning 0
at 5665 ns(1), Instance /testbench/uut/uut/ : Warning: NUMERIC_STD.TO_INTEGER: metavalue detected, returning 0
at 5675 ns(1), Instance /testbench/uut/uut/ : Warning: NUMERIC_STD.TO_INTEGER: metavalue detected, returning 0
at 5685 ns(1), Instance /testbench/uut/uut/ : Warning: NUMERIC_STD.TO_INTEGER: metavalue detected, returning 0
at 5695 ns(1), Instance /testbench/uut/uut/ : Warning: NUMERIC_STD.TO_INTEGER: metavalue detected, returning 0
at 5705 ns(1), Instance /testbench/uut/uut/ : Warning: NUMERIC_STD.TO_INTEGER: metavalue detected, returning 0
at 5715 ns(1), Instance /testbench/uut/uut/ : Warning: NUMERIC_STD.TO_INTEGER: metavalue detected, returning 0
at 5725 ns(1), Instance /testbench/uut/uut/ : Warning: NUMERIC_STD.TO_INTEGER: metavalue detected, returning 0
at 5735 ns(1), Instance /testbench/uut/uut/ : Warning: NUMERIC_STD.TO_INTEGER: metavalue detected, returning 0
at 5745 ns(1), Instance /testbench/uut/uut/ : Warning: NUMERIC_STD.TO_INTEGER: metavalue detected, returning 0
at 5755 ns(1), Instance /testbench/uut/uut/ : Warning: NUMERIC_STD.TO_INTEGER: metavalue detected, returning 0
at 5765 ns(1), Instance /testbench/uut/uut/ : Warning: NUMERIC_STD.TO_INTEGER: metavalue detected, returning 0
at 5775 ns(1), Instance /testbench/uut/uut/ : Warning: NUMERIC_STD.TO_INTEGER: metavalue detected, returning 0
at 5785 ns(1), Instance /testbench/uut/uut/ : Warning: NUMERIC_STD.TO_INTEGER: metavalue detected, returning 0
at 5795 ns(1), Instance /testbench/uut/uut/ : Warning: NUMERIC_STD.TO_INTEGER: metavalue detected, returning 0
at 5805 ns(1), Instance /testbench/uut/uut/ : Warning: NUMERIC_STD.TO_INTEGER: metavalue detected, returning 0
at 5815 ns(1), Instance /testbench/uut/uut/ : Warning: NUMERIC_STD.TO_INTEGER: metavalue detected, returning 0
at 5825 ns(1), Instance /testbench/uut/uut/ : Warning: NUMERIC_STD.TO_INTEGER: metavalue detected, returning 0
at 5835 ns(1), Instance /testbench/uut/uut/ : Warning: NUMERIC_STD.TO_INTEGER: metavalue detected, returning 0
at 5845 ns(1), Instance /testbench/uut/uut/ : Warning: NUMERIC_STD.TO_INTEGER: metavalue detected, returning 0
at 5855 ns(1), Instance /testbench/uut/uut/ : Warning: NUMERIC_STD.TO_INTEGER: metavalue detected, returning 0
at 5865 ns(1), Instance /testbench/uut/uut/ : Warning: NUMERIC_STD.TO_INTEGER: metavalue detected, returning 0
at 5875 ns(1), Instance /testbench/uut/uut/ : Warning: NUMERIC_STD.TO_INTEGER: metavalue detected, returning 0
at 5885 ns(1), Instance /testbench/uut/uut/ : Warning: NUMERIC_STD.TO_INTEGER: metavalue detected, returning 0
at 5895 ns(1), Instance /testbench/uut/uut/ : Warning: NUMERIC_STD.TO_INTEGER: metavalue detected, returning 0
at 5905 ns(1), Instance /testbench/uut/uut/ : Warning: NUMERIC_STD.TO_INTEGER: metavalue detected, returning 0
at 5915 ns(1), Instance /testbench/uut/uut/ : Warning: NUMERIC_STD.TO_INTEGER: metavalue detected, returning 0
at 5925 ns(1), Instance /testbench/uut/uut/ : Warning: NUMERIC_STD.TO_INTEGER: metavalue detected, returning 0
at 5935 ns(1), Instance /testbench/uut/uut/ : Warning: NUMERIC_STD.TO_INTEGER: metavalue detected, returning 0
at 5945 ns(1), Instance /testbench/uut/uut/ : Warning: NUMERIC_STD.TO_INTEGER: metavalue detected, returning 0
at 5955 ns(1), Instance /testbench/uut/uut/ : Warning: NUMERIC_STD.TO_INTEGER: metavalue detected, returning 0
at 5965 ns(1), Instance /testbench/uut/uut/ : Warning: NUMERIC_STD.TO_INTEGER: metavalue detected, returning 0
at 5975 ns(1), Instance /testbench/uut/uut/ : Warning: NUMERIC_STD.TO_INTEGER: metavalue detected, returning 0
at 5985 ns(1), Instance /testbench/uut/uut/ : Warning: NUMERIC_STD.TO_INTEGER: metavalue detected, returning 0
at 5995 ns(1), Instance /testbench/uut/uut/ : Warning: NUMERIC_STD.TO_INTEGER: metavalue detected, returning 0
at 6005 ns(1), Instance /testbench/uut/uut/ : Warning: NUMERIC_STD.TO_INTEGER: metavalue detected, returning 0
at 6015 ns(1), Instance /testbench/uut/uut/ : Warning: NUMERIC_STD.TO_INTEGER: metavalue detected, returning 0
at 6025 ns(1), Instance /testbench/uut/uut/ : Warning: NUMERIC_STD.TO_INTEGER: metavalue detected, returning 0
at 6035 ns(1), Instance /testbench/uut/uut/ : Warning: NUMERIC_STD.TO_INTEGER: metavalue detected, returning 0
at 6045 ns(1), Instance /testbench/uut/uut/ : Warning: NUMERIC_STD.TO_INTEGER: metavalue detected, returning 0
at 6055 ns(1), Instance /testbench/uut/uut/ : Warning: NUMERIC_STD.TO_INTEGER: metavalue detected, returning 0
at 6065 ns(1), Instance /testbench/uut/uut/ : Warning: NUMERIC_STD.TO_INTEGER: metavalue detected, returning 0
at 6075 ns(1), Instance /testbench/uut/uut/ : Warning: NUMERIC_STD.TO_INTEGER: metavalue detected, returning 0
at 6085 ns(1), Instance /testbench/uut/uut/ : Warning: NUMERIC_STD.TO_INTEGER: metavalue detected, returning 0
at 6095 ns(1), Instance /testbench/uut/uut/ : Warning: NUMERIC_STD.TO_INTEGER: metavalue detected, returning 0
at 6105 ns(1), Instance /testbench/uut/uut/ : Warning: NUMERIC_STD.TO_INTEGER: metavalue detected, returning 0
at 6115 ns(1), Instance /testbench/uut/uut/ : Warning: NUMERIC_STD.TO_INTEGER: metavalue detected, returning 0
at 6125 ns(1), Instance /testbench/uut/uut/ : Warning: NUMERIC_STD.TO_INTEGER: metavalue detected, returning 0
at 6135 ns(1), Instance /testbench/uut/uut/ : Warning: NUMERIC_STD.TO_INTEGER: metavalue detected, returning 0
at 6145 ns(1), Instance /testbench/uut/uut/ : Warning: NUMERIC_STD.TO_INTEGER: metavalue detected, returning 0
at 6155 ns(1), Instance /testbench/uut/uut/ : Warning: NUMERIC_STD.TO_INTEGER: metavalue detected, returning 0
at 6165 ns(1), Instance /testbench/uut/uut/ : Warning: NUMERIC_STD.TO_INTEGER: metavalue detected, returning 0
at 6175 ns(1), Instance /testbench/uut/uut/ : Warning: NUMERIC_STD.TO_INTEGER: metavalue detected, returning 0
at 6185 ns(1), Instance /testbench/uut/uut/ : Warning: NUMERIC_STD.TO_INTEGER: metavalue detected, returning 0
at 6195 ns(1), Instance /testbench/uut/uut/ : Warning: NUMERIC_STD.TO_INTEGER: metavalue detected, returning 0
at 6205 ns(1), Instance /testbench/uut/uut/ : Warning: NUMERIC_STD.TO_INTEGER: metavalue detected, returning 0
at 6215 ns(1), Instance /testbench/uut/uut/ : Warning: NUMERIC_STD.TO_INTEGER: metavalue detected, returning 0
at 6225 ns(1), Instance /testbench/uut/uut/ : Warning: NUMERIC_STD.TO_INTEGER: metavalue detected, returning 0
at 6235 ns(1), Instance /testbench/uut/uut/ : Warning: NUMERIC_STD.TO_INTEGER: metavalue detected, returning 0
at 6245 ns(1), Instance /testbench/uut/uut/ : Warning: NUMERIC_STD.TO_INTEGER: metavalue detected, returning 0
at 6255 ns(1), Instance /testbench/uut/uut/ : Warning: NUMERIC_STD.TO_INTEGER: metavalue detected, returning 0
at 6265 ns(1), Instance /testbench/uut/uut/ : Warning: NUMERIC_STD.TO_INTEGER: metavalue detected, returning 0
at 6275 ns(1), Instance /testbench/uut/uut/ : Warning: NUMERIC_STD.TO_INTEGER: metavalue detected, returning 0
at 6285 ns(1), Instance /testbench/uut/uut/ : Warning: NUMERIC_STD.TO_INTEGER: metavalue detected, returning 0
at 6295 ns(1), Instance /testbench/uut/uut/ : Warning: NUMERIC_STD.TO_INTEGER: metavalue detected, returning 0
at 6305 ns(1), Instance /testbench/uut/uut/ : Warning: NUMERIC_STD.TO_INTEGER: metavalue detected, returning 0
at 6315 ns(1), Instance /testbench/uut/uut/ : Warning: NUMERIC_STD.TO_INTEGER: metavalue detected, returning 0
at 6325 ns(1), Instance /testbench/uut/uut/ : Warning: NUMERIC_STD.TO_INTEGER: metavalue detected, returning 0
at 6335 ns(1), Instance /testbench/uut/uut/ : Warning: NUMERIC_STD.TO_INTEGER: metavalue detected, returning 0
at 6345 ns(1), Instance /testbench/uut/uut/ : Warning: NUMERIC_STD.TO_INTEGER: metavalue detected, returning 0
at 6355 ns(1), Instance /testbench/uut/uut/ : Warning: NUMERIC_STD.TO_INTEGER: metavalue detected, returning 0
at 6365 ns(1), Instance /testbench/uut/uut/ : Warning: NUMERIC_STD.TO_INTEGER: metavalue detected, returning 0
at 6375 ns(1), Instance /testbench/uut/uut/ : Warning: NUMERIC_STD.TO_INTEGER: metavalue detected, returning 0
at 6385 ns(1), Instance /testbench/uut/uut/ : Warning: NUMERIC_STD.TO_INTEGER: metavalue detected, returning 0
at 6395 ns(1), Instance /testbench/uut/uut/ : Warning: NUMERIC_STD.TO_INTEGER: metavalue detected, returning 0
at 6405 ns(1), Instance /testbench/uut/uut/ : Warning: NUMERIC_STD.TO_INTEGER: metavalue detected, returning 0
at 6415 ns(1), Instance /testbench/uut/uut/ : Warning: NUMERIC_STD.TO_INTEGER: metavalue detected, returning 0
at 6425 ns(1), Instance /testbench/uut/uut/ : Warning: NUMERIC_STD.TO_INTEGER: metavalue detected, returning 0
at 6435 ns(1), Instance /testbench/uut/uut/ : Warning: NUMERIC_STD.TO_INTEGER: metavalue detected, returning 0
at 6445 ns(1), Instance /testbench/uut/uut/ : Warning: NUMERIC_STD.TO_INTEGER: metavalue detected, returning 0
at 6455 ns(1), Instance /testbench/uut/uut/ : Warning: NUMERIC_STD.TO_INTEGER: metavalue detected, returning 0
at 6465 ns(1), Instance /testbench/uut/uut/ : Warning: NUMERIC_STD.TO_INTEGER: metavalue detected, returning 0
at 6475 ns(1), Instance /testbench/uut/uut/ : Warning: NUMERIC_STD.TO_INTEGER: metavalue detected, returning 0
at 6485 ns(1), Instance /testbench/uut/uut/ : Warning: NUMERIC_STD.TO_INTEGER: metavalue detected, returning 0
at 6495 ns(1), Instance /testbench/uut/uut/ : Warning: NUMERIC_STD.TO_INTEGER: metavalue detected, returning 0
at 6505 ns(1), Instance /testbench/uut/uut/ : Warning: NUMERIC_STD.TO_INTEGER: metavalue detected, returning 0
at 6515 ns(1), Instance /testbench/uut/uut/ : Warning: NUMERIC_STD.TO_INTEGER: metavalue detected, returning 0
at 6525 ns(1), Instance /testbench/uut/uut/ : Warning: NUMERIC_STD.TO_INTEGER: metavalue detected, returning 0
at 6535 ns(1), Instance /testbench/uut/uut/ : Warning: NUMERIC_STD.TO_INTEGER: metavalue detected, returning 0
at 6545 ns(1), Instance /testbench/uut/uut/ : Warning: NUMERIC_STD.TO_INTEGER: metavalue detected, returning 0
at 6555 ns(1), Instance /testbench/uut/uut/ : Warning: NUMERIC_STD.TO_INTEGER: metavalue detected, returning 0
at 6565 ns(1), Instance /testbench/uut/uut/ : Warning: NUMERIC_STD.TO_INTEGER: metavalue detected, returning 0
at 6575 ns(1), Instance /testbench/uut/uut/ : Warning: NUMERIC_STD.TO_INTEGER: metavalue detected, returning 0
at 6585 ns(1), Instance /testbench/uut/uut/ : Warning: NUMERIC_STD.TO_INTEGER: metavalue detected, returning 0
at 6595 ns(1), Instance /testbench/uut/uut/ : Warning: NUMERIC_STD.TO_INTEGER: metavalue detected, returning 0
at 6605 ns(1), Instance /testbench/uut/uut/ : Warning: NUMERIC_STD.TO_INTEGER: metavalue detected, returning 0
at 6615 ns(1), Instance /testbench/uut/uut/ : Warning: NUMERIC_STD.TO_INTEGER: metavalue detected, returning 0
at 6625 ns(1), Instance /testbench/uut/uut/ : Warning: NUMERIC_STD.TO_INTEGER: metavalue detected, returning 0
at 6635 ns(1), Instance /testbench/uut/uut/ : Warning: NUMERIC_STD.TO_INTEGER: metavalue detected, returning 0
at 6645 ns(1), Instance /testbench/uut/uut/ : Warning: NUMERIC_STD.TO_INTEGER: metavalue detected, returning 0
at 6655 ns(1), Instance /testbench/uut/uut/ : Warning: NUMERIC_STD.TO_INTEGER: metavalue detected, returning 0
at 6665 ns(1), Instance /testbench/uut/uut/ : Warning: NUMERIC_STD.TO_INTEGER: metavalue detected, returning 0
at 6675 ns(1), Instance /testbench/uut/uut/ : Warning: NUMERIC_STD.TO_INTEGER: metavalue detected, returning 0
at 6685 ns(1), Instance /testbench/uut/uut/ : Warning: NUMERIC_STD.TO_INTEGER: metavalue detected, returning 0
at 6695 ns(1), Instance /testbench/uut/uut/ : Warning: NUMERIC_STD.TO_INTEGER: metavalue detected, returning 0
at 6705 ns(1), Instance /testbench/uut/uut/ : Warning: NUMERIC_STD.TO_INTEGER: metavalue detected, returning 0
at 6715 ns(1), Instance /testbench/uut/uut/ : Warning: NUMERIC_STD.TO_INTEGER: metavalue detected, returning 0
at 6725 ns(1), Instance /testbench/uut/uut/ : Warning: NUMERIC_STD.TO_INTEGER: metavalue detected, returning 0
at 6735 ns(1), Instance /testbench/uut/uut/ : Warning: NUMERIC_STD.TO_INTEGER: metavalue detected, returning 0
at 6745 ns(1), Instance /testbench/uut/uut/ : Warning: NUMERIC_STD.TO_INTEGER: metavalue detected, returning 0
at 6755 ns(1), Instance /testbench/uut/uut/ : Warning: NUMERIC_STD.TO_INTEGER: metavalue detected, returning 0
at 6765 ns(1), Instance /testbench/uut/uut/ : Warning: NUMERIC_STD.TO_INTEGER: metavalue detected, returning 0
at 6775 ns(1), Instance /testbench/uut/uut/ : Warning: NUMERIC_STD.TO_INTEGER: metavalue detected, returning 0
at 6785 ns(1), Instance /testbench/uut/uut/ : Warning: NUMERIC_STD.TO_INTEGER: metavalue detected, returning 0
at 6795 ns(1), Instance /testbench/uut/uut/ : Warning: NUMERIC_STD.TO_INTEGER: metavalue detected, returning 0
at 6805 ns(1), Instance /testbench/uut/uut/ : Warning: NUMERIC_STD.TO_INTEGER: metavalue detected, returning 0
at 6815 ns(1), Instance /testbench/uut/uut/ : Warning: NUMERIC_STD.TO_INTEGER: metavalue detected, returning 0
at 6825 ns(1), Instance /testbench/uut/uut/ : Warning: NUMERIC_STD.TO_INTEGER: metavalue detected, returning 0
at 6835 ns(1), Instance /testbench/uut/uut/ : Warning: NUMERIC_STD.TO_INTEGER: metavalue detected, returning 0
at 6845 ns(1), Instance /testbench/uut/uut/ : Warning: NUMERIC_STD.TO_INTEGER: metavalue detected, returning 0
at 6855 ns(1), Instance /testbench/uut/uut/ : Warning: NUMERIC_STD.TO_INTEGER: metavalue detected, returning 0
at 6865 ns(1), Instance /testbench/uut/uut/ : Warning: NUMERIC_STD.TO_INTEGER: metavalue detected, returning 0
at 6875 ns(1), Instance /testbench/uut/uut/ : Warning: NUMERIC_STD.TO_INTEGER: metavalue detected, returning 0
at 6885 ns(1), Instance /testbench/uut/uut/ : Warning: NUMERIC_STD.TO_INTEGER: metavalue detected, returning 0
at 6895 ns(1), Instance /testbench/uut/uut/ : Warning: NUMERIC_STD.TO_INTEGER: metavalue detected, returning 0
at 6905 ns(1), Instance /testbench/uut/uut/ : Warning: NUMERIC_STD.TO_INTEGER: metavalue detected, returning 0
at 6915 ns(1), Instance /testbench/uut/uut/ : Warning: NUMERIC_STD.TO_INTEGER: metavalue detected, returning 0
at 6925 ns(1), Instance /testbench/uut/uut/ : Warning: NUMERIC_STD.TO_INTEGER: metavalue detected, returning 0
at 6935 ns(1), Instance /testbench/uut/uut/ : Warning: NUMERIC_STD.TO_INTEGER: metavalue detected, returning 0
at 6945 ns(1), Instance /testbench/uut/uut/ : Warning: NUMERIC_STD.TO_INTEGER: metavalue detected, returning 0
at 6955 ns(1), Instance /testbench/uut/uut/ : Warning: NUMERIC_STD.TO_INTEGER: metavalue detected, returning 0
at 6965 ns(1), Instance /testbench/uut/uut/ : Warning: NUMERIC_STD.TO_INTEGER: metavalue detected, returning 0
at 6975 ns(1), Instance /testbench/uut/uut/ : Warning: NUMERIC_STD.TO_INTEGER: metavalue detected, returning 0
at 6985 ns(1), Instance /testbench/uut/uut/ : Warning: NUMERIC_STD.TO_INTEGER: metavalue detected, returning 0
at 6995 ns(1), Instance /testbench/uut/uut/ : Warning: NUMERIC_STD.TO_INTEGER: metavalue detected, returning 0
at 7005 ns(1), Instance /testbench/uut/uut/ : Warning: NUMERIC_STD.TO_INTEGER: metavalue detected, returning 0
at 7015 ns(1), Instance /testbench/uut/uut/ : Warning: NUMERIC_STD.TO_INTEGER: metavalue detected, returning 0
at 7025 ns(1), Instance /testbench/uut/uut/ : Warning: NUMERIC_STD.TO_INTEGER: metavalue detected, returning 0
at 7035 ns(1), Instance /testbench/uut/uut/ : Warning: NUMERIC_STD.TO_INTEGER: metavalue detected, returning 0
at 7045 ns(1), Instance /testbench/uut/uut/ : Warning: NUMERIC_STD.TO_INTEGER: metavalue detected, returning 0
at 7055 ns(1), Instance /testbench/uut/uut/ : Warning: NUMERIC_STD.TO_INTEGER: metavalue detected, returning 0
at 7065 ns(1), Instance /testbench/uut/uut/ : Warning: NUMERIC_STD.TO_INTEGER: metavalue detected, returning 0
at 7075 ns(1), Instance /testbench/uut/uut/ : Warning: NUMERIC_STD.TO_INTEGER: metavalue detected, returning 0
at 7085 ns(1), Instance /testbench/uut/uut/ : Warning: NUMERIC_STD.TO_INTEGER: metavalue detected, returning 0
at 7095 ns(1), Instance /testbench/uut/uut/ : Warning: NUMERIC_STD.TO_INTEGER: metavalue detected, returning 0
at 7105 ns(1), Instance /testbench/uut/uut/ : Warning: NUMERIC_STD.TO_INTEGER: metavalue detected, returning 0
at 7115 ns(1), Instance /testbench/uut/uut/ : Warning: NUMERIC_STD.TO_INTEGER: metavalue detected, returning 0
at 7125 ns(1), Instance /testbench/uut/uut/ : Warning: NUMERIC_STD.TO_INTEGER: metavalue detected, returning 0
at 7135 ns(1), Instance /testbench/uut/uut/ : Warning: NUMERIC_STD.TO_INTEGER: metavalue detected, returning 0
at 7145 ns(1), Instance /testbench/uut/uut/ : Warning: NUMERIC_STD.TO_INTEGER: metavalue detected, returning 0
at 7155 ns(1), Instance /testbench/uut/uut/ : Warning: NUMERIC_STD.TO_INTEGER: metavalue detected, returning 0
at 7165 ns(1), Instance /testbench/uut/uut/ : Warning: NUMERIC_STD.TO_INTEGER: metavalue detected, returning 0
at 7175 ns(1), Instance /testbench/uut/uut/ : Warning: NUMERIC_STD.TO_INTEGER: metavalue detected, returning 0
at 7185 ns(1), Instance /testbench/uut/uut/ : Warning: NUMERIC_STD.TO_INTEGER: metavalue detected, returning 0
at 7195 ns(1), Instance /testbench/uut/uut/ : Warning: NUMERIC_STD.TO_INTEGER: metavalue detected, returning 0
at 7205 ns(1), Instance /testbench/uut/uut/ : Warning: NUMERIC_STD.TO_INTEGER: metavalue detected, returning 0
at 7215 ns(1), Instance /testbench/uut/uut/ : Warning: NUMERIC_STD.TO_INTEGER: metavalue detected, returning 0
at 7225 ns(1), Instance /testbench/uut/uut/ : Warning: NUMERIC_STD.TO_INTEGER: metavalue detected, returning 0
at 7235 ns(1), Instance /testbench/uut/uut/ : Warning: NUMERIC_STD.TO_INTEGER: metavalue detected, returning 0
at 7245 ns(1), Instance /testbench/uut/uut/ : Warning: NUMERIC_STD.TO_INTEGER: metavalue detected, returning 0
at 7255 ns(1), Instance /testbench/uut/uut/ : Warning: NUMERIC_STD.TO_INTEGER: metavalue detected, returning 0
at 7265 ns(1), Instance /testbench/uut/uut/ : Warning: NUMERIC_STD.TO_INTEGER: metavalue detected, returning 0
at 7275 ns(1), Instance /testbench/uut/uut/ : Warning: NUMERIC_STD.TO_INTEGER: metavalue detected, returning 0
at 7285 ns(1), Instance /testbench/uut/uut/ : Warning: NUMERIC_STD.TO_INTEGER: metavalue detected, returning 0
at 7295 ns(1), Instance /testbench/uut/uut/ : Warning: NUMERIC_STD.TO_INTEGER: metavalue detected, returning 0
at 7305 ns(1), Instance /testbench/uut/uut/ : Warning: NUMERIC_STD.TO_INTEGER: metavalue detected, returning 0
at 7315 ns(1), Instance /testbench/uut/uut/ : Warning: NUMERIC_STD.TO_INTEGER: metavalue detected, returning 0
at 7325 ns(1), Instance /testbench/uut/uut/ : Warning: NUMERIC_STD.TO_INTEGER: metavalue detected, returning 0
at 7335 ns(1), Instance /testbench/uut/uut/ : Warning: NUMERIC_STD.TO_INTEGER: metavalue detected, returning 0
at 7345 ns(1), Instance /testbench/uut/uut/ : Warning: NUMERIC_STD.TO_INTEGER: metavalue detected, returning 0
at 7355 ns(1), Instance /testbench/uut/uut/ : Warning: NUMERIC_STD.TO_INTEGER: metavalue detected, returning 0
at 7365 ns(1), Instance /testbench/uut/uut/ : Warning: NUMERIC_STD.TO_INTEGER: metavalue detected, returning 0
at 7375 ns(1), Instance /testbench/uut/uut/ : Warning: NUMERIC_STD.TO_INTEGER: metavalue detected, returning 0
at 7385 ns(1), Instance /testbench/uut/uut/ : Warning: NUMERIC_STD.TO_INTEGER: metavalue detected, returning 0
at 7395 ns(1), Instance /testbench/uut/uut/ : Warning: NUMERIC_STD.TO_INTEGER: metavalue detected, returning 0
at 7405 ns(1), Instance /testbench/uut/uut/ : Warning: NUMERIC_STD.TO_INTEGER: metavalue detected, returning 0
at 7415 ns(1), Instance /testbench/uut/uut/ : Warning: NUMERIC_STD.TO_INTEGER: metavalue detected, returning 0
at 7425 ns(1), Instance /testbench/uut/uut/ : Warning: NUMERIC_STD.TO_INTEGER: metavalue detected, returning 0
at 7435 ns(1), Instance /testbench/uut/uut/ : Warning: NUMERIC_STD.TO_INTEGER: metavalue detected, returning 0
at 7445 ns(1), Instance /testbench/uut/uut/ : Warning: NUMERIC_STD.TO_INTEGER: metavalue detected, returning 0
at 7455 ns(1), Instance /testbench/uut/uut/ : Warning: NUMERIC_STD.TO_INTEGER: metavalue detected, returning 0
at 7465 ns(1), Instance /testbench/uut/uut/ : Warning: NUMERIC_STD.TO_INTEGER: metavalue detected, returning 0
at 7475 ns(1), Instance /testbench/uut/uut/ : Warning: NUMERIC_STD.TO_INTEGER: metavalue detected, returning 0
at 7485 ns(1), Instance /testbench/uut/uut/ : Warning: NUMERIC_STD.TO_INTEGER: metavalue detected, returning 0
at 7495 ns(1), Instance /testbench/uut/uut/ : Warning: NUMERIC_STD.TO_INTEGER: metavalue detected, returning 0
at 7505 ns(1), Instance /testbench/uut/uut/ : Warning: NUMERIC_STD.TO_INTEGER: metavalue detected, returning 0
at 7515 ns(1), Instance /testbench/uut/uut/ : Warning: NUMERIC_STD.TO_INTEGER: metavalue detected, returning 0
at 7525 ns(1), Instance /testbench/uut/uut/ : Warning: NUMERIC_STD.TO_INTEGER: metavalue detected, returning 0
at 7535 ns(1), Instance /testbench/uut/uut/ : Warning: NUMERIC_STD.TO_INTEGER: metavalue detected, returning 0
at 7545 ns(1), Instance /testbench/uut/uut/ : Warning: NUMERIC_STD.TO_INTEGER: metavalue detected, returning 0
at 7555 ns(1), Instance /testbench/uut/uut/ : Warning: NUMERIC_STD.TO_INTEGER: metavalue detected, returning 0
at 7565 ns(1), Instance /testbench/uut/uut/ : Warning: NUMERIC_STD.TO_INTEGER: metavalue detected, returning 0
at 7575 ns(1), Instance /testbench/uut/uut/ : Warning: NUMERIC_STD.TO_INTEGER: metavalue detected, returning 0
at 7585 ns(1), Instance /testbench/uut/uut/ : Warning: NUMERIC_STD.TO_INTEGER: metavalue detected, returning 0
at 7595 ns(1), Instance /testbench/uut/uut/ : Warning: NUMERIC_STD.TO_INTEGER: metavalue detected, returning 0
at 7605 ns(1), Instance /testbench/uut/uut/ : Warning: NUMERIC_STD.TO_INTEGER: metavalue detected, returning 0
at 7615 ns(1), Instance /testbench/uut/uut/ : Warning: NUMERIC_STD.TO_INTEGER: metavalue detected, returning 0
at 7785 ns(1), Instance /testbench/uut/uut/ : Warning: NUMERIC_STD.TO_INTEGER: metavalue detected, returning 0
at 7795 ns(1), Instance /testbench/uut/uut/ : Warning: NUMERIC_STD.TO_INTEGER: metavalue detected, returning 0
at 7805 ns(1), Instance /testbench/uut/uut/ : Warning: NUMERIC_STD.TO_INTEGER: metavalue detected, returning 0
at 7815 ns(1), Instance /testbench/uut/uut/ : Warning: NUMERIC_STD.TO_INTEGER: metavalue detected, returning 0
at 7825 ns(1), Instance /testbench/uut/uut/ : Warning: NUMERIC_STD.TO_INTEGER: metavalue detected, returning 0
at 7835 ns(1), Instance /testbench/uut/uut/ : Warning: NUMERIC_STD.TO_INTEGER: metavalue detected, returning 0
at 7845 ns(1), Instance /testbench/uut/uut/ : Warning: NUMERIC_STD.TO_INTEGER: metavalue detected, returning 0
at 7855 ns(1), Instance /testbench/uut/uut/ : Warning: NUMERIC_STD.TO_INTEGER: metavalue detected, returning 0
at 7865 ns(1), Instance /testbench/uut/uut/ : Warning: NUMERIC_STD.TO_INTEGER: metavalue detected, returning 0
at 7875 ns(1), Instance /testbench/uut/uut/ : Warning: NUMERIC_STD.TO_INTEGER: metavalue detected, returning 0
at 7885 ns(1), Instance /testbench/uut/uut/ : Warning: NUMERIC_STD.TO_INTEGER: metavalue detected, returning 0
at 7895 ns(1), Instance /testbench/uut/uut/ : Warning: NUMERIC_STD.TO_INTEGER: metavalue detected, returning 0
at 7905 ns(1), Instance /testbench/uut/uut/ : Warning: NUMERIC_STD.TO_INTEGER: metavalue detected, returning 0
at 7915 ns(1), Instance /testbench/uut/uut/ : Warning: NUMERIC_STD.TO_INTEGER: metavalue detected, returning 0
at 7925 ns(1), Instance /testbench/uut/uut/ : Warning: NUMERIC_STD.TO_INTEGER: metavalue detected, returning 0
at 7935 ns(1), Instance /testbench/uut/uut/ : Warning: NUMERIC_STD.TO_INTEGER: metavalue detected, returning 0
at 7945 ns(1), Instance /testbench/uut/uut/ : Warning: NUMERIC_STD.TO_INTEGER: metavalue detected, returning 0
at 7955 ns(1), Instance /testbench/uut/uut/ : Warning: NUMERIC_STD.TO_INTEGER: metavalue detected, returning 0
at 7965 ns(1), Instance /testbench/uut/uut/ : Warning: NUMERIC_STD.TO_INTEGER: metavalue detected, returning 0
at 7975 ns(1), Instance /testbench/uut/uut/ : Warning: NUMERIC_STD.TO_INTEGER: metavalue detected, returning 0
at 7985 ns(1), Instance /testbench/uut/uut/ : Warning: NUMERIC_STD.TO_INTEGER: metavalue detected, returning 0
at 7995 ns(1), Instance /testbench/uut/uut/ : Warning: NUMERIC_STD.TO_INTEGER: metavalue detected, returning 0
at 8005 ns(1), Instance /testbench/uut/uut/ : Warning: NUMERIC_STD.TO_INTEGER: metavalue detected, returning 0
at 8015 ns(1), Instance /testbench/uut/uut/ : Warning: NUMERIC_STD.TO_INTEGER: metavalue detected, returning 0
at 8025 ns(1), Instance /testbench/uut/uut/ : Warning: NUMERIC_STD.TO_INTEGER: metavalue detected, returning 0
at 8035 ns(1), Instance /testbench/uut/uut/ : Warning: NUMERIC_STD.TO_INTEGER: metavalue detected, returning 0
at 8045 ns(1), Instance /testbench/uut/uut/ : Warning: NUMERIC_STD.TO_INTEGER: metavalue detected, returning 0
at 8055 ns(1), Instance /testbench/uut/uut/ : Warning: NUMERIC_STD.TO_INTEGER: metavalue detected, returning 0
at 8065 ns(1), Instance /testbench/uut/uut/ : Warning: NUMERIC_STD.TO_INTEGER: metavalue detected, returning 0
at 8075 ns(1), Instance /testbench/uut/uut/ : Warning: NUMERIC_STD.TO_INTEGER: metavalue detected, returning 0
at 8085 ns(1), Instance /testbench/uut/uut/ : Warning: NUMERIC_STD.TO_INTEGER: metavalue detected, returning 0
at 8095 ns(1), Instance /testbench/uut/uut/ : Warning: NUMERIC_STD.TO_INTEGER: metavalue detected, returning 0
at 8105 ns(1), Instance /testbench/uut/uut/ : Warning: NUMERIC_STD.TO_INTEGER: metavalue detected, returning 0
at 8115 ns(1), Instance /testbench/uut/uut/ : Warning: NUMERIC_STD.TO_INTEGER: metavalue detected, returning 0
at 8125 ns(1), Instance /testbench/uut/uut/ : Warning: NUMERIC_STD.TO_INTEGER: metavalue detected, returning 0
at 8135 ns(1), Instance /testbench/uut/uut/ : Warning: NUMERIC_STD.TO_INTEGER: metavalue detected, returning 0
at 8145 ns(1), Instance /testbench/uut/uut/ : Warning: NUMERIC_STD.TO_INTEGER: metavalue detected, returning 0
at 8155 ns(1), Instance /testbench/uut/uut/ : Warning: NUMERIC_STD.TO_INTEGER: metavalue detected, returning 0
at 8165 ns(1), Instance /testbench/uut/uut/ : Warning: NUMERIC_STD.TO_INTEGER: metavalue detected, returning 0
at 8175 ns(1), Instance /testbench/uut/uut/ : Warning: NUMERIC_STD.TO_INTEGER: metavalue detected, returning 0
at 8185 ns(1), Instance /testbench/uut/uut/ : Warning: NUMERIC_STD.TO_INTEGER: metavalue detected, returning 0
at 8195 ns(1), Instance /testbench/uut/uut/ : Warning: NUMERIC_STD.TO_INTEGER: metavalue detected, returning 0
at 8205 ns(1), Instance /testbench/uut/uut/ : Warning: NUMERIC_STD.TO_INTEGER: metavalue detected, returning 0
at 8215 ns(1), Instance /testbench/uut/uut/ : Warning: NUMERIC_STD.TO_INTEGER: metavalue detected, returning 0
at 8225 ns(1), Instance /testbench/uut/uut/ : Warning: NUMERIC_STD.TO_INTEGER: metavalue detected, returning 0
at 8235 ns(1), Instance /testbench/uut/uut/ : Warning: NUMERIC_STD.TO_INTEGER: metavalue detected, returning 0
at 8245 ns(1), Instance /testbench/uut/uut/ : Warning: NUMERIC_STD.TO_INTEGER: metavalue detected, returning 0
at 8255 ns(1), Instance /testbench/uut/uut/ : Warning: NUMERIC_STD.TO_INTEGER: metavalue detected, returning 0
at 8265 ns(1), Instance /testbench/uut/uut/ : Warning: NUMERIC_STD.TO_INTEGER: metavalue detected, returning 0
at 8275 ns(1), Instance /testbench/uut/uut/ : Warning: NUMERIC_STD.TO_INTEGER: metavalue detected, returning 0
at 8285 ns(1), Instance /testbench/uut/uut/ : Warning: NUMERIC_STD.TO_INTEGER: metavalue detected, returning 0
at 8295 ns(1), Instance /testbench/uut/uut/ : Warning: NUMERIC_STD.TO_INTEGER: metavalue detected, returning 0
at 8305 ns(1), Instance /testbench/uut/uut/ : Warning: NUMERIC_STD.TO_INTEGER: metavalue detected, returning 0
at 8315 ns(1), Instance /testbench/uut/uut/ : Warning: NUMERIC_STD.TO_INTEGER: metavalue detected, returning 0
at 8325 ns(1), Instance /testbench/uut/uut/ : Warning: NUMERIC_STD.TO_INTEGER: metavalue detected, returning 0
at 8335 ns(1), Instance /testbench/uut/uut/ : Warning: NUMERIC_STD.TO_INTEGER: metavalue detected, returning 0
at 8345 ns(1), Instance /testbench/uut/uut/ : Warning: NUMERIC_STD.TO_INTEGER: metavalue detected, returning 0
at 8355 ns(1), Instance /testbench/uut/uut/ : Warning: NUMERIC_STD.TO_INTEGER: metavalue detected, returning 0
at 8365 ns(1), Instance /testbench/uut/uut/ : Warning: NUMERIC_STD.TO_INTEGER: metavalue detected, returning 0
at 8375 ns(1), Instance /testbench/uut/uut/ : Warning: NUMERIC_STD.TO_INTEGER: metavalue detected, returning 0
at 8385 ns(1), Instance /testbench/uut/uut/ : Warning: NUMERIC_STD.TO_INTEGER: metavalue detected, returning 0
at 8395 ns(1), Instance /testbench/uut/uut/ : Warning: NUMERIC_STD.TO_INTEGER: metavalue detected, returning 0
at 8405 ns(1), Instance /testbench/uut/uut/ : Warning: NUMERIC_STD.TO_INTEGER: metavalue detected, returning 0
at 8415 ns(1), Instance /testbench/uut/uut/ : Warning: NUMERIC_STD.TO_INTEGER: metavalue detected, returning 0
at 8425 ns(1), Instance /testbench/uut/uut/ : Warning: NUMERIC_STD.TO_INTEGER: metavalue detected, returning 0
at 8435 ns(1), Instance /testbench/uut/uut/ : Warning: NUMERIC_STD.TO_INTEGER: metavalue detected, returning 0
at 8445 ns(1), Instance /testbench/uut/uut/ : Warning: NUMERIC_STD.TO_INTEGER: metavalue detected, returning 0
at 8455 ns(1), Instance /testbench/uut/uut/ : Warning: NUMERIC_STD.TO_INTEGER: metavalue detected, returning 0
at 8465 ns(1), Instance /testbench/uut/uut/ : Warning: NUMERIC_STD.TO_INTEGER: metavalue detected, returning 0
at 8475 ns(1), Instance /testbench/uut/uut/ : Warning: NUMERIC_STD.TO_INTEGER: metavalue detected, returning 0
at 8485 ns(1), Instance /testbench/uut/uut/ : Warning: NUMERIC_STD.TO_INTEGER: metavalue detected, returning 0
at 8495 ns(1), Instance /testbench/uut/uut/ : Warning: NUMERIC_STD.TO_INTEGER: metavalue detected, returning 0
at 8505 ns(1), Instance /testbench/uut/uut/ : Warning: NUMERIC_STD.TO_INTEGER: metavalue detected, returning 0
at 8515 ns(1), Instance /testbench/uut/uut/ : Warning: NUMERIC_STD.TO_INTEGER: metavalue detected, returning 0
at 8525 ns(1), Instance /testbench/uut/uut/ : Warning: NUMERIC_STD.TO_INTEGER: metavalue detected, returning 0
at 8535 ns(1), Instance /testbench/uut/uut/ : Warning: NUMERIC_STD.TO_INTEGER: metavalue detected, returning 0
at 8545 ns(1), Instance /testbench/uut/uut/ : Warning: NUMERIC_STD.TO_INTEGER: metavalue detected, returning 0
at 8555 ns(1), Instance /testbench/uut/uut/ : Warning: NUMERIC_STD.TO_INTEGER: metavalue detected, returning 0
at 8565 ns(1), Instance /testbench/uut/uut/ : Warning: NUMERIC_STD.TO_INTEGER: metavalue detected, returning 0
at 8575 ns(1), Instance /testbench/uut/uut/ : Warning: NUMERIC_STD.TO_INTEGER: metavalue detected, returning 0
at 8585 ns(1), Instance /testbench/uut/uut/ : Warning: NUMERIC_STD.TO_INTEGER: metavalue detected, returning 0
at 8595 ns(1), Instance /testbench/uut/uut/ : Warning: NUMERIC_STD.TO_INTEGER: metavalue detected, returning 0
at 8605 ns(1), Instance /testbench/uut/uut/ : Warning: NUMERIC_STD.TO_INTEGER: metavalue detected, returning 0
at 8615 ns(1), Instance /testbench/uut/uut/ : Warning: NUMERIC_STD.TO_INTEGER: metavalue detected, returning 0
at 8625 ns(1), Instance /testbench/uut/uut/ : Warning: NUMERIC_STD.TO_INTEGER: metavalue detected, returning 0
at 8635 ns(1), Instance /testbench/uut/uut/ : Warning: NUMERIC_STD.TO_INTEGER: metavalue detected, returning 0
at 8645 ns(1), Instance /testbench/uut/uut/ : Warning: NUMERIC_STD.TO_INTEGER: metavalue detected, returning 0
at 8655 ns(1), Instance /testbench/uut/uut/ : Warning: NUMERIC_STD.TO_INTEGER: metavalue detected, returning 0
at 8665 ns(1), Instance /testbench/uut/uut/ : Warning: NUMERIC_STD.TO_INTEGER: metavalue detected, returning 0
at 8675 ns(1), Instance /testbench/uut/uut/ : Warning: NUMERIC_STD.TO_INTEGER: metavalue detected, returning 0
at 8685 ns(1), Instance /testbench/uut/uut/ : Warning: NUMERIC_STD.TO_INTEGER: metavalue detected, returning 0
at 8695 ns(1), Instance /testbench/uut/uut/ : Warning: NUMERIC_STD.TO_INTEGER: metavalue detected, returning 0
at 8705 ns(1), Instance /testbench/uut/uut/ : Warning: NUMERIC_STD.TO_INTEGER: metavalue detected, returning 0
at 8715 ns(1), Instance /testbench/uut/uut/ : Warning: NUMERIC_STD.TO_INTEGER: metavalue detected, returning 0
at 8725 ns(1), Instance /testbench/uut/uut/ : Warning: NUMERIC_STD.TO_INTEGER: metavalue detected, returning 0
at 8735 ns(1), Instance /testbench/uut/uut/ : Warning: NUMERIC_STD.TO_INTEGER: metavalue detected, returning 0
at 8745 ns(1), Instance /testbench/uut/uut/ : Warning: NUMERIC_STD.TO_INTEGER: metavalue detected, returning 0
at 8755 ns(1), Instance /testbench/uut/uut/ : Warning: NUMERIC_STD.TO_INTEGER: metavalue detected, returning 0
at 8765 ns(1), Instance /testbench/uut/uut/ : Warning: NUMERIC_STD.TO_INTEGER: metavalue detected, returning 0
at 8775 ns(1), Instance /testbench/uut/uut/ : Warning: NUMERIC_STD.TO_INTEGER: metavalue detected, returning 0
at 8785 ns(1), Instance /testbench/uut/uut/ : Warning: NUMERIC_STD.TO_INTEGER: metavalue detected, returning 0
at 8795 ns(1), Instance /testbench/uut/uut/ : Warning: NUMERIC_STD.TO_INTEGER: metavalue detected, returning 0
at 8805 ns(1), Instance /testbench/uut/uut/ : Warning: NUMERIC_STD.TO_INTEGER: metavalue detected, returning 0
at 8815 ns(1), Instance /testbench/uut/uut/ : Warning: NUMERIC_STD.TO_INTEGER: metavalue detected, returning 0
at 8825 ns(1), Instance /testbench/uut/uut/ : Warning: NUMERIC_STD.TO_INTEGER: metavalue detected, returning 0
at 8835 ns(1), Instance /testbench/uut/uut/ : Warning: NUMERIC_STD.TO_INTEGER: metavalue detected, returning 0
at 8845 ns(1), Instance /testbench/uut/uut/ : Warning: NUMERIC_STD.TO_INTEGER: metavalue detected, returning 0
at 8855 ns(1), Instance /testbench/uut/uut/ : Warning: NUMERIC_STD.TO_INTEGER: metavalue detected, returning 0
at 8865 ns(1), Instance /testbench/uut/uut/ : Warning: NUMERIC_STD.TO_INTEGER: metavalue detected, returning 0
at 8875 ns(1), Instance /testbench/uut/uut/ : Warning: NUMERIC_STD.TO_INTEGER: metavalue detected, returning 0
at 8885 ns(1), Instance /testbench/uut/uut/ : Warning: NUMERIC_STD.TO_INTEGER: metavalue detected, returning 0
at 8895 ns(1), Instance /testbench/uut/uut/ : Warning: NUMERIC_STD.TO_INTEGER: metavalue detected, returning 0
at 8905 ns(1), Instance /testbench/uut/uut/ : Warning: NUMERIC_STD.TO_INTEGER: metavalue detected, returning 0
at 8915 ns(1), Instance /testbench/uut/uut/ : Warning: NUMERIC_STD.TO_INTEGER: metavalue detected, returning 0
at 8925 ns(1), Instance /testbench/uut/uut/ : Warning: NUMERIC_STD.TO_INTEGER: metavalue detected, returning 0
at 8935 ns(1), Instance /testbench/uut/uut/ : Warning: NUMERIC_STD.TO_INTEGER: metavalue detected, returning 0
at 8945 ns(1), Instance /testbench/uut/uut/ : Warning: NUMERIC_STD.TO_INTEGER: metavalue detected, returning 0
at 8955 ns(1), Instance /testbench/uut/uut/ : Warning: NUMERIC_STD.TO_INTEGER: metavalue detected, returning 0
at 8965 ns(1), Instance /testbench/uut/uut/ : Warning: NUMERIC_STD.TO_INTEGER: metavalue detected, returning 0
at 8975 ns(1), Instance /testbench/uut/uut/ : Warning: NUMERIC_STD.TO_INTEGER: metavalue detected, returning 0
at 8985 ns(1), Instance /testbench/uut/uut/ : Warning: NUMERIC_STD.TO_INTEGER: metavalue detected, returning 0
at 8995 ns(1), Instance /testbench/uut/uut/ : Warning: NUMERIC_STD.TO_INTEGER: metavalue detected, returning 0
at 9005 ns(1), Instance /testbench/uut/uut/ : Warning: NUMERIC_STD.TO_INTEGER: metavalue detected, returning 0
at 9015 ns(1), Instance /testbench/uut/uut/ : Warning: NUMERIC_STD.TO_INTEGER: metavalue detected, returning 0
at 9025 ns(1), Instance /testbench/uut/uut/ : Warning: NUMERIC_STD.TO_INTEGER: metavalue detected, returning 0
at 9035 ns(1), Instance /testbench/uut/uut/ : Warning: NUMERIC_STD.TO_INTEGER: metavalue detected, returning 0
at 9045 ns(1), Instance /testbench/uut/uut/ : Warning: NUMERIC_STD.TO_INTEGER: metavalue detected, returning 0
at 9055 ns(1), Instance /testbench/uut/uut/ : Warning: NUMERIC_STD.TO_INTEGER: metavalue detected, returning 0
at 9065 ns(1), Instance /testbench/uut/uut/ : Warning: NUMERIC_STD.TO_INTEGER: metavalue detected, returning 0
at 9075 ns(1), Instance /testbench/uut/uut/ : Warning: NUMERIC_STD.TO_INTEGER: metavalue detected, returning 0
at 9085 ns(1), Instance /testbench/uut/uut/ : Warning: NUMERIC_STD.TO_INTEGER: metavalue detected, returning 0
at 9095 ns(1), Instance /testbench/uut/uut/ : Warning: NUMERIC_STD.TO_INTEGER: metavalue detected, returning 0
at 9105 ns(1), Instance /testbench/uut/uut/ : Warning: NUMERIC_STD.TO_INTEGER: metavalue detected, returning 0
at 9115 ns(1), Instance /testbench/uut/uut/ : Warning: NUMERIC_STD.TO_INTEGER: metavalue detected, returning 0
at 9125 ns(1), Instance /testbench/uut/uut/ : Warning: NUMERIC_STD.TO_INTEGER: metavalue detected, returning 0
at 9135 ns(1), Instance /testbench/uut/uut/ : Warning: NUMERIC_STD.TO_INTEGER: metavalue detected, returning 0
at 9145 ns(1), Instance /testbench/uut/uut/ : Warning: NUMERIC_STD.TO_INTEGER: metavalue detected, returning 0
at 9155 ns(1), Instance /testbench/uut/uut/ : Warning: NUMERIC_STD.TO_INTEGER: metavalue detected, returning 0
at 9165 ns(1), Instance /testbench/uut/uut/ : Warning: NUMERIC_STD.TO_INTEGER: metavalue detected, returning 0
at 9175 ns(1), Instance /testbench/uut/uut/ : Warning: NUMERIC_STD.TO_INTEGER: metavalue detected, returning 0
at 9185 ns(1), Instance /testbench/uut/uut/ : Warning: NUMERIC_STD.TO_INTEGER: metavalue detected, returning 0
at 9195 ns(1), Instance /testbench/uut/uut/ : Warning: NUMERIC_STD.TO_INTEGER: metavalue detected, returning 0
at 9205 ns(1), Instance /testbench/uut/uut/ : Warning: NUMERIC_STD.TO_INTEGER: metavalue detected, returning 0
at 9215 ns(1), Instance /testbench/uut/uut/ : Warning: NUMERIC_STD.TO_INTEGER: metavalue detected, returning 0
at 9225 ns(1), Instance /testbench/uut/uut/ : Warning: NUMERIC_STD.TO_INTEGER: metavalue detected, returning 0
at 9235 ns(1), Instance /testbench/uut/uut/ : Warning: NUMERIC_STD.TO_INTEGER: metavalue detected, returning 0
at 9245 ns(1), Instance /testbench/uut/uut/ : Warning: NUMERIC_STD.TO_INTEGER: metavalue detected, returning 0
at 9255 ns(1), Instance /testbench/uut/uut/ : Warning: NUMERIC_STD.TO_INTEGER: metavalue detected, returning 0
at 9265 ns(1), Instance /testbench/uut/uut/ : Warning: NUMERIC_STD.TO_INTEGER: metavalue detected, returning 0
at 9275 ns(1), Instance /testbench/uut/uut/ : Warning: NUMERIC_STD.TO_INTEGER: metavalue detected, returning 0
at 9285 ns(1), Instance /testbench/uut/uut/ : Warning: NUMERIC_STD.TO_INTEGER: metavalue detected, returning 0
at 9295 ns(1), Instance /testbench/uut/uut/ : Warning: NUMERIC_STD.TO_INTEGER: metavalue detected, returning 0
at 9305 ns(1), Instance /testbench/uut/uut/ : Warning: NUMERIC_STD.TO_INTEGER: metavalue detected, returning 0
at 9315 ns(1), Instance /testbench/uut/uut/ : Warning: NUMERIC_STD.TO_INTEGER: metavalue detected, returning 0
at 9325 ns(1), Instance /testbench/uut/uut/ : Warning: NUMERIC_STD.TO_INTEGER: metavalue detected, returning 0
at 9335 ns(1), Instance /testbench/uut/uut/ : Warning: NUMERIC_STD.TO_INTEGER: metavalue detected, returning 0
at 9345 ns(1), Instance /testbench/uut/uut/ : Warning: NUMERIC_STD.TO_INTEGER: metavalue detected, returning 0
at 9355 ns(1), Instance /testbench/uut/uut/ : Warning: NUMERIC_STD.TO_INTEGER: metavalue detected, returning 0
at 9365 ns(1), Instance /testbench/uut/uut/ : Warning: NUMERIC_STD.TO_INTEGER: metavalue detected, returning 0
at 9375 ns(1), Instance /testbench/uut/uut/ : Warning: NUMERIC_STD.TO_INTEGER: metavalue detected, returning 0
at 9385 ns(1), Instance /testbench/uut/uut/ : Warning: NUMERIC_STD.TO_INTEGER: metavalue detected, returning 0
at 9395 ns(1), Instance /testbench/uut/uut/ : Warning: NUMERIC_STD.TO_INTEGER: metavalue detected, returning 0
at 9405 ns(1), Instance /testbench/uut/uut/ : Warning: NUMERIC_STD.TO_INTEGER: metavalue detected, returning 0
at 9415 ns(1), Instance /testbench/uut/uut/ : Warning: NUMERIC_STD.TO_INTEGER: metavalue detected, returning 0
at 9425 ns(1), Instance /testbench/uut/uut/ : Warning: NUMERIC_STD.TO_INTEGER: metavalue detected, returning 0
at 9435 ns(1), Instance /testbench/uut/uut/ : Warning: NUMERIC_STD.TO_INTEGER: metavalue detected, returning 0
at 9445 ns(1), Instance /testbench/uut/uut/ : Warning: NUMERIC_STD.TO_INTEGER: metavalue detected, returning 0
at 9455 ns(1), Instance /testbench/uut/uut/ : Warning: NUMERIC_STD.TO_INTEGER: metavalue detected, returning 0
at 9465 ns(1), Instance /testbench/uut/uut/ : Warning: NUMERIC_STD.TO_INTEGER: metavalue detected, returning 0
at 9475 ns(1), Instance /testbench/uut/uut/ : Warning: NUMERIC_STD.TO_INTEGER: metavalue detected, returning 0
at 9485 ns(1), Instance /testbench/uut/uut/ : Warning: NUMERIC_STD.TO_INTEGER: metavalue detected, returning 0
at 9495 ns(1), Instance /testbench/uut/uut/ : Warning: NUMERIC_STD.TO_INTEGER: metavalue detected, returning 0
at 9505 ns(1), Instance /testbench/uut/uut/ : Warning: NUMERIC_STD.TO_INTEGER: metavalue detected, returning 0
at 9515 ns(1), Instance /testbench/uut/uut/ : Warning: NUMERIC_STD.TO_INTEGER: metavalue detected, returning 0
at 9525 ns(1), Instance /testbench/uut/uut/ : Warning: NUMERIC_STD.TO_INTEGER: metavalue detected, returning 0
at 9535 ns(1), Instance /testbench/uut/uut/ : Warning: NUMERIC_STD.TO_INTEGER: metavalue detected, returning 0
at 9545 ns(1), Instance /testbench/uut/uut/ : Warning: NUMERIC_STD.TO_INTEGER: metavalue detected, returning 0
at 9555 ns(1), Instance /testbench/uut/uut/ : Warning: NUMERIC_STD.TO_INTEGER: metavalue detected, returning 0
at 9565 ns(1), Instance /testbench/uut/uut/ : Warning: NUMERIC_STD.TO_INTEGER: metavalue detected, returning 0
at 9575 ns(1), Instance /testbench/uut/uut/ : Warning: NUMERIC_STD.TO_INTEGER: metavalue detected, returning 0
at 9585 ns(1), Instance /testbench/uut/uut/ : Warning: NUMERIC_STD.TO_INTEGER: metavalue detected, returning 0
at 9595 ns(1), Instance /testbench/uut/uut/ : Warning: NUMERIC_STD.TO_INTEGER: metavalue detected, returning 0
at 9605 ns(1), Instance /testbench/uut/uut/ : Warning: NUMERIC_STD.TO_INTEGER: metavalue detected, returning 0
at 9615 ns(1), Instance /testbench/uut/uut/ : Warning: NUMERIC_STD.TO_INTEGER: metavalue detected, returning 0
at 9625 ns(1), Instance /testbench/uut/uut/ : Warning: NUMERIC_STD.TO_INTEGER: metavalue detected, returning 0
at 9635 ns(1), Instance /testbench/uut/uut/ : Warning: NUMERIC_STD.TO_INTEGER: metavalue detected, returning 0
at 9645 ns(1), Instance /testbench/uut/uut/ : Warning: NUMERIC_STD.TO_INTEGER: metavalue detected, returning 0
at 9655 ns(1), Instance /testbench/uut/uut/ : Warning: NUMERIC_STD.TO_INTEGER: metavalue detected, returning 0
at 9665 ns(1), Instance /testbench/uut/uut/ : Warning: NUMERIC_STD.TO_INTEGER: metavalue detected, returning 0
at 9675 ns(1), Instance /testbench/uut/uut/ : Warning: NUMERIC_STD.TO_INTEGER: metavalue detected, returning 0
at 9685 ns(1), Instance /testbench/uut/uut/ : Warning: NUMERIC_STD.TO_INTEGER: metavalue detected, returning 0
at 9695 ns(1), Instance /testbench/uut/uut/ : Warning: NUMERIC_STD.TO_INTEGER: metavalue detected, returning 0
at 9705 ns(1), Instance /testbench/uut/uut/ : Warning: NUMERIC_STD.TO_INTEGER: metavalue detected, returning 0
at 9715 ns(1), Instance /testbench/uut/uut/ : Warning: NUMERIC_STD.TO_INTEGER: metavalue detected, returning 0
at 9725 ns(1), Instance /testbench/uut/uut/ : Warning: NUMERIC_STD.TO_INTEGER: metavalue detected, returning 0
at 9735 ns(1), Instance /testbench/uut/uut/ : Warning: NUMERIC_STD.TO_INTEGER: metavalue detected, returning 0
at 9745 ns(1), Instance /testbench/uut/uut/ : Warning: NUMERIC_STD.TO_INTEGER: metavalue detected, returning 0
at 9755 ns(1), Instance /testbench/uut/uut/ : Warning: NUMERIC_STD.TO_INTEGER: metavalue detected, returning 0
at 9765 ns(1), Instance /testbench/uut/uut/ : Warning: NUMERIC_STD.TO_INTEGER: metavalue detected, returning 0
at 9775 ns(1), Instance /testbench/uut/uut/ : Warning: NUMERIC_STD.TO_INTEGER: metavalue detected, returning 0
at 9785 ns(1), Instance /testbench/uut/uut/ : Warning: NUMERIC_STD.TO_INTEGER: metavalue detected, returning 0
at 9795 ns(1), Instance /testbench/uut/uut/ : Warning: NUMERIC_STD.TO_INTEGER: metavalue detected, returning 0
at 9805 ns(1), Instance /testbench/uut/uut/ : Warning: NUMERIC_STD.TO_INTEGER: metavalue detected, returning 0
at 9815 ns(1), Instance /testbench/uut/uut/ : Warning: NUMERIC_STD.TO_INTEGER: metavalue detected, returning 0
at 9825 ns(1), Instance /testbench/uut/uut/ : Warning: NUMERIC_STD.TO_INTEGER: metavalue detected, returning 0
at 9835 ns(1), Instance /testbench/uut/uut/ : Warning: NUMERIC_STD.TO_INTEGER: metavalue detected, returning 0
at 9845 ns(1), Instance /testbench/uut/uut/ : Warning: NUMERIC_STD.TO_INTEGER: metavalue detected, returning 0
at 9855 ns(1), Instance /testbench/uut/uut/ : Warning: NUMERIC_STD.TO_INTEGER: metavalue detected, returning 0
at 9865 ns(1), Instance /testbench/uut/uut/ : Warning: NUMERIC_STD.TO_INTEGER: metavalue detected, returning 0
at 9875 ns(1), Instance /testbench/uut/uut/ : Warning: NUMERIC_STD.TO_INTEGER: metavalue detected, returning 0
at 9885 ns(1), Instance /testbench/uut/uut/ : Warning: NUMERIC_STD.TO_INTEGER: metavalue detected, returning 0
at 9895 ns(1), Instance /testbench/uut/uut/ : Warning: NUMERIC_STD.TO_INTEGER: metavalue detected, returning 0
at 9905 ns(1), Instance /testbench/uut/uut/ : Warning: NUMERIC_STD.TO_INTEGER: metavalue detected, returning 0
at 9915 ns(1), Instance /testbench/uut/uut/ : Warning: NUMERIC_STD.TO_INTEGER: metavalue detected, returning 0
at 9925 ns(1), Instance /testbench/uut/uut/ : Warning: NUMERIC_STD.TO_INTEGER: metavalue detected, returning 0
at 9935 ns(1), Instance /testbench/uut/uut/ : Warning: NUMERIC_STD.TO_INTEGER: metavalue detected, returning 0
at 9945 ns(1), Instance /testbench/uut/uut/ : Warning: NUMERIC_STD.TO_INTEGER: metavalue detected, returning 0
at 9955 ns(1), Instance /testbench/uut/uut/ : Warning: NUMERIC_STD.TO_INTEGER: metavalue detected, returning 0
at 9965 ns(1), Instance /testbench/uut/uut/ : Warning: NUMERIC_STD.TO_INTEGER: metavalue detected, returning 0
at 9975 ns(1), Instance /testbench/uut/uut/ : Warning: NUMERIC_STD.TO_INTEGER: metavalue detected, returning 0
at 9985 ns(1), Instance /testbench/uut/uut/ : Warning: NUMERIC_STD.TO_INTEGER: metavalue detected, returning 0
at 9995 ns(1), Instance /testbench/uut/uut/ : Warning: NUMERIC_STD.TO_INTEGER: metavalue detected, returning 0

** Failure:simulation ended
User(VHDL) Code Called Simulation Stop
In process TESTBENCH.vhd:stop_simulation 
 
INFO: Simulator is stopped.
