Release 14.7 Map P.20131013 (nt64)
Xilinx Mapping Report File for Design 'RS_encoder'

Design Information
------------------
Command Line   : map -filter "D:/my
files/course/projects/RS_encoder/VHDL/RS_encoder/iseconfig/filter.filter"
-intstyle ise -p xc6slx45-csg324-3 -w -logic_opt off -ol high -t 1 -xt 0
-register_duplication off -r 4 -global_opt off -mt off -detail -ir off -pr off
-lc off -power off -o RS_encoder_map.ncd RS_encoder.ngd RS_encoder.pcf 
Target Device  : xc6slx45
Target Package : csg324
Target Speed   : -3
Mapper Version : spartan6 -- $Revision: 1.55 $
Mapped Date    : Wed Feb 24 12:35:20 2021

Design Summary
--------------
Number of errors:      0
Number of warnings:    1
Slice Logic Utilization:
  Number of Slice Registers:                   144 out of  54,576    1%
    Number used as Flip Flops:                 144
    Number used as Latches:                      0
    Number used as Latch-thrus:                  0
    Number used as AND/OR logics:                0
  Number of Slice LUTs:                        399 out of  27,288    1%
    Number used as logic:                      398 out of  27,288    1%
      Number using O6 output only:             357
      Number using O5 output only:               6
      Number using O5 and O6:                   35
      Number used as ROM:                        0
    Number used as Memory:                       0 out of   6,408    0%
    Number used exclusively as route-thrus:      1
      Number with same-slice register load:      0
      Number with same-slice carry load:         1
      Number with other load:                    0

Slice Logic Distribution:
  Number of occupied Slices:                   124 out of   6,822    1%
  Number of MUXCYs used:                         8 out of  13,644    1%
  Number of LUT Flip Flop pairs used:          399
    Number with an unused Flip Flop:           263 out of     399   65%
    Number with an unused LUT:                   0 out of     399    0%
    Number of fully used LUT-FF pairs:         136 out of     399   34%
    Number of unique control sets:               2
    Number of slice register sites lost
      to control set restrictions:               0 out of  54,576    0%

  A LUT Flip Flop pair for this architecture represents one LUT paired with
  one Flip Flop within a slice.  A control set is a unique combination of
  clock, reset, set, and enable signals for a registered element.
  The Slice Logic Distribution report is not meaningful if the design is
  over-mapped for a non-slice resource or if Placement fails.

IO Utilization:
  Number of bonded IOBs:                        18 out of     218    8%

Specific Feature Utilization:
  Number of RAMB16BWERs:                         0 out of     116    0%
  Number of RAMB8BWERs:                          9 out of     232    3%
  Number of BUFIO2/BUFIO2_2CLKs:                 0 out of      32    0%
  Number of BUFIO2FB/BUFIO2FB_2CLKs:             0 out of      32    0%
  Number of BUFG/BUFGMUXs:                       1 out of      16    6%
    Number used as BUFGs:                        1
    Number used as BUFGMUX:                      0
  Number of DCM/DCM_CLKGENs:                     0 out of       8    0%
  Number of ILOGIC2/ISERDES2s:                   0 out of     376    0%
  Number of IODELAY2/IODRP2/IODRP2_MCBs:         0 out of     376    0%
  Number of OLOGIC2/OSERDES2s:                   0 out of     376    0%
  Number of BSCANs:                              0 out of       4    0%
  Number of BUFHs:                               0 out of     256    0%
  Number of BUFPLLs:                             0 out of       8    0%
  Number of BUFPLL_MCBs:                         0 out of       4    0%
  Number of DSP48A1s:                            0 out of      58    0%
  Number of ICAPs:                               0 out of       1    0%
  Number of MCBs:                                0 out of       2    0%
  Number of PCILOGICSEs:                         0 out of       2    0%
  Number of PLL_ADVs:                            0 out of       4    0%
  Number of PMVs:                                0 out of       1    0%
  Number of STARTUPs:                            0 out of       1    0%
  Number of SUSPEND_SYNCs:                       0 out of       1    0%

Average Fanout of Non-Clock Nets:                3.35

Peak Memory Usage:  429 MB
Total REAL time to MAP completion:  18 secs 
Total CPU time to MAP completion:   16 secs 

Table of Contents
-----------------
Section 1 - Errors
Section 2 - Warnings
Section 3 - Informational
Section 4 - Removed Logic Summary
Section 5 - Removed Logic
Section 6 - IOB Properties
Section 7 - RPMs
Section 8 - Guide Report
Section 9 - Area Group and Partition Summary
Section 10 - Timing Report
Section 11 - Configuration String Information
Section 12 - Control Set Information
Section 13 - Utilization by Hierarchy

Section 1 - Errors
------------------

Section 2 - Warnings
--------------------
WARNING:PhysDesignRules:2410 - This design is using one or more 9K Block RAMs
   (RAMB8BWER).  9K Block RAM initialization data, both user defined and
   default, may be incorrect and should not be used.  For more information,
   please reference Xilinx Answer Record 39999.

Section 3 - Informational
-------------------------
INFO:MapLib:562 - No environment variables are currently set.
INFO:LIT:244 - All of the single ended outputs in this design are using slew
   rate limited output drivers. The delay on speed critical single ended outputs
   can be dramatically reduced by designating them as fast outputs.
INFO:Pack:1716 - Initializing temperature to 85.000 Celsius. (default - Range:
   0.000 to 85.000 Celsius)
INFO:Pack:1720 - Initializing voltage to 1.140 Volts. (default - Range: 1.140 to
   1.260 Volts)
INFO:Map:215 - The Interim Design Summary has been generated in the MAP Report
   (.mrp).
INFO:Pack:1650 - Map created a placed design.

Section 4 - Removed Logic Summary
---------------------------------
   2 block(s) optimized away
   7 Block(s) redundant

Section 5 - Removed Logic
-------------------------

Optimized Block(s):
TYPE 		BLOCK
GND 		XST_GND
VCC 		XST_VCC

Redundant Block(s):
TYPE 		BLOCK
LUT1 		Mcount_c_cy<1>_rt
LUT1 		Mcount_c_cy<2>_rt
LUT1 		Mcount_c_cy<3>_rt
LUT1 		Mcount_c_cy<4>_rt
LUT1 		Mcount_c_cy<5>_rt
LUT1 		Mcount_c_cy<6>_rt
LUT1 		Mcount_c_xor<7>_rt

Section 6 - IOB Properties
--------------------------

+---------------------------------------------------------------------------------------------------------------------------------------------------------+
| IOB Name                           | Type             | Direction | IO Standard          | Diff  | Drive    | Slew | Reg (s)      | Resistor | IOB      |
|                                    |                  |           |                      | Term  | Strength | Rate |              |          | Delay    |
+---------------------------------------------------------------------------------------------------------------------------------------------------------+
| clk                                | IOB              | INPUT     | LVCMOS25             |       |          |      |              |          |          |
| din<0>                             | IOB              | INPUT     | LVCMOS25             |       |          |      |              |          |          |
| din<1>                             | IOB              | INPUT     | LVCMOS25             |       |          |      |              |          |          |
| din<2>                             | IOB              | INPUT     | LVCMOS25             |       |          |      |              |          |          |
| din<3>                             | IOB              | INPUT     | LVCMOS25             |       |          |      |              |          |          |
| din<4>                             | IOB              | INPUT     | LVCMOS25             |       |          |      |              |          |          |
| din<5>                             | IOB              | INPUT     | LVCMOS25             |       |          |      |              |          |          |
| din<6>                             | IOB              | INPUT     | LVCMOS25             |       |          |      |              |          |          |
| din<7>                             | IOB              | INPUT     | LVCMOS25             |       |          |      |              |          |          |
| dout<0>                            | IOB              | OUTPUT    | LVCMOS25             |       | 12       | SLOW |              |          |          |
| dout<1>                            | IOB              | OUTPUT    | LVCMOS25             |       | 12       | SLOW |              |          |          |
| dout<2>                            | IOB              | OUTPUT    | LVCMOS25             |       | 12       | SLOW |              |          |          |
| dout<3>                            | IOB              | OUTPUT    | LVCMOS25             |       | 12       | SLOW |              |          |          |
| dout<4>                            | IOB              | OUTPUT    | LVCMOS25             |       | 12       | SLOW |              |          |          |
| dout<5>                            | IOB              | OUTPUT    | LVCMOS25             |       | 12       | SLOW |              |          |          |
| dout<6>                            | IOB              | OUTPUT    | LVCMOS25             |       | 12       | SLOW |              |          |          |
| dout<7>                            | IOB              | OUTPUT    | LVCMOS25             |       | 12       | SLOW |              |          |          |
| reset                              | IOB              | INPUT     | LVCMOS25             |       |          |      |              |          |          |
+---------------------------------------------------------------------------------------------------------------------------------------------------------+

Section 7 - RPMs
----------------

Section 8 - Guide Report
------------------------
Guide not run on this design.

Section 9 - Area Group and Partition Summary
--------------------------------------------

Partition Implementation Status
-------------------------------

  No Partitions were found in this design.

-------------------------------

Area Group Information
----------------------

  No area groups were found in this design.

----------------------

Section 10 - Timing Report
--------------------------
A logic-level (pre-route) timing report can be generated by using Xilinx static
timing analysis tools, Timing Analyzer (GUI) or TRCE (command line), with the
mapped NCD and PCF files. Please note that this timing report will be generated
using estimated delay information. For accurate numbers, please generate a
timing report with the post Place and Route NCD file.

For more information about the Timing Analyzer, consult the Xilinx Timing
Analyzer Reference Manual; for more information about TRCE, consult the Xilinx
Command Line Tools User Guide "TRACE" chapter.

Section 11 - Configuration String Details
-----------------------------------------

Section 12 - Control Set Information
------------------------------------
+----------------------------------------------------------------------------------------------+
| Clock Signal | Reset Signal | Set Signal | Enable Signal | Slice Load Count | Bel Load Count |
+----------------------------------------------------------------------------------------------+
| clk_BUFGP    |              |            | reset_IBUF    | 33               | 136            |
| clk_BUFGP    | reset_inv    |            |               | 2                | 8              |
+----------------------------------------------------------------------------------------------+

Section 13 - Utilization by Hierarchy
-------------------------------------
+---------------------------------------------------------------------------------------------------------------------------------------------------------------------------------------+
| Module             | Partition | Slices*       | Slice Reg     | LUTs          | LUTRAM        | BRAM/FIFO | DSP48A1 | BUFG  | BUFIO | BUFR  | DCM   | PLL_ADV   | Full Hierarchical  |
+---------------------------------------------------------------------------------------------------------------------------------------------------------------------------------------+
| RS_encoder/        |           | 124/124       | 144/144       | 399/399       | 0/0           | 0/9       | 0/0     | 1/1   | 0/0   | 0/0   | 0/0   | 0/0       | RS_encoder         |
| +uut               |           | 0/0           | 0/0           | 0/0           | 0/0           | 1/1       | 0/0     | 0/0   | 0/0   | 0/0   | 0/0   | 0/0       | RS_encoder/uut     |
| +uut1              |           | 0/0           | 0/0           | 0/0           | 0/0           | 8/8       | 0/0     | 0/0   | 0/0   | 0/0   | 0/0   | 0/0       | RS_encoder/uut1    |
+---------------------------------------------------------------------------------------------------------------------------------------------------------------------------------------+

* Slices can be packed with basic elements from multiple hierarchies.
  Therefore, a slice will be counted in every hierarchical module
  that each of its packed basic elements belong to.
** For each column, there are two numbers reported <A>/<B>.
   <A> is the number of elements that belong to that specific hierarchical module.
   <B> is the total number of elements from that hierarchical module and any lower level
   hierarchical modules below.
*** The LUTRAM column counts all LUTs used as memory including RAM, ROM, and shift registers.
