Running: G:\Xilinx\ISE\14.7\ISE_DS\ISE\bin\nt64\unwrapped\fuse.exe -intstyle ise -incremental -lib unisims_ver -lib unimacro_ver -lib xilinxcorelib_ver -lib secureip -o D:/my_files/course/projects/RS_decoder/VHDL/Error_Locator_Calculator/Error_Locator_Calculator_tf_isim_beh.exe -prj D:/my_files/course/projects/RS_decoder/VHDL/Error_Locator_Calculator/Error_Locator_Calculator_tf_beh.prj work.Error_Locator_Calculator_tf work.glbl 
ISim P.20131013 (signature 0x7708f090)
Number of CPUs detected in this system: 4
Turning on mult-threading, number of parallel sub-compilation jobs: 8 
Determining compilation order of HDL files
Analyzing Verilog file "D:/my_files/course/projects/RS_decoder/VHDL/Error_Locator_Calculator/Error_Locator_Calculator_tf.v" into library work
Analyzing Verilog file "G:/Xilinx/ISE/14.7/ISE_DS/ISE//verilog/src/glbl.v" into library work
Parsing VHDL file "D:/my_files/course/projects/RS_decoder/VHDL/Error_Locator_Calculator/Error_Locator_Calculator.vhd" into library work
Starting static elaboration
Completed static elaboration
Compiling module Error_Locator_Calculator_tf
Compiling module glbl
Compiling package standard
Compiling package std_logic_1164
Compiling package std_logic_arith
Compiling package numeric_std
Compiling package textio
Compiling package std_logic_textio
Compiling package std_logic_unsigned
Compiling architecture behavioral of entity Error_Locator_Calculator [error_locator_calculator_default]
Time Resolution for simulation is 1ps.
Waiting for 2 sub-compilation(s) to finish...
Compiled 9 VHDL Units
Compiled 2 Verilog Units
Built simulation executable D:/my_files/course/projects/RS_decoder/VHDL/Error_Locator_Calculator/Error_Locator_Calculator_tf_isim_beh.exe
Fuse Memory Usage: 42172 KB
Fuse CPU Usage: 1186 ms
