Command line:
   z_Calculator_tf_isim_beh.exe
     -simmode  gui
     -simrunnum  0
     -socket  2268

Sun Aug 22 12:29:44 2021


 Elaboration Time: 0.125 sec

 Current Memory Usage: 5159.64 Meg

 Total Signals          : 60
 Total Nets             : 607
 Total Signal Drivers   : 52
 Total Blocks           : 9
 Total Primitive Blocks : 8
 Total Processes        : 53
 Total Traceable Variables  : 64
 Total Scalar Nets and Variables : 5999
In process z_Calculator.vhd:143 
 

 Total Simulation Time: 0.203125 sec

 Current Memory Usage: 5159.64 Meg

Sun Aug 22 12:29:56 2021

