Running: G:\Xilinx\ISE\14.7\ISE_DS\ISE\bin\nt64\unwrapped\fuse.exe -intstyle ise -incremental -lib secureip -o D:/my_files/course/projects/RS_decoder/VHDL/Syndrom/Syndrom_tb_isim_beh.exe -prj D:/my_files/course/projects/RS_decoder/VHDL/Syndrom/Syndrom_tb_beh.prj work.Syndrom_tb 
ISim P.20131013 (signature 0x7708f090)
Number of CPUs detected in this system: 4
Turning on mult-threading, number of parallel sub-compilation jobs: 8 
Determining compilation order of HDL files
Parsing VHDL file "D:/my_files/course/projects/RS_decoder/VHDL/Syndrom/Syndrom.vhd" into library work
Parsing VHDL file "D:/my_files/course/projects/RS_decoder/VHDL/Syndrom/Syndrom_tb.vhd" into library work
Starting static elaboration
Completed static elaboration
Compiling package standard
Compiling package textio
Compiling package std_logic_1164
Compiling package numeric_std
Compiling package std_logic_textio
Compiling package std_logic_arith
Compiling package std_logic_unsigned
Compiling architecture behavioral of entity Syndrom [syndrom_default]
Compiling architecture behavior of entity syndrom_tb
Time Resolution for simulation is 1ps.
Waiting for 1 sub-compilation(s) to finish...
Compiled 10 VHDL Units
Built simulation executable D:/my_files/course/projects/RS_decoder/VHDL/Syndrom/Syndrom_tb_isim_beh.exe
Fuse Memory Usage: 52212 KB
Fuse CPU Usage: 1342 ms
