ISim log file
Running: D:\my_files\course\projects\RS_decoder\VHDL\Syndrom\Syndrom_tb_isim_beh.exe -intstyle ise -gui -tclbatch isim.cmd -wdb D:/my_files/course/projects/RS_decoder/VHDL/Syndrom/Syndrom_tb_isim_beh.wdb 
ISim P.20131013 (signature 0x7708f090)
This is a Full version of ISim.
Time resolution is 1 ps
# onerror resume
# wave add /
# run 1000 ns
Simulator is doing circuit initialization process.
Finished circuit initialization process.
at 20 ns: Note: byte 1 = 141; (/syndrom_tb/).
at 30 ns: Note: byte 2 = 177; (/syndrom_tb/).
at 40 ns: Note: byte 3 = 193; (/syndrom_tb/).
at 50 ns: Note: byte 4 = 146; (/syndrom_tb/).
at 60 ns: Note: byte 5 = 81; (/syndrom_tb/).
at 70 ns: Note: byte 6 = 189; (/syndrom_tb/).
at 80 ns: Note: byte 7 = 235; (/syndrom_tb/).
at 90 ns: Note: byte 8 = 252; (/syndrom_tb/).
at 100 ns: Note: byte 9 = 174; (/syndrom_tb/).
at 110 ns: Note: byte 10 = 35; (/syndrom_tb/).
at 120 ns: Note: byte 11 = 187; (/syndrom_tb/).
at 130 ns: Note: byte 12 = 146; (/syndrom_tb/).
at 140 ns: Note: byte 13 = 48; (/syndrom_tb/).
at 150 ns: Note: byte 14 = 83; (/syndrom_tb/).
at 160 ns: Note: byte 15 = 214; (/syndrom_tb/).
at 170 ns: Note: byte 16 = 132; (/syndrom_tb/).
at 180 ns: Note: byte 17 = 0; (/syndrom_tb/).
at 190 ns: Note: byte 18 = 0; (/syndrom_tb/).
at 200 ns: Note: byte 19 = 0; (/syndrom_tb/).
at 210 ns: Note: byte 20 = 0; (/syndrom_tb/).
at 220 ns: Note: byte 21 = 0; (/syndrom_tb/).
at 230 ns: Note: byte 22 = 0; (/syndrom_tb/).
at 240 ns: Note: byte 23 = 0; (/syndrom_tb/).
at 250 ns: Note: byte 24 = 0; (/syndrom_tb/).
at 260 ns: Note: byte 25 = 0; (/syndrom_tb/).
at 270 ns: Note: byte 26 = 0; (/syndrom_tb/).
at 280 ns: Note: byte 27 = 0; (/syndrom_tb/).
at 290 ns: Note: byte 28 = 0; (/syndrom_tb/).
at 300 ns: Note: byte 29 = 0; (/syndrom_tb/).
at 310 ns: Note: byte 30 = 0; (/syndrom_tb/).
at 320 ns: Note: byte 31 = 0; (/syndrom_tb/).
at 330 ns: Note: byte 32 = 0; (/syndrom_tb/).
at 340 ns: Note: byte 33 = 0; (/syndrom_tb/).
at 350 ns: Note: byte 34 = 0; (/syndrom_tb/).
at 360 ns: Note: byte 35 = 0; (/syndrom_tb/).
at 370 ns: Note: byte 36 = 0; (/syndrom_tb/).
at 380 ns: Note: byte 37 = 0; (/syndrom_tb/).
at 390 ns: Note: byte 38 = 0; (/syndrom_tb/).
at 400 ns: Note: byte 39 = 0; (/syndrom_tb/).
at 410 ns: Note: byte 40 = 0; (/syndrom_tb/).
at 420 ns: Note: byte 41 = 0; (/syndrom_tb/).
at 430 ns: Note: byte 42 = 0; (/syndrom_tb/).
at 440 ns: Note: byte 43 = 0; (/syndrom_tb/).
at 450 ns: Note: byte 44 = 0; (/syndrom_tb/).
at 460 ns: Note: byte 45 = 0; (/syndrom_tb/).
at 470 ns: Note: byte 46 = 0; (/syndrom_tb/).
at 480 ns: Note: byte 47 = 0; (/syndrom_tb/).
at 490 ns: Note: byte 48 = 0; (/syndrom_tb/).
at 500 ns: Note: byte 49 = 0; (/syndrom_tb/).
at 510 ns: Note: byte 50 = 0; (/syndrom_tb/).
at 520 ns: Note: byte 51 = 0; (/syndrom_tb/).
at 530 ns: Note: byte 52 = 0; (/syndrom_tb/).
at 540 ns: Note: byte 53 = 0; (/syndrom_tb/).
at 550 ns: Note: byte 54 = 0; (/syndrom_tb/).
at 560 ns: Note: byte 55 = 0; (/syndrom_tb/).
at 570 ns: Note: byte 56 = 0; (/syndrom_tb/).
at 580 ns: Note: byte 57 = 0; (/syndrom_tb/).
at 590 ns: Note: byte 58 = 0; (/syndrom_tb/).
at 600 ns: Note: byte 59 = 0; (/syndrom_tb/).
at 610 ns: Note: byte 60 = 0; (/syndrom_tb/).
at 620 ns: Note: byte 61 = 0; (/syndrom_tb/).
at 630 ns: Note: byte 62 = 0; (/syndrom_tb/).
at 640 ns: Note: byte 63 = 0; (/syndrom_tb/).
at 650 ns: Note: byte 64 = 0; (/syndrom_tb/).
at 660 ns: Note: byte 65 = 0; (/syndrom_tb/).
at 670 ns: Note: byte 66 = 0; (/syndrom_tb/).
at 680 ns: Note: byte 67 = 0; (/syndrom_tb/).
at 690 ns: Note: byte 68 = 26; (/syndrom_tb/).
at 700 ns: Note: byte 69 = 116; (/syndrom_tb/).
at 710 ns: Note: byte 70 = 78; (/syndrom_tb/).
at 720 ns: Note: byte 71 = 23; (/syndrom_tb/).
at 730 ns: Note: byte 72 = 50; (/syndrom_tb/).
at 740 ns: Note: byte 73 = 229; (/syndrom_tb/).
at 750 ns: Note: byte 74 = 3; (/syndrom_tb/).
at 760 ns: Note: byte 75 = 113; (/syndrom_tb/).
at 770 ns: Note: byte 76 = 13; (/syndrom_tb/).
at 780 ns: Note: byte 77 = 62; (/syndrom_tb/).
at 790 ns: Note: byte 78 = 18; (/syndrom_tb/).
at 800 ns: Note: byte 79 = 229; (/syndrom_tb/).
at 810 ns: Note: byte 80 = 54; (/syndrom_tb/).
at 820 ns: Note: byte 81 = 34; (/syndrom_tb/).
at 830 ns: Note: byte 82 = 76; (/syndrom_tb/).
at 840 ns: Note: byte 83 = 152; (/syndrom_tb/).
at 850 ns: Note: byte 84 = 47; (/syndrom_tb/).
at 860 ns: Note: byte 85 = 143; (/syndrom_tb/).
at 870 ns: Note: byte 86 = 188; (/syndrom_tb/).
at 880 ns: Note: byte 87 = 190; (/syndrom_tb/).
at 890 ns: Note: byte 88 = 26; (/syndrom_tb/).
at 900 ns: Note: byte 89 = 233; (/syndrom_tb/).
at 910 ns: Note: byte 90 = 119; (/syndrom_tb/).
at 920 ns: Note: byte 91 = 172; (/syndrom_tb/).
at 930 ns: Note: byte 92 = 231; (/syndrom_tb/).
at 940 ns: Note: byte 93 = 53; (/syndrom_tb/).
at 950 ns: Note: byte 94 = 44; (/syndrom_tb/).
at 960 ns: Note: byte 95 = 85; (/syndrom_tb/).
at 970 ns: Note: byte 96 = 133; (/syndrom_tb/).
at 980 ns: Note: byte 97 = 14; (/syndrom_tb/).
at 990 ns: Note: byte 98 = 92; (/syndrom_tb/).
at 1 us: Note: byte 99 = 45; (/syndrom_tb/).
# run all
at 1010 ns: Note: byte 100 = 25; (/syndrom_tb/).
at 1020 ns: Note: byte 101 = 209; (/syndrom_tb/).
at 1030 ns: Note: byte 102 = 195; (/syndrom_tb/).
at 1040 ns: Note: byte 103 = 118; (/syndrom_tb/).
at 1050 ns: Note: byte 104 = 106; (/syndrom_tb/).
at 1060 ns: Note: byte 105 = 73; (/syndrom_tb/).
at 1070 ns: Note: byte 106 = 255; (/syndrom_tb/).
at 1080 ns: Note: byte 107 = 180; (/syndrom_tb/).
at 1090 ns: Note: byte 108 = 138; (/syndrom_tb/).
at 1100 ns: Note: byte 109 = 253; (/syndrom_tb/).
at 1110 ns: Note: byte 110 = 30; (/syndrom_tb/).
at 1120 ns: Note: byte 111 = 230; (/syndrom_tb/).
at 1130 ns: Note: byte 112 = 84; (/syndrom_tb/).
at 1140 ns: Note: byte 113 = 169; (/syndrom_tb/).
at 1150 ns: Note: byte 114 = 45; (/syndrom_tb/).
at 1160 ns: Note: byte 115 = 13; (/syndrom_tb/).
at 1170 ns: Note: byte 116 = 114; (/syndrom_tb/).
at 1180 ns: Note: byte 117 = 89; (/syndrom_tb/).
at 1190 ns: Note: byte 118 = 218; (/syndrom_tb/).
at 1200 ns: Note: byte 119 = 143; (/syndrom_tb/).
at 1210 ns: Note: byte 120 = 215; (/syndrom_tb/).
at 1220 ns: Note: byte 121 = 6; (/syndrom_tb/).
at 1230 ns: Note: byte 122 = 165; (/syndrom_tb/).
at 1240 ns: Note: byte 123 = 119; (/syndrom_tb/).
at 1250 ns: Note: byte 124 = 85; (/syndrom_tb/).
at 1260 ns: Note: byte 125 = 75; (/syndrom_tb/).
at 1270 ns: Note: byte 126 = 77; (/syndrom_tb/).
at 1280 ns: Note: byte 127 = 240; (/syndrom_tb/).
at 1290 ns: Note: byte 128 = 7; (/syndrom_tb/).
at 1300 ns: Note: byte 129 = 34; (/syndrom_tb/).
at 1310 ns: Note: byte 130 = 102; (/syndrom_tb/).
at 1320 ns: Note: byte 131 = 45; (/syndrom_tb/).
at 1330 ns: Note: byte 132 = 131; (/syndrom_tb/).
at 1340 ns: Note: byte 133 = 201; (/syndrom_tb/).
at 1350 ns: Note: byte 134 = 219; (/syndrom_tb/).
at 1360 ns: Note: byte 135 = 252; (/syndrom_tb/).
at 1370 ns: Note: byte 136 = 239; (/syndrom_tb/).
at 1380 ns: Note: byte 137 = 220; (/syndrom_tb/).
at 1390 ns: Note: byte 138 = 16; (/syndrom_tb/).
at 1400 ns: Note: byte 139 = 188; (/syndrom_tb/).
at 1410 ns: Note: byte 140 = 186; (/syndrom_tb/).
at 1420 ns: Note: byte 141 = 238; (/syndrom_tb/).
at 1430 ns: Note: byte 142 = 13; (/syndrom_tb/).
at 1440 ns: Note: byte 143 = 146; (/syndrom_tb/).
at 1450 ns: Note: byte 144 = 158; (/syndrom_tb/).
at 1460 ns: Note: byte 145 = 42; (/syndrom_tb/).
at 1470 ns: Note: byte 146 = 36; (/syndrom_tb/).
at 1480 ns: Note: byte 147 = 27; (/syndrom_tb/).
at 1490 ns: Note: byte 148 = 21; (/syndrom_tb/).
at 1500 ns: Note: byte 149 = 242; (/syndrom_tb/).
at 1510 ns: Note: byte 150 = 52; (/syndrom_tb/).
at 1520 ns: Note: byte 151 = 106; (/syndrom_tb/).
at 1530 ns: Note: byte 152 = 163; (/syndrom_tb/).
at 1540 ns: Note: byte 153 = 144; (/syndrom_tb/).
at 1550 ns: Note: byte 154 = 53; (/syndrom_tb/).
at 1560 ns: Note: byte 155 = 69; (/syndrom_tb/).
at 1570 ns: Note: byte 156 = 223; (/syndrom_tb/).
at 1580 ns: Note: byte 157 = 218; (/syndrom_tb/).
at 1590 ns: Note: byte 158 = 125; (/syndrom_tb/).
at 1600 ns: Note: byte 159 = 31; (/syndrom_tb/).
at 1610 ns: Note: byte 160 = 113; (/syndrom_tb/).
at 1620 ns: Note: byte 161 = 137; (/syndrom_tb/).
at 1630 ns: Note: byte 162 = 127; (/syndrom_tb/).
at 1640 ns: Note: byte 163 = 177; (/syndrom_tb/).
at 1650 ns: Note: byte 164 = 137; (/syndrom_tb/).
at 1660 ns: Note: byte 165 = 72; (/syndrom_tb/).
at 1670 ns: Note: byte 166 = 162; (/syndrom_tb/).
at 1680 ns: Note: byte 167 = 10; (/syndrom_tb/).
at 1690 ns: Note: byte 168 = 48; (/syndrom_tb/).
at 1700 ns: Note: byte 169 = 37; (/syndrom_tb/).
at 1710 ns: Note: byte 170 = 52; (/syndrom_tb/).
at 1720 ns: Note: byte 171 = 31; (/syndrom_tb/).
at 1730 ns: Note: byte 172 = 49; (/syndrom_tb/).
at 1740 ns: Note: byte 173 = 125; (/syndrom_tb/).
at 1750 ns: Note: byte 174 = 12; (/syndrom_tb/).
at 1760 ns: Note: byte 175 = 92; (/syndrom_tb/).
at 1770 ns: Note: byte 176 = 157; (/syndrom_tb/).
at 1780 ns: Note: byte 177 = 8; (/syndrom_tb/).
at 1790 ns: Note: byte 178 = 161; (/syndrom_tb/).
at 1800 ns: Note: byte 179 = 141; (/syndrom_tb/).
at 1810 ns: Note: byte 180 = 53; (/syndrom_tb/).
at 1820 ns: Note: byte 181 = 216; (/syndrom_tb/).
at 1830 ns: Note: byte 182 = 123; (/syndrom_tb/).
at 1840 ns: Note: byte 183 = 220; (/syndrom_tb/).
at 1850 ns: Note: byte 184 = 30; (/syndrom_tb/).
at 1860 ns: Note: byte 185 = 4; (/syndrom_tb/).
at 1870 ns: Note: byte 186 = 148; (/syndrom_tb/).
at 1880 ns: Note: byte 187 = 237; (/syndrom_tb/).
at 1890 ns: Note: byte 188 = 148; (/syndrom_tb/).
at 1900 ns: Note: byte 189 = 196; (/syndrom_tb/).
at 1910 ns: Note: byte 190 = 251; (/syndrom_tb/).
at 1920 ns: Note: byte 191 = 228; (/syndrom_tb/).
at 1930 ns: Note: byte 192 = 186; (/syndrom_tb/).
at 1940 ns: Note: byte 193 = 169; (/syndrom_tb/).
at 1950 ns: Note: byte 194 = 160; (/syndrom_tb/).
at 1960 ns: Note: byte 195 = 21; (/syndrom_tb/).
at 1970 ns: Note: byte 196 = 170; (/syndrom_tb/).
at 1980 ns: Note: byte 197 = 63; (/syndrom_tb/).
at 1990 ns: Note: byte 198 = 150; (/syndrom_tb/).
at 2 us: Note: byte 199 = 189; (/syndrom_tb/).
at 2010 ns: Note: byte 200 = 216; (/syndrom_tb/).
at 2020 ns: Note: byte 201 = 147; (/syndrom_tb/).
at 2030 ns: Note: byte 202 = 230; (/syndrom_tb/).
at 2040 ns: Note: byte 203 = 127; (/syndrom_tb/).
at 2050 ns: Note: byte 204 = 58; (/syndrom_tb/).
at 2060 ns: Note: byte 205 = 205; (/syndrom_tb/).
at 2070 ns: Note: byte 206 = 122; (/syndrom_tb/).
at 2080 ns: Note: byte 207 = 135; (/syndrom_tb/).
at 2090 ns: Note: byte 208 = 253; (/syndrom_tb/).
at 2100 ns: Note: byte 209 = 156; (/syndrom_tb/).
at 2110 ns: Note: byte 210 = 221; (/syndrom_tb/).
at 2120 ns: Note: byte 211 = 0; (/syndrom_tb/).
at 2130 ns: Note: byte 212 = 253; (/syndrom_tb/).
at 2140 ns: Note: byte 213 = 225; (/syndrom_tb/).
at 2150 ns: Note: byte 214 = 208; (/syndrom_tb/).
at 2160 ns: Note: byte 215 = 149; (/syndrom_tb/).
at 2170 ns: Note: byte 216 = 178; (/syndrom_tb/).
at 2180 ns: Note: byte 217 = 237; (/syndrom_tb/).
at 2190 ns: Note: byte 218 = 143; (/syndrom_tb/).
at 2200 ns: Note: byte 219 = 217; (/syndrom_tb/).
at 2210 ns: Note: byte 220 = 14; (/syndrom_tb/).
at 2220 ns: Note: byte 221 = 37; (/syndrom_tb/).
at 2230 ns: Note: byte 222 = 126; (/syndrom_tb/).
at 2240 ns: Note: byte 223 = 48; (/syndrom_tb/).
at 2250 ns: Note: byte 224 = 126; (/syndrom_tb/).
at 2260 ns: Note: byte 225 = 173; (/syndrom_tb/).
at 2270 ns: Note: byte 226 = 34; (/syndrom_tb/).
at 2280 ns: Note: byte 227 = 28; (/syndrom_tb/).
at 2290 ns: Note: byte 228 = 23; (/syndrom_tb/).
at 2300 ns: Note: byte 229 = 136; (/syndrom_tb/).
at 2310 ns: Note: byte 230 = 81; (/syndrom_tb/).
at 2320 ns: Note: byte 231 = 202; (/syndrom_tb/).
at 2330 ns: Note: byte 232 = 211; (/syndrom_tb/).
at 2340 ns: Note: byte 233 = 191; (/syndrom_tb/).
at 2350 ns: Note: byte 234 = 104; (/syndrom_tb/).
at 2360 ns: Note: byte 235 = 51; (/syndrom_tb/).
at 2370 ns: Note: byte 236 = 39; (/syndrom_tb/).
at 2380 ns: Note: byte 237 = 150; (/syndrom_tb/).
at 2390 ns: Note: byte 238 = 226; (/syndrom_tb/).
at 2400 ns: Note: byte 239 = 131; (/syndrom_tb/).
at 2410 ns: Note: byte 240 = 253; (/syndrom_tb/).
at 2420 ns: Note: byte 241 = 220; (/syndrom_tb/).
at 2430 ns: Note: byte 242 = 42; (/syndrom_tb/).
at 2440 ns: Note: byte 243 = 196; (/syndrom_tb/).
at 2450 ns: Note: byte 244 = 213; (/syndrom_tb/).
at 2460 ns: Note: byte 245 = 112; (/syndrom_tb/).
at 2470 ns: Note: byte 246 = 171; (/syndrom_tb/).
at 2480 ns: Note: byte 247 = 83; (/syndrom_tb/).
at 2490 ns: Note: byte 248 = 243; (/syndrom_tb/).
at 2500 ns: Note: byte 249 = 202; (/syndrom_tb/).
at 2510 ns: Note: byte 250 = 55; (/syndrom_tb/).
at 2520 ns: Note: byte 251 = 96; (/syndrom_tb/).
at 2530 ns: Note: byte 252 = 193; (/syndrom_tb/).
at 2540 ns: Note: byte 253 = 206; (/syndrom_tb/).
at 2550 ns: Note: byte 254 = 101; (/syndrom_tb/).
at 2560 ns: Note: byte 255 = 196; (/syndrom_tb/).
at 2570 ns: Error: Textio read:: called on empty string or line
at 2570 ns: Note: byte 256 = 196; (/syndrom_tb/).

** Failure:SImulation Finished
User(VHDL) Code Called Simulation Stop
In process Syndrom_tb.vhd:stim_proc 
 
INFO: Simulator is stopped.
# restart
# run all
Simulator is doing circuit initialization process.
Finished circuit initialization process.
at 20 ns: Note: byte 1 = 141; (/syndrom_tb/).
at 30 ns: Note: byte 2 = 177; (/syndrom_tb/).
at 40 ns: Note: byte 3 = 193; (/syndrom_tb/).
at 50 ns: Note: byte 4 = 146; (/syndrom_tb/).
at 60 ns: Note: byte 5 = 81; (/syndrom_tb/).
at 70 ns: Note: byte 6 = 189; (/syndrom_tb/).
at 80 ns: Note: byte 7 = 235; (/syndrom_tb/).
at 90 ns: Note: byte 8 = 252; (/syndrom_tb/).
at 100 ns: Note: byte 9 = 174; (/syndrom_tb/).
at 110 ns: Note: byte 10 = 35; (/syndrom_tb/).
at 120 ns: Note: byte 11 = 187; (/syndrom_tb/).
at 130 ns: Note: byte 12 = 146; (/syndrom_tb/).
at 140 ns: Note: byte 13 = 48; (/syndrom_tb/).
at 150 ns: Note: byte 14 = 83; (/syndrom_tb/).
at 160 ns: Note: byte 15 = 214; (/syndrom_tb/).
at 170 ns: Note: byte 16 = 132; (/syndrom_tb/).
at 180 ns: Note: byte 17 = 0; (/syndrom_tb/).
at 190 ns: Note: byte 18 = 0; (/syndrom_tb/).
at 200 ns: Note: byte 19 = 0; (/syndrom_tb/).
at 210 ns: Note: byte 20 = 0; (/syndrom_tb/).
at 220 ns: Note: byte 21 = 0; (/syndrom_tb/).
at 230 ns: Note: byte 22 = 0; (/syndrom_tb/).
at 240 ns: Note: byte 23 = 0; (/syndrom_tb/).
at 250 ns: Note: byte 24 = 0; (/syndrom_tb/).
at 260 ns: Note: byte 25 = 0; (/syndrom_tb/).
at 270 ns: Note: byte 26 = 0; (/syndrom_tb/).
at 280 ns: Note: byte 27 = 0; (/syndrom_tb/).
at 290 ns: Note: byte 28 = 0; (/syndrom_tb/).
at 300 ns: Note: byte 29 = 0; (/syndrom_tb/).
at 310 ns: Note: byte 30 = 0; (/syndrom_tb/).
at 320 ns: Note: byte 31 = 0; (/syndrom_tb/).
at 330 ns: Note: byte 32 = 0; (/syndrom_tb/).
at 340 ns: Note: byte 33 = 0; (/syndrom_tb/).
at 350 ns: Note: byte 34 = 0; (/syndrom_tb/).
at 360 ns: Note: byte 35 = 0; (/syndrom_tb/).
at 370 ns: Note: byte 36 = 0; (/syndrom_tb/).
at 380 ns: Note: byte 37 = 0; (/syndrom_tb/).
at 390 ns: Note: byte 38 = 0; (/syndrom_tb/).
at 400 ns: Note: byte 39 = 0; (/syndrom_tb/).
at 410 ns: Note: byte 40 = 0; (/syndrom_tb/).
at 420 ns: Note: byte 41 = 0; (/syndrom_tb/).
at 430 ns: Note: byte 42 = 0; (/syndrom_tb/).
at 440 ns: Note: byte 43 = 0; (/syndrom_tb/).
at 450 ns: Note: byte 44 = 0; (/syndrom_tb/).
at 460 ns: Note: byte 45 = 0; (/syndrom_tb/).
at 470 ns: Note: byte 46 = 0; (/syndrom_tb/).
at 480 ns: Note: byte 47 = 0; (/syndrom_tb/).
at 490 ns: Note: byte 48 = 0; (/syndrom_tb/).
at 500 ns: Note: byte 49 = 0; (/syndrom_tb/).
at 510 ns: Note: byte 50 = 0; (/syndrom_tb/).
at 520 ns: Note: byte 51 = 0; (/syndrom_tb/).
at 530 ns: Note: byte 52 = 0; (/syndrom_tb/).
at 540 ns: Note: byte 53 = 0; (/syndrom_tb/).
at 550 ns: Note: byte 54 = 0; (/syndrom_tb/).
at 560 ns: Note: byte 55 = 0; (/syndrom_tb/).
at 570 ns: Note: byte 56 = 0; (/syndrom_tb/).
at 580 ns: Note: byte 57 = 0; (/syndrom_tb/).
at 590 ns: Note: byte 58 = 0; (/syndrom_tb/).
at 600 ns: Note: byte 59 = 0; (/syndrom_tb/).
at 610 ns: Note: byte 60 = 0; (/syndrom_tb/).
at 620 ns: Note: byte 61 = 0; (/syndrom_tb/).
at 630 ns: Note: byte 62 = 0; (/syndrom_tb/).
at 640 ns: Note: byte 63 = 0; (/syndrom_tb/).
at 650 ns: Note: byte 64 = 0; (/syndrom_tb/).
at 660 ns: Note: byte 65 = 0; (/syndrom_tb/).
at 670 ns: Note: byte 66 = 0; (/syndrom_tb/).
at 680 ns: Note: byte 67 = 0; (/syndrom_tb/).
at 690 ns: Note: byte 68 = 26; (/syndrom_tb/).
at 700 ns: Note: byte 69 = 116; (/syndrom_tb/).
at 710 ns: Note: byte 70 = 78; (/syndrom_tb/).
at 720 ns: Note: byte 71 = 23; (/syndrom_tb/).
at 730 ns: Note: byte 72 = 50; (/syndrom_tb/).
at 740 ns: Note: byte 73 = 229; (/syndrom_tb/).
at 750 ns: Note: byte 74 = 3; (/syndrom_tb/).
at 760 ns: Note: byte 75 = 113; (/syndrom_tb/).
at 770 ns: Note: byte 76 = 13; (/syndrom_tb/).
at 780 ns: Note: byte 77 = 62; (/syndrom_tb/).
at 790 ns: Note: byte 78 = 18; (/syndrom_tb/).
at 800 ns: Note: byte 79 = 229; (/syndrom_tb/).
at 810 ns: Note: byte 80 = 54; (/syndrom_tb/).
at 820 ns: Note: byte 81 = 34; (/syndrom_tb/).
at 830 ns: Note: byte 82 = 76; (/syndrom_tb/).
at 840 ns: Note: byte 83 = 152; (/syndrom_tb/).
at 850 ns: Note: byte 84 = 47; (/syndrom_tb/).
at 860 ns: Note: byte 85 = 143; (/syndrom_tb/).
at 870 ns: Note: byte 86 = 188; (/syndrom_tb/).
at 880 ns: Note: byte 87 = 190; (/syndrom_tb/).
at 890 ns: Note: byte 88 = 26; (/syndrom_tb/).
at 900 ns: Note: byte 89 = 233; (/syndrom_tb/).
at 910 ns: Note: byte 90 = 119; (/syndrom_tb/).
at 920 ns: Note: byte 91 = 172; (/syndrom_tb/).
at 930 ns: Note: byte 92 = 231; (/syndrom_tb/).
at 940 ns: Note: byte 93 = 53; (/syndrom_tb/).
at 950 ns: Note: byte 94 = 44; (/syndrom_tb/).
at 960 ns: Note: byte 95 = 85; (/syndrom_tb/).
at 970 ns: Note: byte 96 = 133; (/syndrom_tb/).
at 980 ns: Note: byte 97 = 14; (/syndrom_tb/).
at 990 ns: Note: byte 98 = 92; (/syndrom_tb/).
at 1 us: Note: byte 99 = 45; (/syndrom_tb/).
at 1010 ns: Note: byte 100 = 25; (/syndrom_tb/).
at 1020 ns: Note: byte 101 = 209; (/syndrom_tb/).
at 1030 ns: Note: byte 102 = 195; (/syndrom_tb/).
at 1040 ns: Note: byte 103 = 118; (/syndrom_tb/).
at 1050 ns: Note: byte 104 = 106; (/syndrom_tb/).
at 1060 ns: Note: byte 105 = 73; (/syndrom_tb/).
at 1070 ns: Note: byte 106 = 255; (/syndrom_tb/).
at 1080 ns: Note: byte 107 = 180; (/syndrom_tb/).
at 1090 ns: Note: byte 108 = 138; (/syndrom_tb/).
at 1100 ns: Note: byte 109 = 253; (/syndrom_tb/).
at 1110 ns: Note: byte 110 = 30; (/syndrom_tb/).
at 1120 ns: Note: byte 111 = 230; (/syndrom_tb/).
at 1130 ns: Note: byte 112 = 84; (/syndrom_tb/).
at 1140 ns: Note: byte 113 = 169; (/syndrom_tb/).
at 1150 ns: Note: byte 114 = 45; (/syndrom_tb/).
at 1160 ns: Note: byte 115 = 13; (/syndrom_tb/).
at 1170 ns: Note: byte 116 = 114; (/syndrom_tb/).
at 1180 ns: Note: byte 117 = 89; (/syndrom_tb/).
at 1190 ns: Note: byte 118 = 218; (/syndrom_tb/).
at 1200 ns: Note: byte 119 = 143; (/syndrom_tb/).
at 1210 ns: Note: byte 120 = 215; (/syndrom_tb/).
at 1220 ns: Note: byte 121 = 6; (/syndrom_tb/).
at 1230 ns: Note: byte 122 = 165; (/syndrom_tb/).
at 1240 ns: Note: byte 123 = 119; (/syndrom_tb/).
at 1250 ns: Note: byte 124 = 85; (/syndrom_tb/).
at 1260 ns: Note: byte 125 = 75; (/syndrom_tb/).
at 1270 ns: Note: byte 126 = 77; (/syndrom_tb/).
at 1280 ns: Note: byte 127 = 240; (/syndrom_tb/).
at 1290 ns: Note: byte 128 = 7; (/syndrom_tb/).
at 1300 ns: Note: byte 129 = 34; (/syndrom_tb/).
at 1310 ns: Note: byte 130 = 102; (/syndrom_tb/).
at 1320 ns: Note: byte 131 = 45; (/syndrom_tb/).
at 1330 ns: Note: byte 132 = 131; (/syndrom_tb/).
at 1340 ns: Note: byte 133 = 201; (/syndrom_tb/).
at 1350 ns: Note: byte 134 = 219; (/syndrom_tb/).
at 1360 ns: Note: byte 135 = 252; (/syndrom_tb/).
at 1370 ns: Note: byte 136 = 239; (/syndrom_tb/).
at 1380 ns: Note: byte 137 = 220; (/syndrom_tb/).
at 1390 ns: Note: byte 138 = 16; (/syndrom_tb/).
at 1400 ns: Note: byte 139 = 188; (/syndrom_tb/).
at 1410 ns: Note: byte 140 = 186; (/syndrom_tb/).
at 1420 ns: Note: byte 141 = 238; (/syndrom_tb/).
at 1430 ns: Note: byte 142 = 13; (/syndrom_tb/).
at 1440 ns: Note: byte 143 = 146; (/syndrom_tb/).
at 1450 ns: Note: byte 144 = 158; (/syndrom_tb/).
at 1460 ns: Note: byte 145 = 42; (/syndrom_tb/).
at 1470 ns: Note: byte 146 = 36; (/syndrom_tb/).
at 1480 ns: Note: byte 147 = 27; (/syndrom_tb/).
at 1490 ns: Note: byte 148 = 21; (/syndrom_tb/).
at 1500 ns: Note: byte 149 = 242; (/syndrom_tb/).
at 1510 ns: Note: byte 150 = 52; (/syndrom_tb/).
at 1520 ns: Note: byte 151 = 106; (/syndrom_tb/).
at 1530 ns: Note: byte 152 = 163; (/syndrom_tb/).
at 1540 ns: Note: byte 153 = 144; (/syndrom_tb/).
at 1550 ns: Note: byte 154 = 53; (/syndrom_tb/).
at 1560 ns: Note: byte 155 = 69; (/syndrom_tb/).
at 1570 ns: Note: byte 156 = 223; (/syndrom_tb/).
at 1580 ns: Note: byte 157 = 218; (/syndrom_tb/).
at 1590 ns: Note: byte 158 = 125; (/syndrom_tb/).
at 1600 ns: Note: byte 159 = 31; (/syndrom_tb/).
at 1610 ns: Note: byte 160 = 113; (/syndrom_tb/).
at 1620 ns: Note: byte 161 = 137; (/syndrom_tb/).
at 1630 ns: Note: byte 162 = 127; (/syndrom_tb/).
at 1640 ns: Note: byte 163 = 177; (/syndrom_tb/).
at 1650 ns: Note: byte 164 = 137; (/syndrom_tb/).
at 1660 ns: Note: byte 165 = 72; (/syndrom_tb/).
at 1670 ns: Note: byte 166 = 162; (/syndrom_tb/).
at 1680 ns: Note: byte 167 = 10; (/syndrom_tb/).
at 1690 ns: Note: byte 168 = 48; (/syndrom_tb/).
at 1700 ns: Note: byte 169 = 37; (/syndrom_tb/).
at 1710 ns: Note: byte 170 = 52; (/syndrom_tb/).
at 1720 ns: Note: byte 171 = 31; (/syndrom_tb/).
at 1730 ns: Note: byte 172 = 49; (/syndrom_tb/).
at 1740 ns: Note: byte 173 = 125; (/syndrom_tb/).
at 1750 ns: Note: byte 174 = 12; (/syndrom_tb/).
at 1760 ns: Note: byte 175 = 92; (/syndrom_tb/).
at 1770 ns: Note: byte 176 = 157; (/syndrom_tb/).
at 1780 ns: Note: byte 177 = 8; (/syndrom_tb/).
at 1790 ns: Note: byte 178 = 161; (/syndrom_tb/).
at 1800 ns: Note: byte 179 = 141; (/syndrom_tb/).
at 1810 ns: Note: byte 180 = 53; (/syndrom_tb/).
at 1820 ns: Note: byte 181 = 216; (/syndrom_tb/).
at 1830 ns: Note: byte 182 = 123; (/syndrom_tb/).
at 1840 ns: Note: byte 183 = 220; (/syndrom_tb/).
at 1850 ns: Note: byte 184 = 30; (/syndrom_tb/).
at 1860 ns: Note: byte 185 = 4; (/syndrom_tb/).
at 1870 ns: Note: byte 186 = 148; (/syndrom_tb/).
at 1880 ns: Note: byte 187 = 237; (/syndrom_tb/).
at 1890 ns: Note: byte 188 = 148; (/syndrom_tb/).
at 1900 ns: Note: byte 189 = 196; (/syndrom_tb/).
at 1910 ns: Note: byte 190 = 251; (/syndrom_tb/).
at 1920 ns: Note: byte 191 = 228; (/syndrom_tb/).
at 1930 ns: Note: byte 192 = 186; (/syndrom_tb/).
at 1940 ns: Note: byte 193 = 169; (/syndrom_tb/).
at 1950 ns: Note: byte 194 = 160; (/syndrom_tb/).
at 1960 ns: Note: byte 195 = 21; (/syndrom_tb/).
at 1970 ns: Note: byte 196 = 170; (/syndrom_tb/).
at 1980 ns: Note: byte 197 = 63; (/syndrom_tb/).
at 1990 ns: Note: byte 198 = 150; (/syndrom_tb/).
at 2 us: Note: byte 199 = 189; (/syndrom_tb/).
at 2010 ns: Note: byte 200 = 216; (/syndrom_tb/).
at 2020 ns: Note: byte 201 = 147; (/syndrom_tb/).
at 2030 ns: Note: byte 202 = 230; (/syndrom_tb/).
at 2040 ns: Note: byte 203 = 127; (/syndrom_tb/).
at 2050 ns: Note: byte 204 = 58; (/syndrom_tb/).
at 2060 ns: Note: byte 205 = 205; (/syndrom_tb/).
at 2070 ns: Note: byte 206 = 122; (/syndrom_tb/).
at 2080 ns: Note: byte 207 = 135; (/syndrom_tb/).
at 2090 ns: Note: byte 208 = 253; (/syndrom_tb/).
at 2100 ns: Note: byte 209 = 156; (/syndrom_tb/).
at 2110 ns: Note: byte 210 = 221; (/syndrom_tb/).
at 2120 ns: Note: byte 211 = 0; (/syndrom_tb/).
at 2130 ns: Note: byte 212 = 253; (/syndrom_tb/).
at 2140 ns: Note: byte 213 = 225; (/syndrom_tb/).
at 2150 ns: Note: byte 214 = 208; (/syndrom_tb/).
at 2160 ns: Note: byte 215 = 149; (/syndrom_tb/).
at 2170 ns: Note: byte 216 = 178; (/syndrom_tb/).
at 2180 ns: Note: byte 217 = 237; (/syndrom_tb/).
at 2190 ns: Note: byte 218 = 143; (/syndrom_tb/).
at 2200 ns: Note: byte 219 = 217; (/syndrom_tb/).
at 2210 ns: Note: byte 220 = 14; (/syndrom_tb/).
at 2220 ns: Note: byte 221 = 37; (/syndrom_tb/).
at 2230 ns: Note: byte 222 = 126; (/syndrom_tb/).
at 2240 ns: Note: byte 223 = 48; (/syndrom_tb/).
at 2250 ns: Note: byte 224 = 126; (/syndrom_tb/).
at 2260 ns: Note: byte 225 = 173; (/syndrom_tb/).
at 2270 ns: Note: byte 226 = 34; (/syndrom_tb/).
at 2280 ns: Note: byte 227 = 28; (/syndrom_tb/).
at 2290 ns: Note: byte 228 = 23; (/syndrom_tb/).
at 2300 ns: Note: byte 229 = 136; (/syndrom_tb/).
at 2310 ns: Note: byte 230 = 81; (/syndrom_tb/).
at 2320 ns: Note: byte 231 = 202; (/syndrom_tb/).
at 2330 ns: Note: byte 232 = 211; (/syndrom_tb/).
at 2340 ns: Note: byte 233 = 191; (/syndrom_tb/).
at 2350 ns: Note: byte 234 = 104; (/syndrom_tb/).
at 2360 ns: Note: byte 235 = 51; (/syndrom_tb/).
at 2370 ns: Note: byte 236 = 39; (/syndrom_tb/).
at 2380 ns: Note: byte 237 = 150; (/syndrom_tb/).
at 2390 ns: Note: byte 238 = 226; (/syndrom_tb/).
at 2400 ns: Note: byte 239 = 131; (/syndrom_tb/).
at 2410 ns: Note: byte 240 = 253; (/syndrom_tb/).
at 2420 ns: Note: byte 241 = 220; (/syndrom_tb/).
at 2430 ns: Note: byte 242 = 42; (/syndrom_tb/).
at 2440 ns: Note: byte 243 = 196; (/syndrom_tb/).
at 2450 ns: Note: byte 244 = 213; (/syndrom_tb/).
at 2460 ns: Note: byte 245 = 112; (/syndrom_tb/).
at 2470 ns: Note: byte 246 = 171; (/syndrom_tb/).
at 2480 ns: Note: byte 247 = 83; (/syndrom_tb/).
at 2490 ns: Note: byte 248 = 243; (/syndrom_tb/).
at 2500 ns: Note: byte 249 = 202; (/syndrom_tb/).
at 2510 ns: Note: byte 250 = 55; (/syndrom_tb/).
at 2520 ns: Note: byte 251 = 96; (/syndrom_tb/).
at 2530 ns: Note: byte 252 = 193; (/syndrom_tb/).
at 2540 ns: Note: byte 253 = 206; (/syndrom_tb/).
at 2550 ns: Note: byte 254 = 101; (/syndrom_tb/).
at 2560 ns: Note: byte 255 = 196; (/syndrom_tb/).
at 2570 ns: Error: Textio read:: called on empty string or line
at 2570 ns: Note: byte 256 = 196; (/syndrom_tb/).

** Failure:SImulation Finished
User(VHDL) Code Called Simulation Stop
In process Syndrom_tb.vhd:stim_proc 
 
INFO: Simulator is stopped.
