--------------------------------------------------------------------------------
Release 14.7 Trace  (nt64)
Copyright (c) 1995-2013 Xilinx, Inc.  All rights reserved.

G:\Xilinx\ISE\14.7\ISE_DS\ISE\bin\nt64\unwrapped\trce.exe -intstyle ise -v 3 -s
3 -n 3 -fastpaths -xml Syndrom.twx Syndrom.ncd -o Syndrom.twr Syndrom.pcf

Design file:              Syndrom.ncd
Physical constraint file: Syndrom.pcf
Device,package,speed:     xc6slx45,csg324,C,-3 (PRODUCTION 1.23 2013-10-13)
Report level:             verbose report

Environment Variable      Effect 
--------------------      ------ 
NONE                      No environment variables were set
--------------------------------------------------------------------------------

INFO:Timing:2698 - No timing constraints found, doing default enumeration.
INFO:Timing:3412 - To improve timing, see the Timing Closure User Guide (UG612).
INFO:Timing:2752 - To get complete path coverage, use the unconstrained paths 
   option. All paths that are not constrained will be reported in the 
   unconstrained paths section(s) of the report.
INFO:Timing:3339 - The clock-to-out numbers in this timing report are based on 
   a 50 Ohm transmission line loading model.  For the details of this model, 
   and for more information on accounting for different loading conditions, 
   please see the device datasheet.



Data Sheet report:
-----------------
All values displayed in nanoseconds (ns)

Setup/Hold to clock Clk
------------+------------+------------+------------+------------+------------------+--------+
            |Max Setup to|  Process   |Max Hold to |  Process   |                  | Clock  |
Source      | clk (edge) |   Corner   | clk (edge) |   Corner   |Internal Clock(s) | Phase  |
------------+------------+------------+------------+------------+------------------+--------+
Msg_Rsv<0>  |    9.713(R)|      SLOW  |   -1.114(R)|      FAST  |Clk_BUFGP         |   0.000|
Msg_Rsv<1>  |    9.548(R)|      SLOW  |   -1.117(R)|      FAST  |Clk_BUFGP         |   0.000|
Msg_Rsv<2>  |    9.570(R)|      SLOW  |   -1.272(R)|      FAST  |Clk_BUFGP         |   0.000|
Msg_Rsv<3>  |   10.104(R)|      SLOW  |   -1.249(R)|      FAST  |Clk_BUFGP         |   0.000|
Msg_Rsv<4>  |    9.709(R)|      SLOW  |   -1.409(R)|      FAST  |Clk_BUFGP         |   0.000|
Msg_Rsv<5>  |   10.041(R)|      SLOW  |   -1.547(R)|      FAST  |Clk_BUFGP         |   0.000|
Msg_Rsv<6>  |    9.281(R)|      SLOW  |   -1.418(R)|      FAST  |Clk_BUFGP         |   0.000|
Msg_Rsv<7>  |    8.415(R)|      SLOW  |   -1.147(R)|      FAST  |Clk_BUFGP         |   0.000|
Reset       |   12.246(R)|      SLOW  |   -2.758(R)|      FAST  |Clk_BUFGP         |   0.000|
------------+------------+------------+------------+------------+------------------+--------+

Clock Clk to Pad
------------+-----------------+------------+-----------------+------------+------------------+--------+
            |Max (slowest) clk|  Process   |Min (fastest) clk|  Process   |                  | Clock  |
Destination |  (edge) to PAD  |   Corner   |  (edge) to PAD  |   Corner   |Internal Clock(s) | Phase  |
------------+-----------------+------------+-----------------+------------+------------------+--------+
S1<0>       |         7.750(R)|      SLOW  |         4.180(R)|      FAST  |Clk_BUFGP         |   0.000|
S1<1>       |         8.012(R)|      SLOW  |         4.324(R)|      FAST  |Clk_BUFGP         |   0.000|
S1<2>       |         8.155(R)|      SLOW  |         4.409(R)|      FAST  |Clk_BUFGP         |   0.000|
S1<3>       |         7.751(R)|      SLOW  |         4.142(R)|      FAST  |Clk_BUFGP         |   0.000|
S1<4>       |         7.743(R)|      SLOW  |         4.157(R)|      FAST  |Clk_BUFGP         |   0.000|
S1<5>       |         7.914(R)|      SLOW  |         4.290(R)|      FAST  |Clk_BUFGP         |   0.000|
S1<6>       |         7.487(R)|      SLOW  |         3.998(R)|      FAST  |Clk_BUFGP         |   0.000|
S1<7>       |         7.770(R)|      SLOW  |         4.191(R)|      FAST  |Clk_BUFGP         |   0.000|
S2<0>       |        11.005(R)|      SLOW  |         6.218(R)|      FAST  |Clk_BUFGP         |   0.000|
S2<1>       |        11.268(R)|      SLOW  |         6.343(R)|      FAST  |Clk_BUFGP         |   0.000|
S2<2>       |        11.166(R)|      SLOW  |         6.290(R)|      FAST  |Clk_BUFGP         |   0.000|
S2<3>       |        10.976(R)|      SLOW  |         6.136(R)|      FAST  |Clk_BUFGP         |   0.000|
S2<4>       |        13.067(R)|      SLOW  |         7.523(R)|      FAST  |Clk_BUFGP         |   0.000|
S2<5>       |        11.371(R)|      SLOW  |         6.474(R)|      FAST  |Clk_BUFGP         |   0.000|
S2<6>       |        10.707(R)|      SLOW  |         6.086(R)|      FAST  |Clk_BUFGP         |   0.000|
S2<7>       |        10.782(R)|      SLOW  |         6.081(R)|      FAST  |Clk_BUFGP         |   0.000|
S3<0>       |         9.079(R)|      SLOW  |         5.008(R)|      FAST  |Clk_BUFGP         |   0.000|
S3<1>       |         8.985(R)|      SLOW  |         4.913(R)|      FAST  |Clk_BUFGP         |   0.000|
S3<2>       |         8.612(R)|      SLOW  |         4.688(R)|      FAST  |Clk_BUFGP         |   0.000|
S3<3>       |         9.054(R)|      SLOW  |         4.937(R)|      FAST  |Clk_BUFGP         |   0.000|
S3<4>       |         8.165(R)|      SLOW  |         4.400(R)|      FAST  |Clk_BUFGP         |   0.000|
S3<5>       |         7.928(R)|      SLOW  |         4.248(R)|      FAST  |Clk_BUFGP         |   0.000|
S3<6>       |         7.520(R)|      SLOW  |         4.008(R)|      FAST  |Clk_BUFGP         |   0.000|
S3<7>       |         7.650(R)|      SLOW  |         4.082(R)|      FAST  |Clk_BUFGP         |   0.000|
S4<0>       |        10.274(R)|      SLOW  |         5.765(R)|      FAST  |Clk_BUFGP         |   0.000|
S4<1>       |        10.479(R)|      SLOW  |         5.900(R)|      FAST  |Clk_BUFGP         |   0.000|
S4<2>       |        10.228(R)|      SLOW  |         5.751(R)|      FAST  |Clk_BUFGP         |   0.000|
S4<3>       |        10.668(R)|      SLOW  |         6.014(R)|      FAST  |Clk_BUFGP         |   0.000|
S4<4>       |        10.059(R)|      SLOW  |         5.628(R)|      FAST  |Clk_BUFGP         |   0.000|
S4<5>       |        10.670(R)|      SLOW  |         6.022(R)|      FAST  |Clk_BUFGP         |   0.000|
S4<6>       |        10.043(R)|      SLOW  |         5.637(R)|      FAST  |Clk_BUFGP         |   0.000|
S4<7>       |         9.075(R)|      SLOW  |         5.058(R)|      FAST  |Clk_BUFGP         |   0.000|
S5<0>       |         8.022(R)|      SLOW  |         4.401(R)|      FAST  |Clk_BUFGP         |   0.000|
S5<1>       |         7.933(R)|      SLOW  |         4.337(R)|      FAST  |Clk_BUFGP         |   0.000|
S5<2>       |         7.743(R)|      SLOW  |         4.230(R)|      FAST  |Clk_BUFGP         |   0.000|
S5<3>       |         8.094(R)|      SLOW  |         4.461(R)|      FAST  |Clk_BUFGP         |   0.000|
S5<4>       |         7.927(R)|      SLOW  |         4.331(R)|      FAST  |Clk_BUFGP         |   0.000|
S5<5>       |         7.828(R)|      SLOW  |         4.281(R)|      FAST  |Clk_BUFGP         |   0.000|
S5<6>       |         7.457(R)|      SLOW  |         3.975(R)|      FAST  |Clk_BUFGP         |   0.000|
S5<7>       |         7.614(R)|      SLOW  |         4.077(R)|      FAST  |Clk_BUFGP         |   0.000|
S6<0>       |        10.466(R)|      SLOW  |         5.945(R)|      FAST  |Clk_BUFGP         |   0.000|
S6<1>       |        10.266(R)|      SLOW  |         5.816(R)|      FAST  |Clk_BUFGP         |   0.000|
S6<2>       |        10.647(R)|      SLOW  |         6.090(R)|      FAST  |Clk_BUFGP         |   0.000|
S6<3>       |         8.418(R)|      SLOW  |         4.573(R)|      FAST  |Clk_BUFGP         |   0.000|
S6<4>       |         8.602(R)|      SLOW  |         4.689(R)|      FAST  |Clk_BUFGP         |   0.000|
S6<5>       |         8.566(R)|      SLOW  |         4.670(R)|      FAST  |Clk_BUFGP         |   0.000|
S6<6>       |         8.354(R)|      SLOW  |         4.524(R)|      FAST  |Clk_BUFGP         |   0.000|
S6<7>       |         8.266(R)|      SLOW  |         4.457(R)|      FAST  |Clk_BUFGP         |   0.000|
S7<0>       |        10.849(R)|      SLOW  |         6.085(R)|      FAST  |Clk_BUFGP         |   0.000|
S7<1>       |        11.012(R)|      SLOW  |         6.177(R)|      FAST  |Clk_BUFGP         |   0.000|
S7<2>       |        10.773(R)|      SLOW  |         6.032(R)|      FAST  |Clk_BUFGP         |   0.000|
S7<3>       |        11.093(R)|      SLOW  |         6.260(R)|      FAST  |Clk_BUFGP         |   0.000|
S7<4>       |         9.917(R)|      SLOW  |         5.503(R)|      FAST  |Clk_BUFGP         |   0.000|
S7<5>       |        10.760(R)|      SLOW  |         6.034(R)|      FAST  |Clk_BUFGP         |   0.000|
S7<6>       |         9.256(R)|      SLOW  |         5.076(R)|      FAST  |Clk_BUFGP         |   0.000|
S7<7>       |         9.135(R)|      SLOW  |         5.011(R)|      FAST  |Clk_BUFGP         |   0.000|
S8<0>       |        10.046(R)|      SLOW  |         5.592(R)|      FAST  |Clk_BUFGP         |   0.000|
S8<1>       |         9.925(R)|      SLOW  |         5.492(R)|      FAST  |Clk_BUFGP         |   0.000|
S8<2>       |        10.103(R)|      SLOW  |         5.581(R)|      FAST  |Clk_BUFGP         |   0.000|
S8<3>       |         9.348(R)|      SLOW  |         5.128(R)|      FAST  |Clk_BUFGP         |   0.000|
S8<4>       |         9.704(R)|      SLOW  |         5.345(R)|      FAST  |Clk_BUFGP         |   0.000|
S8<5>       |         9.588(R)|      SLOW  |         5.274(R)|      FAST  |Clk_BUFGP         |   0.000|
S8<6>       |         8.420(R)|      SLOW  |         4.569(R)|      FAST  |Clk_BUFGP         |   0.000|
S8<7>       |         8.377(R)|      SLOW  |         4.577(R)|      FAST  |Clk_BUFGP         |   0.000|
S9<0>       |         8.592(R)|      SLOW  |         4.675(R)|      FAST  |Clk_BUFGP         |   0.000|
S9<1>       |         8.781(R)|      SLOW  |         4.799(R)|      FAST  |Clk_BUFGP         |   0.000|
S9<2>       |         8.542(R)|      SLOW  |         4.631(R)|      FAST  |Clk_BUFGP         |   0.000|
S9<3>       |         8.735(R)|      SLOW  |         4.759(R)|      FAST  |Clk_BUFGP         |   0.000|
S9<4>       |         8.391(R)|      SLOW  |         4.560(R)|      FAST  |Clk_BUFGP         |   0.000|
S9<5>       |         8.553(R)|      SLOW  |         4.636(R)|      FAST  |Clk_BUFGP         |   0.000|
S9<6>       |         7.642(R)|      SLOW  |         4.084(R)|      FAST  |Clk_BUFGP         |   0.000|
S9<7>       |         7.719(R)|      SLOW  |         4.144(R)|      FAST  |Clk_BUFGP         |   0.000|
S10<0>      |         7.947(R)|      SLOW  |         4.315(R)|      FAST  |Clk_BUFGP         |   0.000|
S10<1>      |         8.098(R)|      SLOW  |         4.395(R)|      FAST  |Clk_BUFGP         |   0.000|
S10<2>      |         7.911(R)|      SLOW  |         4.239(R)|      FAST  |Clk_BUFGP         |   0.000|
S10<3>      |         8.049(R)|      SLOW  |         4.319(R)|      FAST  |Clk_BUFGP         |   0.000|
S10<4>      |         8.329(R)|      SLOW  |         4.541(R)|      FAST  |Clk_BUFGP         |   0.000|
S10<5>      |         8.149(R)|      SLOW  |         4.416(R)|      FAST  |Clk_BUFGP         |   0.000|
S10<6>      |         7.922(R)|      SLOW  |         4.263(R)|      FAST  |Clk_BUFGP         |   0.000|
S10<7>      |         8.376(R)|      SLOW  |         4.549(R)|      FAST  |Clk_BUFGP         |   0.000|
S11<0>      |         7.452(R)|      SLOW  |         4.024(R)|      FAST  |Clk_BUFGP         |   0.000|
S11<1>      |         7.428(R)|      SLOW  |         4.000(R)|      FAST  |Clk_BUFGP         |   0.000|
S11<2>      |         7.694(R)|      SLOW  |         4.202(R)|      FAST  |Clk_BUFGP         |   0.000|
S11<3>      |         7.530(R)|      SLOW  |         4.049(R)|      FAST  |Clk_BUFGP         |   0.000|
S11<4>      |         7.693(R)|      SLOW  |         4.174(R)|      FAST  |Clk_BUFGP         |   0.000|
S11<5>      |         7.811(R)|      SLOW  |         4.269(R)|      FAST  |Clk_BUFGP         |   0.000|
S11<6>      |         7.339(R)|      SLOW  |         3.929(R)|      FAST  |Clk_BUFGP         |   0.000|
S11<7>      |         7.619(R)|      SLOW  |         4.120(R)|      FAST  |Clk_BUFGP         |   0.000|
S12<0>      |         8.194(R)|      SLOW  |         4.455(R)|      FAST  |Clk_BUFGP         |   0.000|
S12<1>      |         8.318(R)|      SLOW  |         4.550(R)|      FAST  |Clk_BUFGP         |   0.000|
S12<2>      |         7.925(R)|      SLOW  |         4.253(R)|      FAST  |Clk_BUFGP         |   0.000|
S12<3>      |         8.059(R)|      SLOW  |         4.330(R)|      FAST  |Clk_BUFGP         |   0.000|
S12<4>      |         8.070(R)|      SLOW  |         4.373(R)|      FAST  |Clk_BUFGP         |   0.000|
S12<5>      |         8.061(R)|      SLOW  |         4.371(R)|      FAST  |Clk_BUFGP         |   0.000|
S12<6>      |         8.061(R)|      SLOW  |         4.345(R)|      FAST  |Clk_BUFGP         |   0.000|
S12<7>      |         7.697(R)|      SLOW  |         4.129(R)|      FAST  |Clk_BUFGP         |   0.000|
S13<0>      |         7.574(R)|      SLOW  |         4.116(R)|      FAST  |Clk_BUFGP         |   0.000|
S13<1>      |         7.856(R)|      SLOW  |         4.293(R)|      FAST  |Clk_BUFGP         |   0.000|
S13<2>      |         7.207(R)|      SLOW  |         3.848(R)|      FAST  |Clk_BUFGP         |   0.000|
S13<3>      |         7.767(R)|      SLOW  |         4.192(R)|      FAST  |Clk_BUFGP         |   0.000|
S13<4>      |         7.303(R)|      SLOW  |         3.877(R)|      FAST  |Clk_BUFGP         |   0.000|
S13<5>      |         7.346(R)|      SLOW  |         3.934(R)|      FAST  |Clk_BUFGP         |   0.000|
S13<6>      |         7.222(R)|      SLOW  |         3.822(R)|      FAST  |Clk_BUFGP         |   0.000|
S13<7>      |         7.314(R)|      SLOW  |         3.891(R)|      FAST  |Clk_BUFGP         |   0.000|
S14<0>      |         8.711(R)|      SLOW  |         4.759(R)|      FAST  |Clk_BUFGP         |   0.000|
S14<1>      |         9.503(R)|      SLOW  |         5.246(R)|      FAST  |Clk_BUFGP         |   0.000|
S14<2>      |         9.030(R)|      SLOW  |         4.923(R)|      FAST  |Clk_BUFGP         |   0.000|
S14<3>      |         8.632(R)|      SLOW  |         4.684(R)|      FAST  |Clk_BUFGP         |   0.000|
S14<4>      |         8.816(R)|      SLOW  |         4.798(R)|      FAST  |Clk_BUFGP         |   0.000|
S14<5>      |         8.398(R)|      SLOW  |         4.554(R)|      FAST  |Clk_BUFGP         |   0.000|
S14<6>      |         8.159(R)|      SLOW  |         4.389(R)|      FAST  |Clk_BUFGP         |   0.000|
S14<7>      |         7.995(R)|      SLOW  |         4.255(R)|      FAST  |Clk_BUFGP         |   0.000|
S15<0>      |         7.840(R)|      SLOW  |         4.236(R)|      FAST  |Clk_BUFGP         |   0.000|
S15<1>      |         8.182(R)|      SLOW  |         4.444(R)|      FAST  |Clk_BUFGP         |   0.000|
S15<2>      |         8.141(R)|      SLOW  |         4.415(R)|      FAST  |Clk_BUFGP         |   0.000|
S15<3>      |         8.174(R)|      SLOW  |         4.440(R)|      FAST  |Clk_BUFGP         |   0.000|
S15<4>      |         7.808(R)|      SLOW  |         4.227(R)|      FAST  |Clk_BUFGP         |   0.000|
S15<5>      |         7.955(R)|      SLOW  |         4.315(R)|      FAST  |Clk_BUFGP         |   0.000|
S15<6>      |         7.734(R)|      SLOW  |         4.157(R)|      FAST  |Clk_BUFGP         |   0.000|
S15<7>      |         7.709(R)|      SLOW  |         4.141(R)|      FAST  |Clk_BUFGP         |   0.000|
S16<0>      |         7.655(R)|      SLOW  |         4.126(R)|      FAST  |Clk_BUFGP         |   0.000|
S16<1>      |         7.634(R)|      SLOW  |         4.105(R)|      FAST  |Clk_BUFGP         |   0.000|
S16<2>      |         7.460(R)|      SLOW  |         3.984(R)|      FAST  |Clk_BUFGP         |   0.000|
S16<3>      |         7.667(R)|      SLOW  |         4.104(R)|      FAST  |Clk_BUFGP         |   0.000|
S16<4>      |         7.984(R)|      SLOW  |         4.365(R)|      FAST  |Clk_BUFGP         |   0.000|
S16<5>      |         7.852(R)|      SLOW  |         4.295(R)|      FAST  |Clk_BUFGP         |   0.000|
S16<6>      |         7.741(R)|      SLOW  |         4.236(R)|      FAST  |Clk_BUFGP         |   0.000|
S16<7>      |         7.820(R)|      SLOW  |         4.295(R)|      FAST  |Clk_BUFGP         |   0.000|
------------+-----------------+------------+-----------------+------------+------------------+--------+

Clock to Setup on destination clock Clk
---------------+---------+---------+---------+---------+
               | Src:Rise| Src:Fall| Src:Rise| Src:Fall|
Source Clock   |Dest:Rise|Dest:Rise|Dest:Fall|Dest:Fall|
---------------+---------+---------+---------+---------+
Clk            |    7.025|         |         |         |
---------------+---------+---------+---------+---------+


Analysis completed Sun Aug 01 18:45:40 2021 
--------------------------------------------------------------------------------

Trace Settings:
-------------------------
Trace Settings 

Peak Memory Usage: 4669 MB



