Release 14.7 Map P.20131013 (nt64)
Xilinx Mapping Report File for Design 'error_Magnitude'

Design Information
------------------
Command Line   : map -intstyle ise -p xc6slx45-csg324-3 -w -logic_opt off -ol
high -t 1 -xt 0 -register_duplication off -r 4 -global_opt off -mt off -ir off
-pr off -lc off -power off -o error_Magnitude_map.ncd error_Magnitude.ngd
error_Magnitude.pcf 
Target Device  : xc6slx45
Target Package : csg324
Target Speed   : -3
Mapper Version : spartan6 -- $Revision: 1.55 $
Mapped Date    : Sun May 23 14:58:06 2021

Design Summary
--------------
Number of errors:      0
Number of warnings:    0
Slice Logic Utilization:
  Number of Slice Registers:                   152 out of  54,576    1%
    Number used as Flip Flops:                 152
    Number used as Latches:                      0
    Number used as Latch-thrus:                  0
    Number used as AND/OR logics:                0
  Number of Slice LUTs:                      1,171 out of  27,288    4%
    Number used as logic:                      787 out of  27,288    2%
      Number using O6 output only:             684
      Number using O5 output only:               0
      Number using O5 and O6:                  103
      Number used as ROM:                        0
    Number used as Memory:                     384 out of   6,408    5%
      Number used as Dual Port RAM:            384
        Number using O6 output only:           384
        Number using O5 output only:             0
        Number using O5 and O6:                  0
      Number used as Single Port RAM:            0
      Number used as Shift Register:             0

Slice Logic Distribution:
  Number of occupied Slices:                   415 out of   6,822    6%
  Number of MUXCYs used:                       184 out of  13,644    1%
  Number of LUT Flip Flop pairs used:        1,184
    Number with an unused Flip Flop:         1,032 out of   1,184   87%
    Number with an unused LUT:                  13 out of   1,184    1%
    Number of fully used LUT-FF pairs:         139 out of   1,184   11%
    Number of unique control sets:               5
    Number of slice register sites lost
      to control set restrictions:               8 out of  54,576    1%

  A LUT Flip Flop pair for this architecture represents one LUT paired with
  one Flip Flop within a slice.  A control set is a unique combination of
  clock, reset, set, and enable signals for a registered element.
  The Slice Logic Distribution report is not meaningful if the design is
  over-mapped for a non-slice resource or if Placement fails.

IO Utilization:
  Number of bonded IOBs:                       194 out of     218   88%

Specific Feature Utilization:
  Number of RAMB16BWERs:                         0 out of     116    0%
  Number of RAMB8BWERs:                          0 out of     232    0%
  Number of BUFIO2/BUFIO2_2CLKs:                 0 out of      32    0%
  Number of BUFIO2FB/BUFIO2FB_2CLKs:             0 out of      32    0%
  Number of BUFG/BUFGMUXs:                       1 out of      16    6%
    Number used as BUFGs:                        1
    Number used as BUFGMUX:                      0
  Number of DCM/DCM_CLKGENs:                     0 out of       8    0%
  Number of ILOGIC2/ISERDES2s:                   0 out of     376    0%
  Number of IODELAY2/IODRP2/IODRP2_MCBs:         0 out of     376    0%
  Number of OLOGIC2/OSERDES2s:                   0 out of     376    0%
  Number of BSCANs:                              0 out of       4    0%
  Number of BUFHs:                               0 out of     256    0%
  Number of BUFPLLs:                             0 out of       8    0%
  Number of BUFPLL_MCBs:                         0 out of       4    0%
  Number of DSP48A1s:                            0 out of      58    0%
  Number of ICAPs:                               0 out of       1    0%
  Number of MCBs:                                0 out of       2    0%
  Number of PCILOGICSEs:                         0 out of       2    0%
  Number of PLL_ADVs:                            0 out of       4    0%
  Number of PMVs:                                0 out of       1    0%
  Number of STARTUPs:                            0 out of       1    0%
  Number of SUSPEND_SYNCs:                       0 out of       1    0%

Average Fanout of Non-Clock Nets:                5.44

Peak Memory Usage:  466 MB
Total REAL time to MAP completion:  46 secs 
Total CPU time to MAP completion:   44 secs 

Table of Contents
-----------------
Section 1 - Errors
Section 2 - Warnings
Section 3 - Informational
Section 4 - Removed Logic Summary
Section 5 - Removed Logic
Section 6 - IOB Properties
Section 7 - RPMs
Section 8 - Guide Report
Section 9 - Area Group and Partition Summary
Section 10 - Timing Report
Section 11 - Configuration String Information
Section 12 - Control Set Information
Section 13 - Utilization by Hierarchy

Section 1 - Errors
------------------

Section 2 - Warnings
--------------------

Section 3 - Informational
-------------------------
INFO:MapLib:562 - No environment variables are currently set.
INFO:LIT:244 - All of the single ended outputs in this design are using slew
   rate limited output drivers. The delay on speed critical single ended outputs
   can be dramatically reduced by designating them as fast outputs.
INFO:Pack:1716 - Initializing temperature to 85.000 Celsius. (default - Range:
   0.000 to 85.000 Celsius)
INFO:Pack:1720 - Initializing voltage to 1.140 Volts. (default - Range: 1.140 to
   1.260 Volts)
INFO:Map:215 - The Interim Design Summary has been generated in the MAP Report
   (.mrp).
INFO:Pack:1650 - Map created a placed design.

Section 4 - Removed Logic Summary
---------------------------------
   2 block(s) optimized away

Section 5 - Removed Logic
-------------------------

Optimized Block(s):
TYPE 		BLOCK
GND 		XST_GND
VCC 		XST_VCC

To enable printing of redundant blocks removed and signals merged, set the
detailed map report option and rerun map.

Section 6 - IOB Properties
--------------------------

+---------------------------------------------------------------------------------------------------------------------------------------------------------+
| IOB Name                           | Type             | Direction | IO Standard          | Diff  | Drive    | Slew | Reg (s)      | Resistor | IOB      |
|                                    |                  |           |                      | Term  | Strength | Rate |              |          | Delay    |
+---------------------------------------------------------------------------------------------------------------------------------------------------------+
| Clk                                | IOB              | INPUT     | LVCMOS25             |       |          |      |              |          |          |
| el1<0>                             | IOB              | INPUT     | LVCMOS25             |       |          |      |              |          |          |
| el1<1>                             | IOB              | INPUT     | LVCMOS25             |       |          |      |              |          |          |
| el1<2>                             | IOB              | INPUT     | LVCMOS25             |       |          |      |              |          |          |
| el1<3>                             | IOB              | INPUT     | LVCMOS25             |       |          |      |              |          |          |
| el1<4>                             | IOB              | INPUT     | LVCMOS25             |       |          |      |              |          |          |
| el1<5>                             | IOB              | INPUT     | LVCMOS25             |       |          |      |              |          |          |
| el1<6>                             | IOB              | INPUT     | LVCMOS25             |       |          |      |              |          |          |
| el1<7>                             | IOB              | INPUT     | LVCMOS25             |       |          |      |              |          |          |
| el2<0>                             | IOB              | INPUT     | LVCMOS25             |       |          |      |              |          |          |
| el2<1>                             | IOB              | INPUT     | LVCMOS25             |       |          |      |              |          |          |
| el2<2>                             | IOB              | INPUT     | LVCMOS25             |       |          |      |              |          |          |
| el2<3>                             | IOB              | INPUT     | LVCMOS25             |       |          |      |              |          |          |
| el2<4>                             | IOB              | INPUT     | LVCMOS25             |       |          |      |              |          |          |
| el2<5>                             | IOB              | INPUT     | LVCMOS25             |       |          |      |              |          |          |
| el2<6>                             | IOB              | INPUT     | LVCMOS25             |       |          |      |              |          |          |
| el2<7>                             | IOB              | INPUT     | LVCMOS25             |       |          |      |              |          |          |
| el3<0>                             | IOB              | INPUT     | LVCMOS25             |       |          |      |              |          |          |
| el3<1>                             | IOB              | INPUT     | LVCMOS25             |       |          |      |              |          |          |
| el3<2>                             | IOB              | INPUT     | LVCMOS25             |       |          |      |              |          |          |
| el3<3>                             | IOB              | INPUT     | LVCMOS25             |       |          |      |              |          |          |
| el3<4>                             | IOB              | INPUT     | LVCMOS25             |       |          |      |              |          |          |
| el3<5>                             | IOB              | INPUT     | LVCMOS25             |       |          |      |              |          |          |
| el3<6>                             | IOB              | INPUT     | LVCMOS25             |       |          |      |              |          |          |
| el3<7>                             | IOB              | INPUT     | LVCMOS25             |       |          |      |              |          |          |
| el4<0>                             | IOB              | INPUT     | LVCMOS25             |       |          |      |              |          |          |
| el4<1>                             | IOB              | INPUT     | LVCMOS25             |       |          |      |              |          |          |
| el4<2>                             | IOB              | INPUT     | LVCMOS25             |       |          |      |              |          |          |
| el4<3>                             | IOB              | INPUT     | LVCMOS25             |       |          |      |              |          |          |
| el4<4>                             | IOB              | INPUT     | LVCMOS25             |       |          |      |              |          |          |
| el4<5>                             | IOB              | INPUT     | LVCMOS25             |       |          |      |              |          |          |
| el4<6>                             | IOB              | INPUT     | LVCMOS25             |       |          |      |              |          |          |
| el4<7>                             | IOB              | INPUT     | LVCMOS25             |       |          |      |              |          |          |
| el5<0>                             | IOB              | INPUT     | LVCMOS25             |       |          |      |              |          |          |
| el5<1>                             | IOB              | INPUT     | LVCMOS25             |       |          |      |              |          |          |
| el5<2>                             | IOB              | INPUT     | LVCMOS25             |       |          |      |              |          |          |
| el5<3>                             | IOB              | INPUT     | LVCMOS25             |       |          |      |              |          |          |
| el5<4>                             | IOB              | INPUT     | LVCMOS25             |       |          |      |              |          |          |
| el5<5>                             | IOB              | INPUT     | LVCMOS25             |       |          |      |              |          |          |
| el5<6>                             | IOB              | INPUT     | LVCMOS25             |       |          |      |              |          |          |
| el5<7>                             | IOB              | INPUT     | LVCMOS25             |       |          |      |              |          |          |
| el6<0>                             | IOB              | INPUT     | LVCMOS25             |       |          |      |              |          |          |
| el6<1>                             | IOB              | INPUT     | LVCMOS25             |       |          |      |              |          |          |
| el6<2>                             | IOB              | INPUT     | LVCMOS25             |       |          |      |              |          |          |
| el6<3>                             | IOB              | INPUT     | LVCMOS25             |       |          |      |              |          |          |
| el6<4>                             | IOB              | INPUT     | LVCMOS25             |       |          |      |              |          |          |
| el6<5>                             | IOB              | INPUT     | LVCMOS25             |       |          |      |              |          |          |
| el6<6>                             | IOB              | INPUT     | LVCMOS25             |       |          |      |              |          |          |
| el6<7>                             | IOB              | INPUT     | LVCMOS25             |       |          |      |              |          |          |
| el7<0>                             | IOB              | INPUT     | LVCMOS25             |       |          |      |              |          |          |
| el7<1>                             | IOB              | INPUT     | LVCMOS25             |       |          |      |              |          |          |
| el7<2>                             | IOB              | INPUT     | LVCMOS25             |       |          |      |              |          |          |
| el7<3>                             | IOB              | INPUT     | LVCMOS25             |       |          |      |              |          |          |
| el7<4>                             | IOB              | INPUT     | LVCMOS25             |       |          |      |              |          |          |
| el7<5>                             | IOB              | INPUT     | LVCMOS25             |       |          |      |              |          |          |
| el7<6>                             | IOB              | INPUT     | LVCMOS25             |       |          |      |              |          |          |
| el7<7>                             | IOB              | INPUT     | LVCMOS25             |       |          |      |              |          |          |
| el8<0>                             | IOB              | INPUT     | LVCMOS25             |       |          |      |              |          |          |
| el8<1>                             | IOB              | INPUT     | LVCMOS25             |       |          |      |              |          |          |
| el8<2>                             | IOB              | INPUT     | LVCMOS25             |       |          |      |              |          |          |
| el8<3>                             | IOB              | INPUT     | LVCMOS25             |       |          |      |              |          |          |
| el8<4>                             | IOB              | INPUT     | LVCMOS25             |       |          |      |              |          |          |
| el8<5>                             | IOB              | INPUT     | LVCMOS25             |       |          |      |              |          |          |
| el8<6>                             | IOB              | INPUT     | LVCMOS25             |       |          |      |              |          |          |
| el8<7>                             | IOB              | INPUT     | LVCMOS25             |       |          |      |              |          |          |
| em1<0>                             | IOB              | OUTPUT    | LVCMOS25             |       | 12       | SLOW |              |          |          |
| em1<1>                             | IOB              | OUTPUT    | LVCMOS25             |       | 12       | SLOW |              |          |          |
| em1<2>                             | IOB              | OUTPUT    | LVCMOS25             |       | 12       | SLOW |              |          |          |
| em1<3>                             | IOB              | OUTPUT    | LVCMOS25             |       | 12       | SLOW |              |          |          |
| em1<4>                             | IOB              | OUTPUT    | LVCMOS25             |       | 12       | SLOW |              |          |          |
| em1<5>                             | IOB              | OUTPUT    | LVCMOS25             |       | 12       | SLOW |              |          |          |
| em1<6>                             | IOB              | OUTPUT    | LVCMOS25             |       | 12       | SLOW |              |          |          |
| em1<7>                             | IOB              | OUTPUT    | LVCMOS25             |       | 12       | SLOW |              |          |          |
| em2<0>                             | IOB              | OUTPUT    | LVCMOS25             |       | 12       | SLOW |              |          |          |
| em2<1>                             | IOB              | OUTPUT    | LVCMOS25             |       | 12       | SLOW |              |          |          |
| em2<2>                             | IOB              | OUTPUT    | LVCMOS25             |       | 12       | SLOW |              |          |          |
| em2<3>                             | IOB              | OUTPUT    | LVCMOS25             |       | 12       | SLOW |              |          |          |
| em2<4>                             | IOB              | OUTPUT    | LVCMOS25             |       | 12       | SLOW |              |          |          |
| em2<5>                             | IOB              | OUTPUT    | LVCMOS25             |       | 12       | SLOW |              |          |          |
| em2<6>                             | IOB              | OUTPUT    | LVCMOS25             |       | 12       | SLOW |              |          |          |
| em2<7>                             | IOB              | OUTPUT    | LVCMOS25             |       | 12       | SLOW |              |          |          |
| em3<0>                             | IOB              | OUTPUT    | LVCMOS25             |       | 12       | SLOW |              |          |          |
| em3<1>                             | IOB              | OUTPUT    | LVCMOS25             |       | 12       | SLOW |              |          |          |
| em3<2>                             | IOB              | OUTPUT    | LVCMOS25             |       | 12       | SLOW |              |          |          |
| em3<3>                             | IOB              | OUTPUT    | LVCMOS25             |       | 12       | SLOW |              |          |          |
| em3<4>                             | IOB              | OUTPUT    | LVCMOS25             |       | 12       | SLOW |              |          |          |
| em3<5>                             | IOB              | OUTPUT    | LVCMOS25             |       | 12       | SLOW |              |          |          |
| em3<6>                             | IOB              | OUTPUT    | LVCMOS25             |       | 12       | SLOW |              |          |          |
| em3<7>                             | IOB              | OUTPUT    | LVCMOS25             |       | 12       | SLOW |              |          |          |
| em4<0>                             | IOB              | OUTPUT    | LVCMOS25             |       | 12       | SLOW |              |          |          |
| em4<1>                             | IOB              | OUTPUT    | LVCMOS25             |       | 12       | SLOW |              |          |          |
| em4<2>                             | IOB              | OUTPUT    | LVCMOS25             |       | 12       | SLOW |              |          |          |
| em4<3>                             | IOB              | OUTPUT    | LVCMOS25             |       | 12       | SLOW |              |          |          |
| em4<4>                             | IOB              | OUTPUT    | LVCMOS25             |       | 12       | SLOW |              |          |          |
| em4<5>                             | IOB              | OUTPUT    | LVCMOS25             |       | 12       | SLOW |              |          |          |
| em4<6>                             | IOB              | OUTPUT    | LVCMOS25             |       | 12       | SLOW |              |          |          |
| em4<7>                             | IOB              | OUTPUT    | LVCMOS25             |       | 12       | SLOW |              |          |          |
| em5<0>                             | IOB              | OUTPUT    | LVCMOS25             |       | 12       | SLOW |              |          |          |
| em5<1>                             | IOB              | OUTPUT    | LVCMOS25             |       | 12       | SLOW |              |          |          |
| em5<2>                             | IOB              | OUTPUT    | LVCMOS25             |       | 12       | SLOW |              |          |          |
| em5<3>                             | IOB              | OUTPUT    | LVCMOS25             |       | 12       | SLOW |              |          |          |
| em5<4>                             | IOB              | OUTPUT    | LVCMOS25             |       | 12       | SLOW |              |          |          |
| em5<5>                             | IOB              | OUTPUT    | LVCMOS25             |       | 12       | SLOW |              |          |          |
| em5<6>                             | IOB              | OUTPUT    | LVCMOS25             |       | 12       | SLOW |              |          |          |
| em5<7>                             | IOB              | OUTPUT    | LVCMOS25             |       | 12       | SLOW |              |          |          |
| em6<0>                             | IOB              | OUTPUT    | LVCMOS25             |       | 12       | SLOW |              |          |          |
| em6<1>                             | IOB              | OUTPUT    | LVCMOS25             |       | 12       | SLOW |              |          |          |
| em6<2>                             | IOB              | OUTPUT    | LVCMOS25             |       | 12       | SLOW |              |          |          |
| em6<3>                             | IOB              | OUTPUT    | LVCMOS25             |       | 12       | SLOW |              |          |          |
| em6<4>                             | IOB              | OUTPUT    | LVCMOS25             |       | 12       | SLOW |              |          |          |
| em6<5>                             | IOB              | OUTPUT    | LVCMOS25             |       | 12       | SLOW |              |          |          |
| em6<6>                             | IOB              | OUTPUT    | LVCMOS25             |       | 12       | SLOW |              |          |          |
| em6<7>                             | IOB              | OUTPUT    | LVCMOS25             |       | 12       | SLOW |              |          |          |
| em7<0>                             | IOB              | OUTPUT    | LVCMOS25             |       | 12       | SLOW |              |          |          |
| em7<1>                             | IOB              | OUTPUT    | LVCMOS25             |       | 12       | SLOW |              |          |          |
| em7<2>                             | IOB              | OUTPUT    | LVCMOS25             |       | 12       | SLOW |              |          |          |
| em7<3>                             | IOB              | OUTPUT    | LVCMOS25             |       | 12       | SLOW |              |          |          |
| em7<4>                             | IOB              | OUTPUT    | LVCMOS25             |       | 12       | SLOW |              |          |          |
| em7<5>                             | IOB              | OUTPUT    | LVCMOS25             |       | 12       | SLOW |              |          |          |
| em7<6>                             | IOB              | OUTPUT    | LVCMOS25             |       | 12       | SLOW |              |          |          |
| em7<7>                             | IOB              | OUTPUT    | LVCMOS25             |       | 12       | SLOW |              |          |          |
| em8<0>                             | IOB              | OUTPUT    | LVCMOS25             |       | 12       | SLOW |              |          |          |
| em8<1>                             | IOB              | OUTPUT    | LVCMOS25             |       | 12       | SLOW |              |          |          |
| em8<2>                             | IOB              | OUTPUT    | LVCMOS25             |       | 12       | SLOW |              |          |          |
| em8<3>                             | IOB              | OUTPUT    | LVCMOS25             |       | 12       | SLOW |              |          |          |
| em8<4>                             | IOB              | OUTPUT    | LVCMOS25             |       | 12       | SLOW |              |          |          |
| em8<5>                             | IOB              | OUTPUT    | LVCMOS25             |       | 12       | SLOW |              |          |          |
| em8<6>                             | IOB              | OUTPUT    | LVCMOS25             |       | 12       | SLOW |              |          |          |
| em8<7>                             | IOB              | OUTPUT    | LVCMOS25             |       | 12       | SLOW |              |          |          |
| start                              | IOB              | INPUT     | LVCMOS25             |       |          |      |              |          |          |
| zed1<0>                            | IOB              | INPUT     | LVCMOS25             |       |          |      |              |          |          |
| zed1<1>                            | IOB              | INPUT     | LVCMOS25             |       |          |      |              |          |          |
| zed1<2>                            | IOB              | INPUT     | LVCMOS25             |       |          |      |              |          |          |
| zed1<3>                            | IOB              | INPUT     | LVCMOS25             |       |          |      |              |          |          |
| zed1<4>                            | IOB              | INPUT     | LVCMOS25             |       |          |      |              |          |          |
| zed1<5>                            | IOB              | INPUT     | LVCMOS25             |       |          |      |              |          |          |
| zed1<6>                            | IOB              | INPUT     | LVCMOS25             |       |          |      |              |          |          |
| zed1<7>                            | IOB              | INPUT     | LVCMOS25             |       |          |      |              |          |          |
| zed2<0>                            | IOB              | INPUT     | LVCMOS25             |       |          |      |              |          |          |
| zed2<1>                            | IOB              | INPUT     | LVCMOS25             |       |          |      |              |          |          |
| zed2<2>                            | IOB              | INPUT     | LVCMOS25             |       |          |      |              |          |          |
| zed2<3>                            | IOB              | INPUT     | LVCMOS25             |       |          |      |              |          |          |
| zed2<4>                            | IOB              | INPUT     | LVCMOS25             |       |          |      |              |          |          |
| zed2<5>                            | IOB              | INPUT     | LVCMOS25             |       |          |      |              |          |          |
| zed2<6>                            | IOB              | INPUT     | LVCMOS25             |       |          |      |              |          |          |
| zed2<7>                            | IOB              | INPUT     | LVCMOS25             |       |          |      |              |          |          |
| zed3<0>                            | IOB              | INPUT     | LVCMOS25             |       |          |      |              |          |          |
| zed3<1>                            | IOB              | INPUT     | LVCMOS25             |       |          |      |              |          |          |
| zed3<2>                            | IOB              | INPUT     | LVCMOS25             |       |          |      |              |          |          |
| zed3<3>                            | IOB              | INPUT     | LVCMOS25             |       |          |      |              |          |          |
| zed3<4>                            | IOB              | INPUT     | LVCMOS25             |       |          |      |              |          |          |
| zed3<5>                            | IOB              | INPUT     | LVCMOS25             |       |          |      |              |          |          |
| zed3<6>                            | IOB              | INPUT     | LVCMOS25             |       |          |      |              |          |          |
| zed3<7>                            | IOB              | INPUT     | LVCMOS25             |       |          |      |              |          |          |
| zed4<0>                            | IOB              | INPUT     | LVCMOS25             |       |          |      |              |          |          |
| zed4<1>                            | IOB              | INPUT     | LVCMOS25             |       |          |      |              |          |          |
| zed4<2>                            | IOB              | INPUT     | LVCMOS25             |       |          |      |              |          |          |
| zed4<3>                            | IOB              | INPUT     | LVCMOS25             |       |          |      |              |          |          |
| zed4<4>                            | IOB              | INPUT     | LVCMOS25             |       |          |      |              |          |          |
| zed4<5>                            | IOB              | INPUT     | LVCMOS25             |       |          |      |              |          |          |
| zed4<6>                            | IOB              | INPUT     | LVCMOS25             |       |          |      |              |          |          |
| zed4<7>                            | IOB              | INPUT     | LVCMOS25             |       |          |      |              |          |          |
| zed5<0>                            | IOB              | INPUT     | LVCMOS25             |       |          |      |              |          |          |
| zed5<1>                            | IOB              | INPUT     | LVCMOS25             |       |          |      |              |          |          |
| zed5<2>                            | IOB              | INPUT     | LVCMOS25             |       |          |      |              |          |          |
| zed5<3>                            | IOB              | INPUT     | LVCMOS25             |       |          |      |              |          |          |
| zed5<4>                            | IOB              | INPUT     | LVCMOS25             |       |          |      |              |          |          |
| zed5<5>                            | IOB              | INPUT     | LVCMOS25             |       |          |      |              |          |          |
| zed5<6>                            | IOB              | INPUT     | LVCMOS25             |       |          |      |              |          |          |
| zed5<7>                            | IOB              | INPUT     | LVCMOS25             |       |          |      |              |          |          |
| zed6<0>                            | IOB              | INPUT     | LVCMOS25             |       |          |      |              |          |          |
| zed6<1>                            | IOB              | INPUT     | LVCMOS25             |       |          |      |              |          |          |
| zed6<2>                            | IOB              | INPUT     | LVCMOS25             |       |          |      |              |          |          |
| zed6<3>                            | IOB              | INPUT     | LVCMOS25             |       |          |      |              |          |          |
| zed6<4>                            | IOB              | INPUT     | LVCMOS25             |       |          |      |              |          |          |
| zed6<5>                            | IOB              | INPUT     | LVCMOS25             |       |          |      |              |          |          |
| zed6<6>                            | IOB              | INPUT     | LVCMOS25             |       |          |      |              |          |          |
| zed6<7>                            | IOB              | INPUT     | LVCMOS25             |       |          |      |              |          |          |
| zed7<0>                            | IOB              | INPUT     | LVCMOS25             |       |          |      |              |          |          |
| zed7<1>                            | IOB              | INPUT     | LVCMOS25             |       |          |      |              |          |          |
| zed7<2>                            | IOB              | INPUT     | LVCMOS25             |       |          |      |              |          |          |
| zed7<3>                            | IOB              | INPUT     | LVCMOS25             |       |          |      |              |          |          |
| zed7<4>                            | IOB              | INPUT     | LVCMOS25             |       |          |      |              |          |          |
| zed7<5>                            | IOB              | INPUT     | LVCMOS25             |       |          |      |              |          |          |
| zed7<6>                            | IOB              | INPUT     | LVCMOS25             |       |          |      |              |          |          |
| zed7<7>                            | IOB              | INPUT     | LVCMOS25             |       |          |      |              |          |          |
| zed8<0>                            | IOB              | INPUT     | LVCMOS25             |       |          |      |              |          |          |
| zed8<1>                            | IOB              | INPUT     | LVCMOS25             |       |          |      |              |          |          |
| zed8<2>                            | IOB              | INPUT     | LVCMOS25             |       |          |      |              |          |          |
| zed8<3>                            | IOB              | INPUT     | LVCMOS25             |       |          |      |              |          |          |
| zed8<4>                            | IOB              | INPUT     | LVCMOS25             |       |          |      |              |          |          |
| zed8<5>                            | IOB              | INPUT     | LVCMOS25             |       |          |      |              |          |          |
| zed8<6>                            | IOB              | INPUT     | LVCMOS25             |       |          |      |              |          |          |
| zed8<7>                            | IOB              | INPUT     | LVCMOS25             |       |          |      |              |          |          |
+---------------------------------------------------------------------------------------------------------------------------------------------------------+

Section 7 - RPMs
----------------

Section 8 - Guide Report
------------------------
Guide not run on this design.

Section 9 - Area Group and Partition Summary
--------------------------------------------

Partition Implementation Status
-------------------------------

  No Partitions were found in this design.

-------------------------------

Area Group Information
----------------------

  No area groups were found in this design.

----------------------

Section 10 - Timing Report
--------------------------
A logic-level (pre-route) timing report can be generated by using Xilinx static
timing analysis tools, Timing Analyzer (GUI) or TRCE (command line), with the
mapped NCD and PCF files. Please note that this timing report will be generated
using estimated delay information. For accurate numbers, please generate a
timing report with the post Place and Route NCD file.

For more information about the Timing Analyzer, consult the Xilinx Timing
Analyzer Reference Manual; for more information about TRCE, consult the Xilinx
Command Line Tools User Guide "TRACE" chapter.

Section 11 - Configuration String Details
-----------------------------------------
Use the "-detail" map option to print out Configuration Strings

Section 12 - Control Set Information
------------------------------------
Use the "-detail" map option to print out Control Set Information.

Section 13 - Utilization by Hierarchy
-------------------------------------
Use the "-detail" map option to print out the Utilization by Hierarchy section.
