--------------------------------------------------------------------------------
Release 14.7 Trace  (nt64)
Copyright (c) 1995-2013 Xilinx, Inc.  All rights reserved.

E:\software.engineer\ISE\14.7\ISE_DS\ISE\bin\nt64\unwrapped\trce.exe -intstyle
ise -v 3 -s 3 -n 3 -fastpaths -xml Syndrome_Calculator.twx
Syndrome_Calculator.ncd -o Syndrome_Calculator.twr Syndrome_Calculator.pcf

Design file:              Syndrome_Calculator.ncd
Physical constraint file: Syndrome_Calculator.pcf
Device,package,speed:     xc6slx45,csg324,C,-3 (PRODUCTION 1.23 2013-10-13)
Report level:             verbose report

Environment Variable      Effect 
--------------------      ------ 
NONE                      No environment variables were set
--------------------------------------------------------------------------------

INFO:Timing:2698 - No timing constraints found, doing default enumeration.
INFO:Timing:3412 - To improve timing, see the Timing Closure User Guide (UG612).
INFO:Timing:2752 - To get complete path coverage, use the unconstrained paths 
   option. All paths that are not constrained will be reported in the 
   unconstrained paths section(s) of the report.
INFO:Timing:3339 - The clock-to-out numbers in this timing report are based on 
   a 50 Ohm transmission line loading model.  For the details of this model, 
   and for more information on accounting for different loading conditions, 
   please see the device datasheet.



Data Sheet report:
-----------------
All values displayed in nanoseconds (ns)

Setup/Hold to clock Clk
------------+------------+------------+------------+------------+------------------+--------+
            |Max Setup to|  Process   |Max Hold to |  Process   |                  | Clock  |
Source      | clk (edge) |   Corner   | clk (edge) |   Corner   |Internal Clock(s) | Phase  |
------------+------------+------------+------------+------------+------------------+--------+
CS          |   10.096(R)|      SLOW  |   -1.764(R)|      FAST  |Clk_BUFGP         |   0.000|
Msg_Rsv<0>  |   18.148(R)|      SLOW  |   -1.655(R)|      FAST  |Clk_BUFGP         |   0.000|
Msg_Rsv<1>  |   20.114(R)|      SLOW  |   -1.723(R)|      FAST  |Clk_BUFGP         |   0.000|
Msg_Rsv<2>  |   16.765(R)|      SLOW  |   -1.663(R)|      FAST  |Clk_BUFGP         |   0.000|
Msg_Rsv<3>  |   25.006(R)|      SLOW  |   -1.300(R)|      FAST  |Clk_BUFGP         |   0.000|
Msg_Rsv<4>  |   22.676(R)|      SLOW  |   -1.202(R)|      FAST  |Clk_BUFGP         |   0.000|
Msg_Rsv<5>  |   22.291(R)|      SLOW  |   -1.061(R)|      FAST  |Clk_BUFGP         |   0.000|
Msg_Rsv<6>  |   19.575(R)|      SLOW  |   -0.372(R)|      SLOW  |Clk_BUFGP         |   0.000|
Msg_Rsv<7>  |   19.953(R)|      SLOW  |   -0.220(R)|      SLOW  |Clk_BUFGP         |   0.000|
Reset       |   10.387(R)|      SLOW  |   -2.104(R)|      FAST  |Clk_BUFGP         |   0.000|
------------+------------+------------+------------+------------+------------------+--------+

Clock Clk to Pad
------------+-----------------+------------+-----------------+------------+------------------+--------+
            |Max (slowest) clk|  Process   |Min (fastest) clk|  Process   |                  | Clock  |
Destination |  (edge) to PAD  |   Corner   |  (edge) to PAD  |   Corner   |Internal Clock(s) | Phase  |
------------+-----------------+------------+-----------------+------------+------------------+--------+
S_1<0>      |        19.173(R)|      SLOW  |         6.804(R)|      FAST  |Clk_BUFGP         |   0.000|
S_1<1>      |        19.173(R)|      SLOW  |         6.975(R)|      FAST  |Clk_BUFGP         |   0.000|
S_1<2>      |        19.472(R)|      SLOW  |         7.024(R)|      FAST  |Clk_BUFGP         |   0.000|
S_1<3>      |        19.474(R)|      SLOW  |         6.947(R)|      FAST  |Clk_BUFGP         |   0.000|
S_1<4>      |        11.780(R)|      SLOW  |         5.172(R)|      FAST  |Clk_BUFGP         |   0.000|
S_1<5>      |        11.441(R)|      SLOW  |         4.934(R)|      FAST  |Clk_BUFGP         |   0.000|
S_1<6>      |        10.260(R)|      SLOW  |         5.026(R)|      FAST  |Clk_BUFGP         |   0.000|
S_1<7>      |        10.086(R)|      SLOW  |         4.956(R)|      FAST  |Clk_BUFGP         |   0.000|
S_2<0>      |        15.827(R)|      SLOW  |         6.021(R)|      FAST  |Clk_BUFGP         |   0.000|
S_2<1>      |        15.827(R)|      SLOW  |         5.868(R)|      FAST  |Clk_BUFGP         |   0.000|
S_2<2>      |        15.694(R)|      SLOW  |         5.647(R)|      FAST  |Clk_BUFGP         |   0.000|
S_2<3>      |        15.694(R)|      SLOW  |         5.628(R)|      FAST  |Clk_BUFGP         |   0.000|
S_2<4>      |        16.226(R)|      SLOW  |         5.825(R)|      FAST  |Clk_BUFGP         |   0.000|
S_2<5>      |        16.161(R)|      SLOW  |         6.012(R)|      FAST  |Clk_BUFGP         |   0.000|
S_2<6>      |        16.663(R)|      SLOW  |         6.050(R)|      FAST  |Clk_BUFGP         |   0.000|
S_2<7>      |        16.663(R)|      SLOW  |         6.027(R)|      FAST  |Clk_BUFGP         |   0.000|
S_3<0>      |        12.168(R)|      SLOW  |         4.588(R)|      FAST  |Clk_BUFGP         |   0.000|
S_3<1>      |        11.420(R)|      SLOW  |         4.672(R)|      FAST  |Clk_BUFGP         |   0.000|
S_3<2>      |        11.764(R)|      SLOW  |         4.805(R)|      FAST  |Clk_BUFGP         |   0.000|
S_3<3>      |        11.966(R)|      SLOW  |         4.402(R)|      FAST  |Clk_BUFGP         |   0.000|
S_3<4>      |        11.966(R)|      SLOW  |         4.490(R)|      FAST  |Clk_BUFGP         |   0.000|
S_3<5>      |        11.248(R)|      SLOW  |         4.782(R)|      FAST  |Clk_BUFGP         |   0.000|
S_3<6>      |        11.592(R)|      SLOW  |         4.494(R)|      FAST  |Clk_BUFGP         |   0.000|
S_3<7>      |        11.592(R)|      SLOW  |         4.469(R)|      FAST  |Clk_BUFGP         |   0.000|
S_4<0>      |        10.721(R)|      SLOW  |         4.790(R)|      FAST  |Clk_BUFGP         |   0.000|
S_4<1>      |        11.067(R)|      SLOW  |         4.783(R)|      FAST  |Clk_BUFGP         |   0.000|
S_4<2>      |        11.151(R)|      SLOW  |         4.672(R)|      FAST  |Clk_BUFGP         |   0.000|
S_4<3>      |        11.222(R)|      SLOW  |         4.672(R)|      FAST  |Clk_BUFGP         |   0.000|
S_4<4>      |        10.869(R)|      SLOW  |         4.785(R)|      FAST  |Clk_BUFGP         |   0.000|
S_4<5>      |        10.879(R)|      SLOW  |         4.785(R)|      FAST  |Clk_BUFGP         |   0.000|
S_4<6>      |        11.237(R)|      SLOW  |         5.008(R)|      FAST  |Clk_BUFGP         |   0.000|
S_4<7>      |        11.260(R)|      SLOW  |         5.256(R)|      FAST  |Clk_BUFGP         |   0.000|
S_5<0>      |        17.212(R)|      SLOW  |         4.847(R)|      FAST  |Clk_BUFGP         |   0.000|
S_5<1>      |        17.212(R)|      SLOW  |         4.857(R)|      FAST  |Clk_BUFGP         |   0.000|
S_5<2>      |        17.014(R)|      SLOW  |         4.662(R)|      FAST  |Clk_BUFGP         |   0.000|
S_5<3>      |        16.958(R)|      SLOW  |         4.772(R)|      FAST  |Clk_BUFGP         |   0.000|
S_5<4>      |        17.935(R)|      SLOW  |         4.342(R)|      FAST  |Clk_BUFGP         |   0.000|
S_5<5>      |        17.663(R)|      SLOW  |         4.367(R)|      FAST  |Clk_BUFGP         |   0.000|
S_5<6>      |        17.950(R)|      SLOW  |         4.171(R)|      FAST  |Clk_BUFGP         |   0.000|
S_5<7>      |        17.924(R)|      SLOW  |         4.333(R)|      FAST  |Clk_BUFGP         |   0.000|
S_6<0>      |         9.892(R)|      SLOW  |         4.415(R)|      FAST  |Clk_BUFGP         |   0.000|
S_6<1>      |         9.892(R)|      SLOW  |         4.133(R)|      FAST  |Clk_BUFGP         |   0.000|
S_6<2>      |         9.720(R)|      SLOW  |         4.267(R)|      FAST  |Clk_BUFGP         |   0.000|
S_6<3>      |         9.720(R)|      SLOW  |         4.258(R)|      FAST  |Clk_BUFGP         |   0.000|
S_6<4>      |         9.547(R)|      SLOW  |         4.368(R)|      FAST  |Clk_BUFGP         |   0.000|
S_6<5>      |         9.547(R)|      SLOW  |         4.477(R)|      FAST  |Clk_BUFGP         |   0.000|
S_6<6>      |         9.375(R)|      SLOW  |         4.446(R)|      FAST  |Clk_BUFGP         |   0.000|
S_6<7>      |         9.375(R)|      SLOW  |         4.378(R)|      FAST  |Clk_BUFGP         |   0.000|
S_7<0>      |        18.036(R)|      SLOW  |         4.699(R)|      FAST  |Clk_BUFGP         |   0.000|
S_7<1>      |        18.036(R)|      SLOW  |         4.652(R)|      FAST  |Clk_BUFGP         |   0.000|
S_7<2>      |        18.010(R)|      SLOW  |         4.357(R)|      FAST  |Clk_BUFGP         |   0.000|
S_7<3>      |        18.010(R)|      SLOW  |         4.464(R)|      FAST  |Clk_BUFGP         |   0.000|
S_7<4>      |        17.739(R)|      SLOW  |         4.446(R)|      FAST  |Clk_BUFGP         |   0.000|
S_7<5>      |        17.739(R)|      SLOW  |         4.436(R)|      FAST  |Clk_BUFGP         |   0.000|
S_7<6>      |        17.210(R)|      SLOW  |         4.192(R)|      FAST  |Clk_BUFGP         |   0.000|
S_7<7>      |        17.210(R)|      SLOW  |         4.184(R)|      FAST  |Clk_BUFGP         |   0.000|
S_8<0>      |        16.793(R)|      SLOW  |         4.712(R)|      FAST  |Clk_BUFGP         |   0.000|
S_8<1>      |        16.793(R)|      SLOW  |         4.483(R)|      FAST  |Clk_BUFGP         |   0.000|
S_8<2>      |        16.327(R)|      SLOW  |         4.415(R)|      FAST  |Clk_BUFGP         |   0.000|
S_8<3>      |        16.327(R)|      SLOW  |         4.398(R)|      FAST  |Clk_BUFGP         |   0.000|
S_8<4>      |        16.549(R)|      SLOW  |         4.606(R)|      FAST  |Clk_BUFGP         |   0.000|
S_8<5>      |        16.549(R)|      SLOW  |         4.394(R)|      FAST  |Clk_BUFGP         |   0.000|
S_8<6>      |        16.255(R)|      SLOW  |         4.500(R)|      FAST  |Clk_BUFGP         |   0.000|
S_8<7>      |        16.255(R)|      SLOW  |         4.466(R)|      FAST  |Clk_BUFGP         |   0.000|
S_9<0>      |        11.556(R)|      SLOW  |         4.448(R)|      FAST  |Clk_BUFGP         |   0.000|
S_9<1>      |        11.194(R)|      SLOW  |         4.452(R)|      FAST  |Clk_BUFGP         |   0.000|
S_9<2>      |        12.106(R)|      SLOW  |         3.759(R)|      FAST  |Clk_BUFGP         |   0.000|
S_9<3>      |        11.934(R)|      SLOW  |         3.834(R)|      FAST  |Clk_BUFGP         |   0.000|
S_9<4>      |        12.106(R)|      SLOW  |         4.189(R)|      FAST  |Clk_BUFGP         |   0.000|
S_9<5>      |        11.556(R)|      SLOW  |         4.073(R)|      FAST  |Clk_BUFGP         |   0.000|
S_9<6>      |        18.251(R)|      SLOW  |         4.662(R)|      FAST  |Clk_BUFGP         |   0.000|
S_9<7>      |        11.934(R)|      SLOW  |         3.850(R)|      FAST  |Clk_BUFGP         |   0.000|
S_10<0>     |        10.103(R)|      SLOW  |         4.569(R)|      FAST  |Clk_BUFGP         |   0.000|
S_10<1>     |        11.806(R)|      SLOW  |         5.339(R)|      FAST  |Clk_BUFGP         |   0.000|
S_10<2>     |        10.444(R)|      SLOW  |         4.939(R)|      FAST  |Clk_BUFGP         |   0.000|
S_10<3>     |        10.878(R)|      SLOW  |         4.969(R)|      FAST  |Clk_BUFGP         |   0.000|
S_10<4>     |        11.234(R)|      SLOW  |         5.020(R)|      FAST  |Clk_BUFGP         |   0.000|
S_10<5>     |         9.727(R)|      SLOW  |         4.509(R)|      FAST  |Clk_BUFGP         |   0.000|
S_10<6>     |         9.483(R)|      SLOW  |         4.612(R)|      FAST  |Clk_BUFGP         |   0.000|
S_10<7>     |         9.728(R)|      SLOW  |         4.743(R)|      FAST  |Clk_BUFGP         |   0.000|
S_11<0>     |        11.154(R)|      SLOW  |         4.144(R)|      FAST  |Clk_BUFGP         |   0.000|
S_11<1>     |        10.982(R)|      SLOW  |         4.440(R)|      FAST  |Clk_BUFGP         |   0.000|
S_11<2>     |        10.982(R)|      SLOW  |         4.253(R)|      FAST  |Clk_BUFGP         |   0.000|
S_11<3>     |        11.154(R)|      SLOW  |         4.134(R)|      FAST  |Clk_BUFGP         |   0.000|
S_11<4>     |        11.702(R)|      SLOW  |         3.876(R)|      FAST  |Clk_BUFGP         |   0.000|
S_11<5>     |        11.702(R)|      SLOW  |         4.184(R)|      FAST  |Clk_BUFGP         |   0.000|
S_11<6>     |        11.329(R)|      SLOW  |         3.976(R)|      FAST  |Clk_BUFGP         |   0.000|
S_11<7>     |        11.329(R)|      SLOW  |         4.172(R)|      FAST  |Clk_BUFGP         |   0.000|
S_12<0>     |        10.111(R)|      SLOW  |         4.736(R)|      FAST  |Clk_BUFGP         |   0.000|
S_12<1>     |        10.472(R)|      SLOW  |         4.728(R)|      FAST  |Clk_BUFGP         |   0.000|
S_12<2>     |         9.748(R)|      SLOW  |         4.492(R)|      FAST  |Clk_BUFGP         |   0.000|
S_12<3>     |        10.833(R)|      SLOW  |         4.908(R)|      FAST  |Clk_BUFGP         |   0.000|
S_12<4>     |        10.110(R)|      SLOW  |         4.527(R)|      FAST  |Clk_BUFGP         |   0.000|
S_12<5>     |        10.833(R)|      SLOW  |         4.582(R)|      FAST  |Clk_BUFGP         |   0.000|
S_12<6>     |        10.471(R)|      SLOW  |         4.690(R)|      FAST  |Clk_BUFGP         |   0.000|
S_12<7>     |         9.360(R)|      SLOW  |         4.384(R)|      FAST  |Clk_BUFGP         |   0.000|
S_13<0>     |        17.289(R)|      SLOW  |         5.544(R)|      FAST  |Clk_BUFGP         |   0.000|
S_13<1>     |        17.226(R)|      SLOW  |         5.417(R)|      FAST  |Clk_BUFGP         |   0.000|
S_13<2>     |        17.725(R)|      SLOW  |         4.985(R)|      FAST  |Clk_BUFGP         |   0.000|
S_13<3>     |        17.725(R)|      SLOW  |         4.979(R)|      FAST  |Clk_BUFGP         |   0.000|
S_13<4>     |        19.189(R)|      SLOW  |         5.215(R)|      FAST  |Clk_BUFGP         |   0.000|
S_13<5>     |        19.189(R)|      SLOW  |         5.349(R)|      FAST  |Clk_BUFGP         |   0.000|
S_13<6>     |        19.451(R)|      SLOW  |         5.191(R)|      FAST  |Clk_BUFGP         |   0.000|
S_13<7>     |        19.451(R)|      SLOW  |         5.398(R)|      FAST  |Clk_BUFGP         |   0.000|
S_14<0>     |        16.297(R)|      SLOW  |         5.597(R)|      FAST  |Clk_BUFGP         |   0.000|
S_14<1>     |        16.697(R)|      SLOW  |         4.672(R)|      FAST  |Clk_BUFGP         |   0.000|
S_14<2>     |        16.495(R)|      SLOW  |         4.747(R)|      FAST  |Clk_BUFGP         |   0.000|
S_14<3>     |        16.954(R)|      SLOW  |         4.726(R)|      FAST  |Clk_BUFGP         |   0.000|
S_14<4>     |        16.734(R)|      SLOW  |         5.047(R)|      FAST  |Clk_BUFGP         |   0.000|
S_14<5>     |        16.670(R)|      SLOW  |         5.220(R)|      FAST  |Clk_BUFGP         |   0.000|
S_14<6>     |        17.018(R)|      SLOW  |         4.806(R)|      FAST  |Clk_BUFGP         |   0.000|
S_14<7>     |        16.945(R)|      SLOW  |         4.906(R)|      FAST  |Clk_BUFGP         |   0.000|
S_15<0>     |        11.194(R)|      SLOW  |         4.520(R)|      FAST  |Clk_BUFGP         |   0.000|
S_15<1>     |        18.251(R)|      SLOW  |         5.846(R)|      FAST  |Clk_BUFGP         |   0.000|
S_15<2>     |        19.362(R)|      SLOW  |         5.893(R)|      FAST  |Clk_BUFGP         |   0.000|
S_15<3>     |        19.362(R)|      SLOW  |         5.808(R)|      FAST  |Clk_BUFGP         |   0.000|
S_15<4>     |        19.138(R)|      SLOW  |         5.699(R)|      FAST  |Clk_BUFGP         |   0.000|
S_15<5>     |        19.138(R)|      SLOW  |         5.653(R)|      FAST  |Clk_BUFGP         |   0.000|
S_15<6>     |        11.975(R)|      SLOW  |         4.790(R)|      FAST  |Clk_BUFGP         |   0.000|
S_15<7>     |        11.975(R)|      SLOW  |         4.764(R)|      FAST  |Clk_BUFGP         |   0.000|
S_16<0>     |        14.307(R)|      SLOW  |         5.084(R)|      FAST  |Clk_BUFGP         |   0.000|
S_16<1>     |        12.369(R)|      SLOW  |         4.604(R)|      FAST  |Clk_BUFGP         |   0.000|
S_16<2>     |        14.307(R)|      SLOW  |         4.784(R)|      FAST  |Clk_BUFGP         |   0.000|
S_16<3>     |        11.248(R)|      SLOW  |         4.900(R)|      FAST  |Clk_BUFGP         |   0.000|
S_16<4>     |        10.239(R)|      SLOW  |         5.183(R)|      FAST  |Clk_BUFGP         |   0.000|
S_16<5>     |        12.168(R)|      SLOW  |         4.658(R)|      FAST  |Clk_BUFGP         |   0.000|
S_16<6>     |        12.369(R)|      SLOW  |         4.662(R)|      FAST  |Clk_BUFGP         |   0.000|
S_16<7>     |        10.064(R)|      SLOW  |         5.447(R)|      FAST  |Clk_BUFGP         |   0.000|
------------+-----------------+------------+-----------------+------------+------------------+--------+

Clock to Setup on destination clock Clk
---------------+---------+---------+---------+---------+
               | Src:Rise| Src:Fall| Src:Rise| Src:Fall|
Source Clock   |Dest:Rise|Dest:Rise|Dest:Fall|Dest:Fall|
---------------+---------+---------+---------+---------+
Clk            |   13.917|         |         |         |
---------------+---------+---------+---------+---------+


Analysis completed Sun Apr 11 07:12:25 2021 
--------------------------------------------------------------------------------

Trace Settings:
-------------------------
Trace Settings 

Peak Memory Usage: 383 MB



